<?xml version="1.0" encoding="UTF-8"?>
<coverage generated="1596734863328" clover="3.2.0">
  <project timestamp="1596734863329" name="All files">
    <metrics statements="377" coveredstatements="216" conditionals="141" coveredconditionals="57" methods="88" coveredmethods="49" elements="606" coveredelements="322" complexity="0" loc="377" ncloc="377" packages="4" files="15" classes="15"/>
    <package name="client">
      <metrics statements="237" coveredstatements="101" conditionals="115" coveredconditionals="42" methods="60" coveredmethods="26"/>
      <file name="auction_bid.jsx" path="B:\OneDrive\Documents\Skole\4.semester\Webutvikling og API design\kontExam\src\client\auction_bid.jsx">
        <metrics statements="14" coveredstatements="6" conditionals="20" coveredconditionals="8" methods="4" coveredmethods="2"/>
        <line num="9" count="1" type="stmt"/>
        <line num="11" count="1" type="stmt"/>
        <line num="21" count="1" type="cond" truecount="1" falsecount="1"/>
        <line num="26" count="1" type="stmt"/>
        <line num="27" count="0" type="stmt"/>
        <line num="29" count="0" type="cond" truecount="0" falsecount="2"/>
        <line num="30" count="0" type="stmt"/>
        <line num="40" count="0" type="cond" truecount="0" falsecount="2"/>
        <line num="41" count="0" type="stmt"/>
        <line num="43" count="0" type="stmt"/>
        <line num="46" count="0" type="stmt"/>
        <line num="51" count="1" type="stmt"/>
        <line num="52" count="0" type="stmt"/>
        <line num="59" count="1" type="stmt"/>
      </file>
      <file name="auction_item.jsx" path="B:\OneDrive\Documents\Skole\4.semester\Webutvikling og API design\kontExam\src\client\auction_item.jsx">
        <metrics statements="16" coveredstatements="0" conditionals="16" coveredconditionals="0" methods="6" coveredmethods="0"/>
        <line num="8" count="0" type="stmt"/>
        <line num="10" count="0" type="stmt"/>
        <line num="19" count="0" type="cond" truecount="0" falsecount="2"/>
        <line num="24" count="0" type="stmt"/>
        <line num="25" count="0" type="stmt"/>
        <line num="27" count="0" type="stmt"/>
        <line num="36" count="0" type="cond" truecount="0" falsecount="2"/>
        <line num="37" count="0" type="stmt"/>
        <line num="39" count="0" type="stmt"/>
        <line num="44" count="0" type="stmt"/>
        <line num="45" count="0" type="stmt"/>
        <line num="48" count="0" type="stmt"/>
        <line num="49" count="0" type="stmt"/>
        <line num="52" count="0" type="stmt"/>
        <line num="53" count="0" type="stmt"/>
        <line num="59" count="0" type="stmt"/>
      </file>
      <file name="auctions.jsx" path="B:\OneDrive\Documents\Skole\4.semester\Webutvikling og API design\kontExam\src\client\auctions.jsx">
        <metrics statements="47" coveredstatements="20" conditionals="27" coveredconditionals="13" methods="9" coveredmethods="5"/>
        <line num="14" count="2" type="stmt"/>
        <line num="16" count="2" type="stmt"/>
        <line num="24" count="2" type="cond" truecount="1" falsecount="1"/>
        <line num="25" count="0" type="stmt"/>
        <line num="28" count="2" type="stmt"/>
        <line num="32" count="2" type="stmt"/>
        <line num="37" count="2" type="stmt"/>
        <line num="38" count="2" type="stmt"/>
        <line num="39" count="2" type="stmt"/>
        <line num="41" count="0" type="stmt"/>
        <line num="45" count="0" type="stmt"/>
        <line num="48" count="2" type="cond" truecount="1" falsecount="1"/>
        <line num="49" count="2" type="stmt"/>
        <line num="54" count="0" type="stmt"/>
        <line num="62" count="2" type="stmt"/>
        <line num="63" count="0" type="stmt"/>
        <line num="67" count="0" type="stmt"/>
        <line num="68" count="0" type="stmt"/>
        <line num="70" count="0" type="stmt"/>
        <line num="71" count="0" type="stmt"/>
        <line num="74" count="0" type="cond" truecount="0" falsecount="2"/>
        <line num="75" count="0" type="stmt"/>
        <line num="76" count="0" type="stmt"/>
        <line num="79" count="0" type="stmt"/>
        <line num="81" count="0" type="stmt"/>
        <line num="84" count="2" type="stmt"/>
        <line num="85" count="0" type="stmt"/>
        <line num="86" count="0" type="cond" truecount="0" falsecount="2"/>
        <line num="87" count="0" type="stmt"/>
        <line num="89" count="0" type="stmt"/>
        <line num="91" count="0" type="stmt"/>
        <line num="95" count="0" type="stmt"/>
        <line num="96" count="0" type="stmt"/>
        <line num="104" count="0" type="stmt"/>
        <line num="107" count="0" type="stmt"/>
        <line num="110" count="0" type="stmt"/>
        <line num="117" count="4" type="stmt"/>
        <line num="118" count="4" type="cond" truecount="2" falsecount="0"/>
        <line num="124" count="4" type="cond" truecount="1" falsecount="1"/>
        <line num="125" count="0" type="stmt"/>
        <line num="126" count="4" type="cond" truecount="4" falsecount="0"/>
        <line num="127" count="2" type="stmt"/>
        <line num="129" count="2" type="stmt"/>
        <line num="143" count="4" type="stmt"/>
        <line num="163" count="0" type="stmt"/>
        <line num="164" count="0" type="stmt"/>
        <line num="185" count="4" type="stmt"/>
      </file>
      <file name="bid.jsx" path="B:\OneDrive\Documents\Skole\4.semester\Webutvikling og API design\kontExam\src\client\bid.jsx">
        <metrics statements="32" coveredstatements="0" conditionals="16" coveredconditionals="0" methods="5" coveredmethods="0"/>
        <line num="9" count="0" type="stmt"/>
        <line num="12" count="0" type="stmt"/>
        <line num="17" count="0" type="stmt"/>
        <line num="19" count="0" type="cond" truecount="0" falsecount="2"/>
        <line num="20" count="0" type="stmt"/>
        <line num="26" count="0" type="cond" truecount="0" falsecount="2"/>
        <line num="27" count="0" type="stmt"/>
        <line num="30" count="0" type="cond" truecount="0" falsecount="2"/>
        <line num="31" count="0" type="stmt"/>
        <line num="37" count="0" type="stmt"/>
        <line num="42" count="0" type="stmt"/>
        <line num="43" count="0" type="stmt"/>
        <line num="44" count="0" type="stmt"/>
        <line num="46" count="0" type="stmt"/>
        <line num="50" count="0" type="stmt"/>
        <line num="53" count="0" type="cond" truecount="0" falsecount="2"/>
        <line num="54" count="0" type="stmt"/>
        <line num="59" count="0" type="stmt"/>
        <line num="68" count="0" type="stmt"/>
        <line num="69" count="0" type="stmt"/>
        <line num="71" count="0" type="stmt"/>
        <line num="75" count="0" type="stmt"/>
        <line num="76" count="0" type="stmt"/>
        <line num="84" count="0" type="stmt"/>
        <line num="87" count="0" type="stmt"/>
        <line num="92" count="0" type="stmt"/>
        <line num="93" count="0" type="cond" truecount="0" falsecount="2"/>
        <line num="95" count="0" type="cond" truecount="0" falsecount="2"/>
        <line num="96" count="0" type="stmt"/>
        <line num="103" count="0" type="cond" truecount="0" falsecount="2"/>
        <line num="104" count="0" type="stmt"/>
        <line num="111" count="0" type="stmt"/>
      </file>
      <file name="create.jsx" path="B:\OneDrive\Documents\Skole\4.semester\Webutvikling og API design\kontExam\src\client\create.jsx">
        <metrics statements="13" coveredstatements="0" conditionals="6" coveredconditionals="0" methods="4" coveredmethods="0"/>
        <line num="11" count="0" type="stmt"/>
        <line num="15" count="0" type="cond" truecount="0" falsecount="2"/>
        <line num="16" count="0" type="stmt"/>
        <line num="20" count="0" type="stmt"/>
        <line num="21" count="0" type="stmt"/>
        <line num="23" count="0" type="stmt"/>
        <line num="27" count="0" type="stmt"/>
        <line num="28" count="0" type="stmt"/>
        <line num="36" count="0" type="stmt"/>
        <line num="39" count="0" type="stmt"/>
        <line num="44" count="0" type="stmt"/>
        <line num="45" count="0" type="cond" truecount="0" falsecount="2"/>
        <line num="47" count="0" type="stmt"/>
      </file>
      <file name="headerbar.jsx" path="B:\OneDrive\Documents\Skole\4.semester\Webutvikling og API design\kontExam\src\client\headerbar.jsx">
        <metrics statements="19" coveredstatements="15" conditionals="4" coveredconditionals="3" methods="5" coveredmethods="5"/>
        <line num="8" count="3" type="stmt"/>
        <line num="11" count="3" type="stmt"/>
        <line num="12" count="1" type="stmt"/>
        <line num="16" count="1" type="stmt"/>
        <line num="17" count="1" type="stmt"/>
        <line num="19" count="0" type="stmt"/>
        <line num="20" count="0" type="stmt"/>
        <line num="23" count="1" type="cond" truecount="1" falsecount="1"/>
        <line num="24" count="0" type="stmt"/>
        <line num="25" count="0" type="stmt"/>
        <line num="28" count="1" type="stmt"/>
        <line num="29" count="1" type="stmt"/>
        <line num="33" count="2" type="stmt"/>
        <line num="47" count="1" type="stmt"/>
        <line num="63" count="3" type="stmt"/>
        <line num="66" count="3" type="cond" truecount="2" falsecount="0"/>
        <line num="67" count="1" type="stmt"/>
        <line num="69" count="2" type="stmt"/>
        <line num="72" count="3" type="stmt"/>
      </file>
      <file name="home.jsx" path="B:\OneDrive\Documents\Skole\4.semester\Webutvikling og API design\kontExam\src\client\home.jsx">
        <metrics statements="6" coveredstatements="6" conditionals="4" coveredconditionals="4" methods="3" coveredmethods="3"/>
        <line num="8" count="2" type="stmt"/>
        <line num="10" count="2" type="stmt"/>
        <line num="16" count="2" type="cond" truecount="2" falsecount="0"/>
        <line num="17" count="1" type="stmt"/>
        <line num="26" count="2" type="stmt"/>
        <line num="28" count="2" type="stmt"/>
      </file>
      <file name="index.jsx" path="B:\OneDrive\Documents\Skole\4.semester\Webutvikling og API design\kontExam\src\client\index.jsx">
        <metrics statements="28" coveredstatements="0" conditionals="6" coveredconditionals="0" methods="13" coveredmethods="0"/>
        <line num="18" count="0" type="stmt"/>
        <line num="20" count="0" type="stmt"/>
        <line num="26" count="0" type="stmt"/>
        <line num="31" count="0" type="stmt"/>
        <line num="35" count="0" type="stmt"/>
        <line num="37" count="0" type="stmt"/>
        <line num="41" count="0" type="stmt"/>
        <line num="42" count="0" type="stmt"/>
        <line num="46" count="0" type="stmt"/>
        <line num="47" count="0" type="stmt"/>
        <line num="50" count="0" type="cond" truecount="0" falsecount="2"/>
        <line num="52" count="0" type="stmt"/>
        <line num="53" count="0" type="stmt"/>
        <line num="56" count="0" type="cond" truecount="0" falsecount="2"/>
        <line num="59" count="0" type="stmt"/>
        <line num="60" count="0" type="stmt"/>
        <line num="64" count="0" type="stmt"/>
        <line num="65" count="0" type="stmt"/>
        <line num="69" count="0" type="stmt"/>
        <line num="80" count="0" type="cond" truecount="0" falsecount="2"/>
        <line num="82" count="0" type="stmt"/>
        <line num="89" count="0" type="stmt"/>
        <line num="91" count="0" type="stmt"/>
        <line num="95" count="0" type="stmt"/>
        <line num="102" count="0" type="stmt"/>
        <line num="106" count="0" type="stmt"/>
        <line num="111" count="0" type="stmt"/>
        <line num="124" count="0" type="stmt"/>
      </file>
      <file name="login.jsx" path="B:\OneDrive\Documents\Skole\4.semester\Webutvikling og API design\kontExam\src\client\login.jsx">
        <metrics statements="27" coveredstatements="23" conditionals="6" coveredconditionals="5" methods="5" coveredmethods="5"/>
        <line num="10" count="2" type="stmt"/>
        <line num="12" count="2" type="stmt"/>
        <line num="19" count="2" type="stmt"/>
        <line num="20" count="2" type="stmt"/>
        <line num="23" count="2" type="stmt"/>
        <line num="24" count="2" type="stmt"/>
        <line num="27" count="2" type="stmt"/>
        <line num="28" count="2" type="stmt"/>
        <line num="30" count="2" type="stmt"/>
        <line num="32" count="2" type="stmt"/>
        <line num="36" count="2" type="stmt"/>
        <line num="37" count="2" type="stmt"/>
        <line num="45" count="0" type="stmt"/>
        <line num="46" count="0" type="stmt"/>
        <line num="50" count="2" type="cond" truecount="2" falsecount="0"/>
        <line num="51" count="1" type="stmt"/>
        <line num="52" count="1" type="stmt"/>
        <line num="55" count="1" type="cond" truecount="1" falsecount="1"/>
        <line num="56" count="0" type="stmt"/>
        <line num="57" count="0" type="stmt"/>
        <line num="60" count="1" type="stmt"/>
        <line num="61" count="1" type="stmt"/>
        <line num="62" count="1" type="stmt"/>
        <line num="68" count="8" type="stmt"/>
        <line num="69" count="8" type="cond" truecount="2" falsecount="0"/>
        <line num="70" count="1" type="stmt"/>
        <line num="74" count="8" type="stmt"/>
      </file>
      <file name="signup.jsx" path="B:\OneDrive\Documents\Skole\4.semester\Webutvikling og API design\kontExam\src\client\signup.jsx">
        <metrics statements="35" coveredstatements="31" conditionals="10" coveredconditionals="9" methods="6" coveredmethods="6"/>
        <line num="8" count="3" type="stmt"/>
        <line num="10" count="3" type="stmt"/>
        <line num="18" count="3" type="stmt"/>
        <line num="19" count="3" type="stmt"/>
        <line num="22" count="3" type="stmt"/>
        <line num="23" count="3" type="stmt"/>
        <line num="26" count="3" type="stmt"/>
        <line num="27" count="3" type="stmt"/>
        <line num="30" count="3" type="stmt"/>
        <line num="32" count="3" type="stmt"/>
        <line num="34" count="3" type="cond" truecount="2" falsecount="0"/>
        <line num="35" count="1" type="stmt"/>
        <line num="36" count="1" type="stmt"/>
        <line num="39" count="2" type="stmt"/>
        <line num="41" count="2" type="stmt"/>
        <line num="45" count="2" type="stmt"/>
        <line num="46" count="2" type="stmt"/>
        <line num="54" count="0" type="stmt"/>
        <line num="55" count="0" type="stmt"/>
        <line num="59" count="2" type="cond" truecount="2" falsecount="0"/>
        <line num="60" count="1" type="stmt"/>
        <line num="61" count="1" type="stmt"/>
        <line num="64" count="1" type="cond" truecount="1" falsecount="1"/>
        <line num="65" count="0" type="stmt"/>
        <line num="66" count="0" type="stmt"/>
        <line num="69" count="1" type="stmt"/>
        <line num="70" count="1" type="stmt"/>
        <line num="71" count="1" type="stmt"/>
        <line num="76" count="15" type="stmt"/>
        <line num="77" count="15" type="cond" truecount="2" falsecount="0"/>
        <line num="78" count="2" type="stmt"/>
        <line num="81" count="15" type="stmt"/>
        <line num="82" count="15" type="cond" truecount="2" falsecount="0"/>
        <line num="83" count="5" type="stmt"/>
        <line num="86" count="15" type="stmt"/>
      </file>
    </package>
    <package name="server">
      <metrics statements="80" coveredstatements="60" conditionals="14" coveredconditionals="6" methods="12" coveredmethods="8"/>
      <file name="app.js" path="B:\OneDrive\Documents\Skole\4.semester\Webutvikling og API design\kontExam\src\server\app.js">
        <metrics statements="74" coveredstatements="60" conditionals="12" coveredconditionals="6" methods="11" coveredmethods="8"/>
        <line num="4" count="6" type="stmt"/>
        <line num="5" count="6" type="stmt"/>
        <line num="6" count="6" type="stmt"/>
        <line num="7" count="6" type="stmt"/>
        <line num="8" count="6" type="stmt"/>
        <line num="9" count="6" type="stmt"/>
        <line num="10" count="6" type="stmt"/>
        <line num="11" count="6" type="stmt"/>
        <line num="12" count="6" type="stmt"/>
        <line num="13" count="6" type="stmt"/>
        <line num="14" count="6" type="stmt"/>
        <line num="16" count="6" type="stmt"/>
        <line num="17" count="6" type="stmt"/>
        <line num="23" count="6" type="stmt"/>
        <line num="24" count="6" type="stmt"/>
        <line num="25" count="6" type="stmt"/>
        <line num="26" count="6" type="stmt"/>
        <line num="31" count="6" type="stmt"/>
        <line num="35" count="6" type="stmt"/>
        <line num="36" count="0" type="stmt"/>
        <line num="41" count="6" type="stmt"/>
        <line num="43" count="8" type="stmt"/>
        <line num="46" count="6" type="stmt"/>
        <line num="47" count="4" type="stmt"/>
        <line num="49" count="4" type="cond" truecount="2" falsecount="0"/>
        <line num="50" count="1" type="stmt"/>
        <line num="51" count="1" type="stmt"/>
        <line num="53" count="3" type="stmt"/>
        <line num="58" count="6" type="stmt"/>
        <line num="59" count="3" type="stmt"/>
        <line num="60" count="3" type="cond" truecount="1" falsecount="1"/>
        <line num="61" count="3" type="stmt"/>
        <line num="63" count="0" type="stmt"/>
        <line num="66" count="3" type="stmt"/>
        <line num="69" count="6" type="stmt"/>
        <line num="71" count="1" type="stmt"/>
        <line num="73" count="1" type="stmt"/>
        <line num="74" count="1" type="stmt"/>
        <line num="75" count="1" type="stmt"/>
        <line num="76" count="1" type="stmt"/>
        <line num="80" count="6" type="stmt"/>
        <line num="81" count="0" type="cond" truecount="0" falsecount="2"/>
        <line num="82" count="0" type="stmt"/>
        <line num="83" count="0" type="stmt"/>
        <line num="84" count="0" type="stmt"/>
        <line num="87" count="0" type="stmt"/>
        <line num="89" count="0" type="cond" truecount="0" falsecount="2"/>
        <line num="90" count="0" type="stmt"/>
        <line num="92" count="0" type="stmt"/>
        <line num="95" count="0" type="stmt"/>
        <line num="98" count="6" type="stmt"/>
        <line num="99" count="0" type="stmt"/>
        <line num="100" count="0" type="stmt"/>
        <line num="104" count="6" type="stmt"/>
        <line num="112" count="6" type="stmt"/>
        <line num="115" count="6" type="stmt"/>
        <line num="122" count="14" type="stmt"/>
        <line num="124" count="14" type="cond" truecount="2" falsecount="0"/>
        <line num="125" count="2" type="stmt"/>
        <line num="128" count="12" type="stmt"/>
        <line num="129" count="12" type="stmt"/>
        <line num="134" count="6" type="stmt"/>
        <line num="135" count="12" type="stmt"/>
        <line num="138" count="6" type="stmt"/>
        <line num="140" count="8" type="stmt"/>
        <line num="142" count="8" type="cond" truecount="1" falsecount="1"/>
        <line num="143" count="8" type="stmt"/>
        <line num="145" count="0" type="stmt"/>
        <line num="149" count="6" type="stmt"/>
        <line num="150" count="6" type="stmt"/>
        <line num="154" count="6" type="stmt"/>
        <line num="157" count="6" type="stmt"/>
        <line num="158" count="2" type="stmt"/>
        <line num="161" count="6" type="stmt"/>
      </file>
      <file name="server.js" path="B:\OneDrive\Documents\Skole\4.semester\Webutvikling og API design\kontExam\src\server\server.js">
        <metrics statements="6" coveredstatements="0" conditionals="2" coveredconditionals="0" methods="1" coveredmethods="0"/>
        <line num="3" count="0" type="stmt"/>
        <line num="4" count="0" type="stmt"/>
        <line num="6" count="0" type="cond" truecount="0" falsecount="2"/>
        <line num="8" count="0" type="stmt"/>
        <line num="9" count="0" type="stmt"/>
        <line num="10" count="0" type="stmt"/>
      </file>
    </package>
    <package name="server.db">
      <metrics statements="35" coveredstatements="31" conditionals="6" coveredconditionals="4" methods="10" coveredmethods="9"/>
      <file name="auctions.js" path="B:\OneDrive\Documents\Skole\4.semester\Webutvikling og API design\kontExam\src\server\db\auctions.js">
        <metrics statements="20" coveredstatements="16" conditionals="2" coveredconditionals="0" methods="6" coveredmethods="5"/>
        <line num="4" count="6" type="stmt"/>
        <line num="9" count="6" type="stmt"/>
        <line num="10" count="6" type="stmt"/>
        <line num="12" count="6" type="stmt"/>
        <line num="13" count="6" type="stmt"/>
        <line num="14" count="6" type="stmt"/>
        <line num="18" count="6" type="stmt"/>
        <line num="21" count="19" type="stmt"/>
        <line num="22" count="19" type="stmt"/>
        <line num="24" count="19" type="stmt"/>
        <line num="34" count="19" type="stmt"/>
        <line num="35" count="19" type="stmt"/>
        <line num="39" count="3" type="stmt"/>
        <line num="43" count="4" type="stmt"/>
        <line num="47" count="9" type="stmt"/>
        <line num="51" count="0" type="cond" truecount="0" falsecount="2"/>
        <line num="52" count="0" type="stmt"/>
        <line num="55" count="0" type="stmt"/>
        <line num="56" count="0" type="stmt"/>
        <line num="59" count="6" type="stmt"/>
      </file>
      <file name="users.js" path="B:\OneDrive\Documents\Skole\4.semester\Webutvikling og API design\kontExam\src\server\db\users.js">
        <metrics statements="15" coveredstatements="15" conditionals="4" coveredconditionals="4" methods="4" coveredmethods="4"/>
        <line num="3" count="6" type="stmt"/>
        <line num="9" count="73" type="stmt"/>
        <line num="15" count="14" type="stmt"/>
        <line num="17" count="14" type="cond" truecount="2" falsecount="0"/>
        <line num="18" count="2" type="stmt"/>
        <line num="21" count="12" type="stmt"/>
        <line num="24" count="6" type="stmt"/>
        <line num="28" count="37" type="cond" truecount="2" falsecount="0"/>
        <line num="29" count="2" type="stmt"/>
        <line num="32" count="35" type="stmt"/>
        <line num="37" count="35" type="stmt"/>
        <line num="40" count="35" type="stmt"/>
        <line num="41" count="35" type="stmt"/>
        <line num="46" count="14" type="stmt"/>
        <line num="53" count="6" type="stmt"/>
      </file>
    </package>
    <package name="server.routes">
      <metrics statements="25" coveredstatements="24" conditionals="6" coveredconditionals="5" methods="6" coveredmethods="6"/>
      <file name="auth-api.js" path="B:\OneDrive\Documents\Skole\4.semester\Webutvikling og API design\kontExam\src\server\routes\auth-api.js">
        <metrics statements="25" coveredstatements="24" conditionals="6" coveredconditionals="5" methods="6" coveredmethods="6"/>
        <line num="3" count="6" type="stmt"/>
        <line num="4" count="6" type="stmt"/>
        <line num="5" count="6" type="stmt"/>
        <line num="7" count="6" type="stmt"/>
        <line num="9" count="6" type="stmt"/>
        <line num="11" count="3" type="stmt"/>
        <line num="14" count="6" type="stmt"/>
        <line num="16" count="11" type="stmt"/>
        <line num="18" count="11" type="cond" truecount="2" falsecount="0"/>
        <line num="19" count="2" type="stmt"/>
        <line num="20" count="2" type="stmt"/>
        <line num="23" count="9" type="stmt"/>
        <line num="24" count="9" type="stmt"/>
        <line num="25" count="9" type="cond" truecount="1" falsecount="1"/>
        <line num="27" count="0" type="stmt"/>
        <line num="29" count="9" type="stmt"/>
        <line num="35" count="6" type="stmt"/>
        <line num="37" count="3" type="stmt"/>
        <line num="38" count="3" type="stmt"/>
        <line num="42" count="6" type="stmt"/>
        <line num="44" count="9" type="cond" truecount="2" falsecount="0"/>
        <line num="45" count="4" type="stmt"/>
        <line num="46" count="4" type="stmt"/>
        <line num="49" count="5" type="stmt"/>
        <line num="61" count="6" type="stmt"/>
      </file>
    </package>
  </project>
</coverage>
