{"B:\\OneDrive\\Documents\\Skole\\4.semester\\Webutvikling og API design\\kontExam\\src\\client\\auction_bid.jsx": {"path":"B:\\OneDrive\\Documents\\Skole\\4.semester\\Webutvikling og API design\\kontExam\\src\\client\\auction_bid.jsx","statementMap":{"0":{"start":{"line":9,"column":8},"end":{"line":9,"column":21}},"1":{"start":{"line":11,"column":8},"end":{"line":19,"column":10}},"2":{"start":{"line":21,"column":8},"end":{"line":21,"column":55}},"3":{"start":{"line":26,"column":19},"end":{"line":48,"column":5}},"4":{"start":{"line":27,"column":8},"end":{"line":27,"column":31}},"5":{"start":{"line":29,"column":8},"end":{"line":47,"column":9}},"6":{"start":{"line":30,"column":30},"end":{"line":38,"column":13}},"7":{"start":{"line":40,"column":12},"end":{"line":44,"column":13}},"8":{"start":{"line":41,"column":16},"end":{"line":41,"column":53}},"9":{"start":{"line":43,"column":16},"end":{"line":43,"column":38}},"10":{"start":{"line":46,"column":12},"end":{"line":46,"column":36}},"11":{"start":{"line":51,"column":20},"end":{"line":53,"column":5}},"12":{"start":{"line":52,"column":8},"end":{"line":52,"column":55}},"13":{"start":{"line":59,"column":8},"end":{"line":84,"column":9}}},"fnMap":{"0":{"name":"(anonymous_0)","decl":{"start":{"line":8,"column":4},"end":{"line":8,"column":5}},"loc":{"start":{"line":8,"column":23},"end":{"line":22,"column":5}},"line":8},"1":{"name":"(anonymous_1)","decl":{"start":{"line":26,"column":19},"end":{"line":26,"column":20}},"loc":{"start":{"line":26,"column":36},"end":{"line":48,"column":5}},"line":26},"2":{"name":"(anonymous_2)","decl":{"start":{"line":51,"column":20},"end":{"line":51,"column":21}},"loc":{"start":{"line":51,"column":31},"end":{"line":53,"column":5}},"line":51},"3":{"name":"(anonymous_3)","decl":{"start":{"line":56,"column":4},"end":{"line":56,"column":5}},"loc":{"start":{"line":56,"column":13},"end":{"line":85,"column":5}},"line":56}},"branchMap":{"0":{"loc":{"start":{"line":12,"column":18},"end":{"line":12,"column":65}},"type":"cond-expr","locations":[{"start":{"line":12,"column":36},"end":{"line":12,"column":51}},{"start":{"line":12,"column":54},"end":{"line":12,"column":65}}],"line":12},"1":{"loc":{"start":{"line":13,"column":25},"end":{"line":13,"column":86}},"type":"cond-expr","locations":[{"start":{"line":13,"column":50},"end":{"line":13,"column":72}},{"start":{"line":13,"column":75},"end":{"line":13,"column":86}}],"line":13},"2":{"loc":{"start":{"line":14,"column":19},"end":{"line":14,"column":68}},"type":"cond-expr","locations":[{"start":{"line":14,"column":38},"end":{"line":14,"column":54}},{"start":{"line":14,"column":57},"end":{"line":14,"column":68}}],"line":14},"3":{"loc":{"start":{"line":15,"column":23},"end":{"line":15,"column":80}},"type":"cond-expr","locations":[{"start":{"line":15,"column":46},"end":{"line":15,"column":66}},{"start":{"line":15,"column":69},"end":{"line":15,"column":80}}],"line":15},"4":{"loc":{"start":{"line":16,"column":24},"end":{"line":16,"column":83}},"type":"cond-expr","locations":[{"start":{"line":16,"column":48},"end":{"line":16,"column":69}},{"start":{"line":16,"column":72},"end":{"line":16,"column":83}}],"line":16},"5":{"loc":{"start":{"line":17,"column":20},"end":{"line":17,"column":77}},"type":"cond-expr","locations":[{"start":{"line":17,"column":40},"end":{"line":17,"column":57}},{"start":{"line":17,"column":60},"end":{"line":17,"column":77}}],"line":17},"6":{"loc":{"start":{"line":18,"column":23},"end":{"line":18,"column":80}},"type":"cond-expr","locations":[{"start":{"line":18,"column":46},"end":{"line":18,"column":66}},{"start":{"line":18,"column":69},"end":{"line":18,"column":80}}],"line":18},"7":{"loc":{"start":{"line":21,"column":18},"end":{"line":21,"column":54}},"type":"cond-expr","locations":[{"start":{"line":21,"column":34},"end":{"line":21,"column":47}},{"start":{"line":21,"column":50},"end":{"line":21,"column":54}}],"line":21},"8":{"loc":{"start":{"line":29,"column":8},"end":{"line":47,"column":9}},"type":"if","locations":[{"start":{"line":29,"column":8},"end":{"line":47,"column":9}},{"start":{"line":29,"column":8},"end":{"line":47,"column":9}}],"line":29},"9":{"loc":{"start":{"line":40,"column":12},"end":{"line":44,"column":13}},"type":"if","locations":[{"start":{"line":40,"column":12},"end":{"line":44,"column":13}},{"start":{"line":40,"column":12},"end":{"line":44,"column":13}}],"line":40}},"s":{"0":1,"1":1,"2":1,"3":1,"4":0,"5":0,"6":0,"7":0,"8":0,"9":0,"10":0,"11":1,"12":0,"13":1},"f":{"0":1,"1":0,"2":0,"3":1},"b":{"0":[0,1],"1":[0,1],"2":[0,1],"3":[0,1],"4":[0,1],"5":[0,1],"6":[0,1],"7":[0,1],"8":[0,0],"9":[0,0]},"_coverageSchema":"43e27e138ebf9cfc5966b082cf9a028302ed4184","hash":"b17de4b46412c9c20614cd0672d6b0861f023a12"}
,"B:\\OneDrive\\Documents\\Skole\\4.semester\\Webutvikling og API design\\kontExam\\src\\client\\auction_item.jsx": {"path":"B:\\OneDrive\\Documents\\Skole\\4.semester\\Webutvikling og API design\\kontExam\\src\\client\\auction_item.jsx","statementMap":{"0":{"start":{"line":8,"column":8},"end":{"line":8,"column":21}},"1":{"start":{"line":10,"column":8},"end":{"line":17,"column":10}},"2":{"start":{"line":19,"column":8},"end":{"line":19,"column":55}},"3":{"start":{"line":24,"column":19},"end":{"line":41,"column":5}},"4":{"start":{"line":25,"column":8},"end":{"line":25,"column":31}},"5":{"start":{"line":27,"column":26},"end":{"line":34,"column":9}},"6":{"start":{"line":36,"column":8},"end":{"line":40,"column":9}},"7":{"start":{"line":37,"column":12},"end":{"line":37,"column":49}},"8":{"start":{"line":39,"column":12},"end":{"line":39,"column":49}},"9":{"start":{"line":44,"column":19},"end":{"line":46,"column":5}},"10":{"start":{"line":45,"column":8},"end":{"line":45,"column":49}},"11":{"start":{"line":48,"column":26},"end":{"line":50,"column":5}},"12":{"start":{"line":49,"column":8},"end":{"line":49,"column":56}},"13":{"start":{"line":52,"column":20},"end":{"line":54,"column":5}},"14":{"start":{"line":53,"column":8},"end":{"line":53,"column":50}},"15":{"start":{"line":59,"column":8},"end":{"line":99,"column":9}}},"fnMap":{"0":{"name":"(anonymous_0)","decl":{"start":{"line":7,"column":4},"end":{"line":7,"column":5}},"loc":{"start":{"line":7,"column":23},"end":{"line":20,"column":5}},"line":7},"1":{"name":"(anonymous_1)","decl":{"start":{"line":24,"column":19},"end":{"line":24,"column":20}},"loc":{"start":{"line":24,"column":36},"end":{"line":41,"column":5}},"line":24},"2":{"name":"(anonymous_2)","decl":{"start":{"line":44,"column":19},"end":{"line":44,"column":20}},"loc":{"start":{"line":44,"column":30},"end":{"line":46,"column":5}},"line":44},"3":{"name":"(anonymous_3)","decl":{"start":{"line":48,"column":26},"end":{"line":48,"column":27}},"loc":{"start":{"line":48,"column":37},"end":{"line":50,"column":5}},"line":48},"4":{"name":"(anonymous_4)","decl":{"start":{"line":52,"column":20},"end":{"line":52,"column":21}},"loc":{"start":{"line":52,"column":31},"end":{"line":54,"column":5}},"line":52},"5":{"name":"(anonymous_5)","decl":{"start":{"line":57,"column":4},"end":{"line":57,"column":5}},"loc":{"start":{"line":57,"column":13},"end":{"line":100,"column":5}},"line":57}},"branchMap":{"0":{"loc":{"start":{"line":11,"column":18},"end":{"line":11,"column":56}},"type":"cond-expr","locations":[{"start":{"line":11,"column":36},"end":{"line":11,"column":51}},{"start":{"line":11,"column":54},"end":{"line":11,"column":56}}],"line":11},"1":{"loc":{"start":{"line":12,"column":25},"end":{"line":12,"column":77}},"type":"cond-expr","locations":[{"start":{"line":12,"column":50},"end":{"line":12,"column":72}},{"start":{"line":12,"column":75},"end":{"line":12,"column":77}}],"line":12},"2":{"loc":{"start":{"line":13,"column":19},"end":{"line":13,"column":58}},"type":"cond-expr","locations":[{"start":{"line":13,"column":38},"end":{"line":13,"column":54}},{"start":{"line":13,"column":57},"end":{"line":13,"column":58}}],"line":13},"3":{"loc":{"start":{"line":14,"column":24},"end":{"line":14,"column":73}},"type":"cond-expr","locations":[{"start":{"line":14,"column":48},"end":{"line":14,"column":69}},{"start":{"line":14,"column":72},"end":{"line":14,"column":73}}],"line":14},"4":{"loc":{"start":{"line":15,"column":23},"end":{"line":15,"column":73}},"type":"cond-expr","locations":[{"start":{"line":15,"column":46},"end":{"line":15,"column":66}},{"start":{"line":15,"column":69},"end":{"line":15,"column":73}}],"line":15},"5":{"loc":{"start":{"line":16,"column":20},"end":{"line":16,"column":72}},"type":"cond-expr","locations":[{"start":{"line":16,"column":45},"end":{"line":16,"column":67}},{"start":{"line":16,"column":70},"end":{"line":16,"column":72}}],"line":16},"6":{"loc":{"start":{"line":19,"column":18},"end":{"line":19,"column":54}},"type":"cond-expr","locations":[{"start":{"line":19,"column":34},"end":{"line":19,"column":47}},{"start":{"line":19,"column":50},"end":{"line":19,"column":54}}],"line":19},"7":{"loc":{"start":{"line":36,"column":8},"end":{"line":40,"column":9}},"type":"if","locations":[{"start":{"line":36,"column":8},"end":{"line":40,"column":9}},{"start":{"line":36,"column":8},"end":{"line":40,"column":9}}],"line":36}},"s":{"0":0,"1":0,"2":0,"3":0,"4":0,"5":0,"6":0,"7":0,"8":0,"9":0,"10":0,"11":0,"12":0,"13":0,"14":0,"15":0},"f":{"0":0,"1":0,"2":0,"3":0,"4":0,"5":0},"b":{"0":[0,0],"1":[0,0],"2":[0,0],"3":[0,0],"4":[0,0],"5":[0,0],"6":[0,0],"7":[0,0]},"hash":"1a76ac4874f028d8150703f489990493e7918786"}
,"B:\\OneDrive\\Documents\\Skole\\4.semester\\Webutvikling og API design\\kontExam\\src\\client\\auctions.jsx": {"path":"B:\\OneDrive\\Documents\\Skole\\4.semester\\Webutvikling og API design\\kontExam\\src\\client\\auctions.jsx","statementMap":{"0":{"start":{"line":14,"column":8},"end":{"line":14,"column":21}},"1":{"start":{"line":16,"column":8},"end":{"line":19,"column":9}},"2":{"start":{"line":24,"column":8},"end":{"line":26,"column":9}},"3":{"start":{"line":25,"column":12},"end":{"line":25,"column":48}},"4":{"start":{"line":28,"column":8},"end":{"line":28,"column":33}},"5":{"start":{"line":32,"column":20},"end":{"line":32,"column":35}},"6":{"start":{"line":37,"column":8},"end":{"line":46,"column":9}},"7":{"start":{"line":38,"column":12},"end":{"line":38,"column":40}},"8":{"start":{"line":39,"column":12},"end":{"line":39,"column":44}},"9":{"start":{"line":41,"column":12},"end":{"line":44,"column":15}},"10":{"start":{"line":45,"column":12},"end":{"line":45,"column":19}},"11":{"start":{"line":48,"column":8},"end":{"line":58,"column":9}},"12":{"start":{"line":49,"column":12},"end":{"line":52,"column":15}},"13":{"start":{"line":54,"column":12},"end":{"line":57,"column":15}},"14":{"start":{"line":62,"column":20},"end":{"line":82,"column":5}},"15":{"start":{"line":63,"column":20},"end":{"line":63,"column":41}},"16":{"start":{"line":67,"column":8},"end":{"line":72,"column":9}},"17":{"start":{"line":68,"column":12},"end":{"line":68,"column":60}},"18":{"start":{"line":70,"column":12},"end":{"line":70,"column":53}},"19":{"start":{"line":71,"column":12},"end":{"line":71,"column":25}},"20":{"start":{"line":74,"column":8},"end":{"line":77,"column":9}},"21":{"start":{"line":75,"column":12},"end":{"line":75,"column":77}},"22":{"start":{"line":76,"column":12},"end":{"line":76,"column":25}},"23":{"start":{"line":79,"column":8},"end":{"line":79,"column":33}},"24":{"start":{"line":81,"column":8},"end":{"line":81,"column":20}},"25":{"start":{"line":84,"column":24},"end":{"line":112,"column":5}},"26":{"start":{"line":85,"column":20},"end":{"line":85,"column":41}},"27":{"start":{"line":86,"column":8},"end":{"line":90,"column":9}},"28":{"start":{"line":87,"column":12},"end":{"line":87,"column":29}},"29":{"start":{"line":89,"column":12},"end":{"line":89,"column":28}},"30":{"start":{"line":91,"column":24},"end":{"line":91,"column":85}},"31":{"start":{"line":95,"column":8},"end":{"line":105,"column":9}},"32":{"start":{"line":96,"column":12},"end":{"line":102,"column":15}},"33":{"start":{"line":104,"column":12},"end":{"line":104,"column":25}},"34":{"start":{"line":107,"column":8},"end":{"line":107,"column":33}},"35":{"start":{"line":110,"column":8},"end":{"line":110,"column":39}},"36":{"start":{"line":117,"column":21},"end":{"line":117,"column":36}},"37":{"start":{"line":118,"column":25},"end":{"line":118,"column":60}},"38":{"start":{"line":124,"column":8},"end":{"line":180,"column":9}},"39":{"start":{"line":125,"column":12},"end":{"line":125,"column":45}},"40":{"start":{"line":126,"column":15},"end":{"line":180,"column":9}},"41":{"start":{"line":127,"column":12},"end":{"line":127,"column":73}},"42":{"start":{"line":129,"column":12},"end":{"line":179,"column":18}},"43":{"start":{"line":143,"column":24},"end":{"line":175,"column":29}},"44":{"start":{"line":163,"column":86},"end":{"line":163,"column":110}},"45":{"start":{"line":164,"column":86},"end":{"line":164,"column":183}},"46":{"start":{"line":185,"column":8},"end":{"line":207,"column":10}}},"fnMap":{"0":{"name":"(anonymous_0)","decl":{"start":{"line":13,"column":4},"end":{"line":13,"column":5}},"loc":{"start":{"line":13,"column":23},"end":{"line":20,"column":5}},"line":13},"1":{"name":"(anonymous_1)","decl":{"start":{"line":22,"column":4},"end":{"line":22,"column":5}},"loc":{"start":{"line":22,"column":24},"end":{"line":29,"column":5}},"line":22},"2":{"name":"(anonymous_2)","decl":{"start":{"line":31,"column":4},"end":{"line":31,"column":5}},"loc":{"start":{"line":31,"column":29},"end":{"line":59,"column":5}},"line":31},"3":{"name":"(anonymous_3)","decl":{"start":{"line":62,"column":20},"end":{"line":62,"column":21}},"loc":{"start":{"line":62,"column":34},"end":{"line":82,"column":5}},"line":62},"4":{"name":"(anonymous_4)","decl":{"start":{"line":84,"column":24},"end":{"line":84,"column":25}},"loc":{"start":{"line":84,"column":95},"end":{"line":112,"column":5}},"line":84},"5":{"name":"(anonymous_5)","decl":{"start":{"line":115,"column":4},"end":{"line":115,"column":5}},"loc":{"start":{"line":115,"column":13},"end":{"line":208,"column":5}},"line":115},"6":{"name":"(anonymous_6)","decl":{"start":{"line":142,"column":49},"end":{"line":142,"column":50}},"loc":{"start":{"line":143,"column":24},"end":{"line":175,"column":29}},"line":143},"7":{"name":"(anonymous_7)","decl":{"start":{"line":163,"column":81},"end":{"line":163,"column":82}},"loc":{"start":{"line":163,"column":86},"end":{"line":163,"column":110}},"line":163},"8":{"name":"(anonymous_8)","decl":{"start":{"line":164,"column":81},"end":{"line":164,"column":82}},"loc":{"start":{"line":164,"column":86},"end":{"line":164,"column":183}},"line":164}},"branchMap":{"0":{"loc":{"start":{"line":24,"column":8},"end":{"line":26,"column":9}},"type":"if","locations":[{"start":{"line":24,"column":8},"end":{"line":26,"column":9}},{"start":{"line":24,"column":8},"end":{"line":26,"column":9}}],"line":24},"1":{"loc":{"start":{"line":48,"column":8},"end":{"line":58,"column":9}},"type":"if","locations":[{"start":{"line":48,"column":8},"end":{"line":58,"column":9}},{"start":{"line":48,"column":8},"end":{"line":58,"column":9}}],"line":48},"2":{"loc":{"start":{"line":74,"column":8},"end":{"line":77,"column":9}},"type":"if","locations":[{"start":{"line":74,"column":8},"end":{"line":77,"column":9}},{"start":{"line":74,"column":8},"end":{"line":77,"column":9}}],"line":74},"3":{"loc":{"start":{"line":86,"column":8},"end":{"line":90,"column":9}},"type":"if","locations":[{"start":{"line":86,"column":8},"end":{"line":90,"column":9}},{"start":{"line":86,"column":8},"end":{"line":90,"column":9}}],"line":86},"4":{"loc":{"start":{"line":118,"column":25},"end":{"line":118,"column":60}},"type":"binary-expr","locations":[{"start":{"line":118,"column":25},"end":{"line":118,"column":38}},{"start":{"line":118,"column":42},"end":{"line":118,"column":60}}],"line":118},"5":{"loc":{"start":{"line":124,"column":8},"end":{"line":180,"column":9}},"type":"if","locations":[{"start":{"line":124,"column":8},"end":{"line":180,"column":9}},{"start":{"line":124,"column":8},"end":{"line":180,"column":9}}],"line":124},"6":{"loc":{"start":{"line":126,"column":15},"end":{"line":180,"column":9}},"type":"if","locations":[{"start":{"line":126,"column":15},"end":{"line":180,"column":9}},{"start":{"line":126,"column":15},"end":{"line":180,"column":9}}],"line":126},"7":{"loc":{"start":{"line":126,"column":18},"end":{"line":126,"column":82}},"type":"binary-expr","locations":[{"start":{"line":126,"column":18},"end":{"line":126,"column":42}},{"start":{"line":126,"column":46},"end":{"line":126,"column":82}}],"line":126},"8":{"loc":{"start":{"line":148,"column":29},"end":{"line":152,"column":29}},"type":"cond-expr","locations":[{"start":{"line":149,"column":32},"end":{"line":149,"column":50}},{"start":{"line":151,"column":32},"end":{"line":151,"column":45}}],"line":148},"9":{"loc":{"start":{"line":154,"column":33},"end":{"line":172,"column":33}},"type":"cond-expr","locations":[{"start":{"line":155,"column":36},"end":{"line":167,"column":42}},{"start":{"line":169,"column":36},"end":{"line":171,"column":42}}],"line":154},"10":{"loc":{"start":{"line":156,"column":41},"end":{"line":160,"column":41}},"type":"binary-expr","locations":[{"start":{"line":156,"column":41},"end":{"line":156,"column":76}},{"start":{"line":156,"column":80},"end":{"line":156,"column":91}},{"start":{"line":157,"column":44},"end":{"line":159,"column":51}}],"line":156},"11":{"loc":{"start":{"line":161,"column":41},"end":{"line":166,"column":41}},"type":"binary-expr","locations":[{"start":{"line":161,"column":41},"end":{"line":161,"column":76}},{"start":{"line":162,"column":44},"end":{"line":165,"column":50}}],"line":161},"12":{"loc":{"start":{"line":188,"column":17},"end":{"line":203,"column":17}},"type":"cond-expr","locations":[{"start":{"line":189,"column":20},"end":{"line":196,"column":26}},{"start":{"line":198,"column":20},"end":{"line":202,"column":26}}],"line":188}},"s":{"0":2,"1":2,"2":2,"3":0,"4":2,"5":2,"6":2,"7":2,"8":2,"9":0,"10":0,"11":2,"12":2,"13":0,"14":2,"15":0,"16":0,"17":0,"18":0,"19":0,"20":0,"21":0,"22":0,"23":0,"24":0,"25":2,"26":0,"27":0,"28":0,"29":0,"30":0,"31":0,"32":0,"33":0,"34":0,"35":0,"36":4,"37":4,"38":4,"39":0,"40":4,"41":2,"42":2,"43":4,"44":0,"45":0,"46":4},"f":{"0":2,"1":2,"2":2,"3":0,"4":0,"5":4,"6":4,"7":0,"8":0},"b":{"0":[0,2],"1":[2,0],"2":[0,0],"3":[0,0],"4":[4,4],"5":[0,4],"6":[2,2],"7":[4,2],"8":[2,2],"9":[0,4],"10":[0,0,0],"11":[0,0],"12":[0,4]},"_coverageSchema":"43e27e138ebf9cfc5966b082cf9a028302ed4184","hash":"01d5f8a5d9e44576162decb8c3123837cd608a58"}
,"B:\\OneDrive\\Documents\\Skole\\4.semester\\Webutvikling og API design\\kontExam\\src\\client\\bid.jsx": {"path":"B:\\OneDrive\\Documents\\Skole\\4.semester\\Webutvikling og API design\\kontExam\\src\\client\\bid.jsx","statementMap":{"0":{"start":{"line":9,"column":8},"end":{"line":9,"column":21}},"1":{"start":{"line":12,"column":8},"end":{"line":15,"column":10}},"2":{"start":{"line":17,"column":8},"end":{"line":17,"column":86}},"3":{"start":{"line":19,"column":8},"end":{"line":21,"column":9}},"4":{"start":{"line":20,"column":12},"end":{"line":20,"column":57}},"5":{"start":{"line":26,"column":8},"end":{"line":28,"column":9}},"6":{"start":{"line":27,"column":12},"end":{"line":27,"column":32}},"7":{"start":{"line":30,"column":8},"end":{"line":32,"column":9}},"8":{"start":{"line":31,"column":12},"end":{"line":31,"column":48}},"9":{"start":{"line":37,"column":20},"end":{"line":37,"column":53}},"10":{"start":{"line":42,"column":8},"end":{"line":51,"column":9}},"11":{"start":{"line":43,"column":12},"end":{"line":43,"column":40}},"12":{"start":{"line":44,"column":12},"end":{"line":44,"column":44}},"13":{"start":{"line":46,"column":12},"end":{"line":49,"column":15}},"14":{"start":{"line":50,"column":12},"end":{"line":50,"column":19}},"15":{"start":{"line":53,"column":8},"end":{"line":63,"column":9}},"16":{"start":{"line":54,"column":12},"end":{"line":57,"column":15}},"17":{"start":{"line":59,"column":12},"end":{"line":62,"column":14}},"18":{"start":{"line":68,"column":11},"end":{"line":88,"column":5}},"19":{"start":{"line":69,"column":20},"end":{"line":69,"column":41}},"20":{"start":{"line":71,"column":24},"end":{"line":71,"column":85}},"21":{"start":{"line":75,"column":8},"end":{"line":85,"column":9}},"22":{"start":{"line":76,"column":12},"end":{"line":82,"column":15}},"23":{"start":{"line":84,"column":12},"end":{"line":84,"column":25}},"24":{"start":{"line":87,"column":8},"end":{"line":87,"column":39}},"25":{"start":{"line":92,"column":21},"end":{"line":92,"column":36}},"26":{"start":{"line":93,"column":25},"end":{"line":93,"column":60}},"27":{"start":{"line":95,"column":8},"end":{"line":101,"column":9}},"28":{"start":{"line":96,"column":12},"end":{"line":100,"column":14}},"29":{"start":{"line":103,"column":8},"end":{"line":107,"column":9}},"30":{"start":{"line":104,"column":12},"end":{"line":106,"column":14}},"31":{"start":{"line":111,"column":8},"end":{"line":138,"column":10}}},"fnMap":{"0":{"name":"(anonymous_0)","decl":{"start":{"line":8,"column":4},"end":{"line":8,"column":5}},"loc":{"start":{"line":8,"column":23},"end":{"line":22,"column":5}},"line":8},"1":{"name":"(anonymous_1)","decl":{"start":{"line":25,"column":4},"end":{"line":25,"column":5}},"loc":{"start":{"line":25,"column":24},"end":{"line":33,"column":5}},"line":25},"2":{"name":"(anonymous_2)","decl":{"start":{"line":35,"column":4},"end":{"line":35,"column":5}},"loc":{"start":{"line":35,"column":24},"end":{"line":65,"column":5}},"line":35},"3":{"name":"(anonymous_3)","decl":{"start":{"line":68,"column":11},"end":{"line":68,"column":12}},"loc":{"start":{"line":68,"column":82},"end":{"line":88,"column":5}},"line":68},"4":{"name":"(anonymous_4)","decl":{"start":{"line":91,"column":4},"end":{"line":91,"column":5}},"loc":{"start":{"line":91,"column":13},"end":{"line":139,"column":5}},"line":91}},"branchMap":{"0":{"loc":{"start":{"line":19,"column":8},"end":{"line":21,"column":9}},"type":"if","locations":[{"start":{"line":19,"column":8},"end":{"line":21,"column":9}},{"start":{"line":19,"column":8},"end":{"line":21,"column":9}}],"line":19},"1":{"loc":{"start":{"line":26,"column":8},"end":{"line":28,"column":9}},"type":"if","locations":[{"start":{"line":26,"column":8},"end":{"line":28,"column":9}},{"start":{"line":26,"column":8},"end":{"line":28,"column":9}}],"line":26},"2":{"loc":{"start":{"line":30,"column":8},"end":{"line":32,"column":9}},"type":"if","locations":[{"start":{"line":30,"column":8},"end":{"line":32,"column":9}},{"start":{"line":30,"column":8},"end":{"line":32,"column":9}}],"line":30},"3":{"loc":{"start":{"line":53,"column":8},"end":{"line":63,"column":9}},"type":"if","locations":[{"start":{"line":53,"column":8},"end":{"line":63,"column":9}},{"start":{"line":53,"column":8},"end":{"line":63,"column":9}}],"line":53},"4":{"loc":{"start":{"line":93,"column":25},"end":{"line":93,"column":60}},"type":"binary-expr","locations":[{"start":{"line":93,"column":25},"end":{"line":93,"column":38}},{"start":{"line":93,"column":42},"end":{"line":93,"column":60}}],"line":93},"5":{"loc":{"start":{"line":95,"column":8},"end":{"line":101,"column":9}},"type":"if","locations":[{"start":{"line":95,"column":8},"end":{"line":101,"column":9}},{"start":{"line":95,"column":8},"end":{"line":101,"column":9}}],"line":95},"6":{"loc":{"start":{"line":103,"column":8},"end":{"line":107,"column":9}},"type":"if","locations":[{"start":{"line":103,"column":8},"end":{"line":107,"column":9}},{"start":{"line":103,"column":8},"end":{"line":107,"column":9}}],"line":103},"7":{"loc":{"start":{"line":113,"column":17},"end":{"line":134,"column":17}},"type":"cond-expr","locations":[{"start":{"line":114,"column":20},"end":{"line":128,"column":26}},{"start":{"line":130,"column":20},"end":{"line":133,"column":26}}],"line":113}},"s":{"0":0,"1":0,"2":0,"3":0,"4":0,"5":0,"6":0,"7":0,"8":0,"9":0,"10":0,"11":0,"12":0,"13":0,"14":0,"15":0,"16":0,"17":0,"18":0,"19":0,"20":0,"21":0,"22":0,"23":0,"24":0,"25":0,"26":0,"27":0,"28":0,"29":0,"30":0,"31":0},"f":{"0":0,"1":0,"2":0,"3":0,"4":0},"b":{"0":[0,0],"1":[0,0],"2":[0,0],"3":[0,0],"4":[0,0],"5":[0,0],"6":[0,0],"7":[0,0]},"hash":"abc3e2e4da7ecb59107a902bba706800180b3542"}
,"B:\\OneDrive\\Documents\\Skole\\4.semester\\Webutvikling og API design\\kontExam\\src\\client\\create.jsx": {"path":"B:\\OneDrive\\Documents\\Skole\\4.semester\\Webutvikling og API design\\kontExam\\src\\client\\create.jsx","statementMap":{"0":{"start":{"line":11,"column":8},"end":{"line":11,"column":21}},"1":{"start":{"line":15,"column":8},"end":{"line":17,"column":9}},"2":{"start":{"line":16,"column":12},"end":{"line":16,"column":48}},"3":{"start":{"line":20,"column":11},"end":{"line":40,"column":5}},"4":{"start":{"line":21,"column":20},"end":{"line":21,"column":35}},"5":{"start":{"line":23,"column":24},"end":{"line":23,"column":81}},"6":{"start":{"line":27,"column":8},"end":{"line":37,"column":9}},"7":{"start":{"line":28,"column":12},"end":{"line":34,"column":15}},"8":{"start":{"line":36,"column":12},"end":{"line":36,"column":25}},"9":{"start":{"line":39,"column":8},"end":{"line":39,"column":39}},"10":{"start":{"line":44,"column":21},"end":{"line":44,"column":36}},"11":{"start":{"line":45,"column":25},"end":{"line":45,"column":60}},"12":{"start":{"line":47,"column":8},"end":{"line":72,"column":10}}},"fnMap":{"0":{"name":"(anonymous_0)","decl":{"start":{"line":10,"column":4},"end":{"line":10,"column":5}},"loc":{"start":{"line":10,"column":23},"end":{"line":12,"column":5}},"line":10},"1":{"name":"(anonymous_1)","decl":{"start":{"line":14,"column":4},"end":{"line":14,"column":5}},"loc":{"start":{"line":14,"column":23},"end":{"line":18,"column":5}},"line":14},"2":{"name":"(anonymous_2)","decl":{"start":{"line":20,"column":11},"end":{"line":20,"column":12}},"loc":{"start":{"line":20,"column":78},"end":{"line":40,"column":5}},"line":20},"3":{"name":"(anonymous_3)","decl":{"start":{"line":43,"column":4},"end":{"line":43,"column":5}},"loc":{"start":{"line":43,"column":13},"end":{"line":73,"column":5}},"line":43}},"branchMap":{"0":{"loc":{"start":{"line":15,"column":8},"end":{"line":17,"column":9}},"type":"if","locations":[{"start":{"line":15,"column":8},"end":{"line":17,"column":9}},{"start":{"line":15,"column":8},"end":{"line":17,"column":9}}],"line":15},"1":{"loc":{"start":{"line":45,"column":25},"end":{"line":45,"column":60}},"type":"binary-expr","locations":[{"start":{"line":45,"column":25},"end":{"line":45,"column":38}},{"start":{"line":45,"column":42},"end":{"line":45,"column":60}}],"line":45},"2":{"loc":{"start":{"line":49,"column":17},"end":{"line":69,"column":17}},"type":"cond-expr","locations":[{"start":{"line":50,"column":20},"end":{"line":63,"column":26}},{"start":{"line":65,"column":20},"end":{"line":68,"column":26}}],"line":49}},"s":{"0":0,"1":0,"2":0,"3":0,"4":0,"5":0,"6":0,"7":0,"8":0,"9":0,"10":0,"11":0,"12":0},"f":{"0":0,"1":0,"2":0,"3":0},"b":{"0":[0,0],"1":[0,0],"2":[0,0]},"hash":"30bceee40405e30f98cce8d12cb90c310c26d324"}
,"B:\\OneDrive\\Documents\\Skole\\4.semester\\Webutvikling og API design\\kontExam\\src\\client\\headerbar.jsx": {"path":"B:\\OneDrive\\Documents\\Skole\\4.semester\\Webutvikling og API design\\kontExam\\src\\client\\headerbar.jsx","statementMap":{"0":{"start":{"line":8,"column":8},"end":{"line":8,"column":21}},"1":{"start":{"line":11,"column":15},"end":{"line":30,"column":5}},"2":{"start":{"line":12,"column":20},"end":{"line":12,"column":33}},"3":{"start":{"line":16,"column":8},"end":{"line":21,"column":9}},"4":{"start":{"line":17,"column":12},"end":{"line":17,"column":60}},"5":{"start":{"line":19,"column":12},"end":{"line":19,"column":57}},"6":{"start":{"line":20,"column":12},"end":{"line":20,"column":19}},"7":{"start":{"line":23,"column":8},"end":{"line":26,"column":9}},"8":{"start":{"line":24,"column":12},"end":{"line":24,"column":85}},"9":{"start":{"line":25,"column":12},"end":{"line":25,"column":19}},"10":{"start":{"line":28,"column":8},"end":{"line":28,"column":44}},"11":{"start":{"line":29,"column":8},"end":{"line":29,"column":37}},"12":{"start":{"line":33,"column":8},"end":{"line":43,"column":10}},"13":{"start":{"line":47,"column":8},"end":{"line":59,"column":10}},"14":{"start":{"line":63,"column":23},"end":{"line":63,"column":40}},"15":{"start":{"line":66,"column":8},"end":{"line":70,"column":9}},"16":{"start":{"line":67,"column":12},"end":{"line":67,"column":47}},"17":{"start":{"line":69,"column":12},"end":{"line":69,"column":50}},"18":{"start":{"line":72,"column":8},"end":{"line":79,"column":10}}},"fnMap":{"0":{"name":"(anonymous_0)","decl":{"start":{"line":7,"column":4},"end":{"line":7,"column":5}},"loc":{"start":{"line":7,"column":23},"end":{"line":9,"column":5}},"line":7},"1":{"name":"(anonymous_1)","decl":{"start":{"line":11,"column":15},"end":{"line":11,"column":16}},"loc":{"start":{"line":11,"column":27},"end":{"line":30,"column":5}},"line":11},"2":{"name":"(anonymous_2)","decl":{"start":{"line":32,"column":4},"end":{"line":32,"column":5}},"loc":{"start":{"line":32,"column":27},"end":{"line":44,"column":5}},"line":32},"3":{"name":"(anonymous_3)","decl":{"start":{"line":46,"column":4},"end":{"line":46,"column":5}},"loc":{"start":{"line":46,"column":24},"end":{"line":60,"column":5}},"line":46},"4":{"name":"(anonymous_4)","decl":{"start":{"line":62,"column":4},"end":{"line":62,"column":5}},"loc":{"start":{"line":62,"column":13},"end":{"line":80,"column":5}},"line":62}},"branchMap":{"0":{"loc":{"start":{"line":23,"column":8},"end":{"line":26,"column":9}},"type":"if","locations":[{"start":{"line":23,"column":8},"end":{"line":26,"column":9}},{"start":{"line":23,"column":8},"end":{"line":26,"column":9}}],"line":23},"1":{"loc":{"start":{"line":66,"column":8},"end":{"line":70,"column":9}},"type":"if","locations":[{"start":{"line":66,"column":8},"end":{"line":70,"column":9}},{"start":{"line":66,"column":8},"end":{"line":70,"column":9}}],"line":66}},"s":{"0":3,"1":3,"2":1,"3":1,"4":1,"5":0,"6":0,"7":1,"8":0,"9":0,"10":1,"11":1,"12":2,"13":1,"14":3,"15":3,"16":1,"17":2,"18":3},"f":{"0":3,"1":1,"2":2,"3":1,"4":3},"b":{"0":[0,1],"1":[1,2]},"_coverageSchema":"43e27e138ebf9cfc5966b082cf9a028302ed4184","hash":"f30c13df8ffc5595f763f125b911d4eef841cf7b"}
,"B:\\OneDrive\\Documents\\Skole\\4.semester\\Webutvikling og API design\\kontExam\\src\\client\\home.jsx": {"path":"B:\\OneDrive\\Documents\\Skole\\4.semester\\Webutvikling og API design\\kontExam\\src\\client\\home.jsx","statementMap":{"0":{"start":{"line":8,"column":8},"end":{"line":8,"column":21}},"1":{"start":{"line":10,"column":8},"end":{"line":12,"column":9}},"2":{"start":{"line":16,"column":8},"end":{"line":18,"column":9}},"3":{"start":{"line":17,"column":12},"end":{"line":17,"column":48}},"4":{"start":{"line":26,"column":21},"end":{"line":26,"column":36}},"5":{"start":{"line":28,"column":8},"end":{"line":64,"column":9}}},"fnMap":{"0":{"name":"(anonymous_0)","decl":{"start":{"line":7,"column":4},"end":{"line":7,"column":5}},"loc":{"start":{"line":7,"column":23},"end":{"line":13,"column":5}},"line":7},"1":{"name":"(anonymous_1)","decl":{"start":{"line":15,"column":4},"end":{"line":15,"column":5}},"loc":{"start":{"line":15,"column":24},"end":{"line":19,"column":5}},"line":15},"2":{"name":"(anonymous_2)","decl":{"start":{"line":24,"column":4},"end":{"line":24,"column":5}},"loc":{"start":{"line":24,"column":13},"end":{"line":65,"column":5}},"line":24}},"branchMap":{"0":{"loc":{"start":{"line":16,"column":8},"end":{"line":18,"column":9}},"type":"if","locations":[{"start":{"line":16,"column":8},"end":{"line":18,"column":9}},{"start":{"line":16,"column":8},"end":{"line":18,"column":9}}],"line":16},"1":{"loc":{"start":{"line":42,"column":17},"end":{"line":61,"column":17}},"type":"cond-expr","locations":[{"start":{"line":43,"column":20},"end":{"line":51,"column":26}},{"start":{"line":53,"column":20},"end":{"line":60,"column":26}}],"line":42}},"s":{"0":2,"1":2,"2":2,"3":1,"4":2,"5":2},"f":{"0":2,"1":2,"2":2},"b":{"0":[1,1],"1":[1,1]},"_coverageSchema":"43e27e138ebf9cfc5966b082cf9a028302ed4184","hash":"bd46a832fd3be188cb02cbfae6ffa7eb74a9d4da"}
,"B:\\OneDrive\\Documents\\Skole\\4.semester\\Webutvikling og API design\\kontExam\\src\\client\\index.jsx": {"path":"B:\\OneDrive\\Documents\\Skole\\4.semester\\Webutvikling og API design\\kontExam\\src\\client\\index.jsx","statementMap":{"0":{"start":{"line":18,"column":8},"end":{"line":18,"column":21}},"1":{"start":{"line":20,"column":8},"end":{"line":22,"column":9}},"2":{"start":{"line":26,"column":8},"end":{"line":26,"column":38}},"3":{"start":{"line":31,"column":8},"end":{"line":31,"column":28}},"4":{"start":{"line":35,"column":29},"end":{"line":62,"column":5}},"5":{"start":{"line":37,"column":20},"end":{"line":37,"column":31}},"6":{"start":{"line":41,"column":8},"end":{"line":48,"column":9}},"7":{"start":{"line":42,"column":12},"end":{"line":44,"column":15}},"8":{"start":{"line":46,"column":12},"end":{"line":46,"column":77}},"9":{"start":{"line":47,"column":12},"end":{"line":47,"column":19}},"10":{"start":{"line":50,"column":8},"end":{"line":54,"column":9}},"11":{"start":{"line":52,"column":12},"end":{"line":52,"column":42}},"12":{"start":{"line":53,"column":12},"end":{"line":53,"column":19}},"13":{"start":{"line":56,"column":8},"end":{"line":61,"column":9}},"14":{"start":{"line":59,"column":28},"end":{"line":59,"column":49}},"15":{"start":{"line":60,"column":12},"end":{"line":60,"column":45}},"16":{"start":{"line":64,"column":25},"end":{"line":66,"column":5}},"17":{"start":{"line":65,"column":8},"end":{"line":65,"column":36}},"18":{"start":{"line":69,"column":8},"end":{"line":76,"column":10}},"19":{"start":{"line":80,"column":19},"end":{"line":80,"column":62}},"20":{"start":{"line":82,"column":8},"end":{"line":120,"column":9}},"21":{"start":{"line":89,"column":69},"end":{"line":90,"column":131}},"22":{"start":{"line":91,"column":68},"end":{"line":92,"column":129}},"23":{"start":{"line":95,"column":48},"end":{"line":99,"column":108}},"24":{"start":{"line":102,"column":48},"end":{"line":105,"column":112}},"25":{"start":{"line":106,"column":69},"end":{"line":109,"column":131}},"26":{"start":{"line":111,"column":67},"end":{"line":114,"column":126}},"27":{"start":{"line":124,"column":0},"end":{"line":124,"column":57}}},"fnMap":{"0":{"name":"(anonymous_0)","decl":{"start":{"line":17,"column":4},"end":{"line":17,"column":5}},"loc":{"start":{"line":17,"column":23},"end":{"line":23,"column":5}},"line":17},"1":{"name":"(anonymous_1)","decl":{"start":{"line":25,"column":4},"end":{"line":25,"column":5}},"loc":{"start":{"line":25,"column":24},"end":{"line":28,"column":5}},"line":25},"2":{"name":"(anonymous_2)","decl":{"start":{"line":30,"column":4},"end":{"line":30,"column":5}},"loc":{"start":{"line":30,"column":27},"end":{"line":32,"column":5}},"line":30},"3":{"name":"(anonymous_3)","decl":{"start":{"line":35,"column":29},"end":{"line":35,"column":30}},"loc":{"start":{"line":35,"column":41},"end":{"line":62,"column":5}},"line":35},"4":{"name":"(anonymous_4)","decl":{"start":{"line":64,"column":25},"end":{"line":64,"column":26}},"loc":{"start":{"line":64,"column":35},"end":{"line":66,"column":5}},"line":64},"5":{"name":"(anonymous_5)","decl":{"start":{"line":68,"column":4},"end":{"line":68,"column":5}},"loc":{"start":{"line":68,"column":15},"end":{"line":77,"column":5}},"line":68},"6":{"name":"(anonymous_6)","decl":{"start":{"line":79,"column":4},"end":{"line":79,"column":5}},"loc":{"start":{"line":79,"column":13},"end":{"line":121,"column":5}},"line":79},"7":{"name":"(anonymous_7)","decl":{"start":{"line":89,"column":60},"end":{"line":89,"column":61}},"loc":{"start":{"line":89,"column":69},"end":{"line":90,"column":131}},"line":89},"8":{"name":"(anonymous_8)","decl":{"start":{"line":91,"column":59},"end":{"line":91,"column":60}},"loc":{"start":{"line":91,"column":68},"end":{"line":92,"column":129}},"line":91},"9":{"name":"(anonymous_9)","decl":{"start":{"line":95,"column":39},"end":{"line":95,"column":40}},"loc":{"start":{"line":95,"column":48},"end":{"line":99,"column":108}},"line":95},"10":{"name":"(anonymous_10)","decl":{"start":{"line":102,"column":39},"end":{"line":102,"column":40}},"loc":{"start":{"line":102,"column":48},"end":{"line":105,"column":112}},"line":102},"11":{"name":"(anonymous_11)","decl":{"start":{"line":106,"column":60},"end":{"line":106,"column":61}},"loc":{"start":{"line":106,"column":69},"end":{"line":109,"column":131}},"line":106},"12":{"name":"(anonymous_12)","decl":{"start":{"line":111,"column":58},"end":{"line":111,"column":59}},"loc":{"start":{"line":111,"column":67},"end":{"line":114,"column":126}},"line":111}},"branchMap":{"0":{"loc":{"start":{"line":50,"column":8},"end":{"line":54,"column":9}},"type":"if","locations":[{"start":{"line":50,"column":8},"end":{"line":54,"column":9}},{"start":{"line":50,"column":8},"end":{"line":54,"column":9}}],"line":50},"1":{"loc":{"start":{"line":56,"column":8},"end":{"line":61,"column":9}},"type":"if","locations":[{"start":{"line":56,"column":8},"end":{"line":61,"column":9}},{"start":{"line":56,"column":8},"end":{"line":61,"column":9}}],"line":56},"2":{"loc":{"start":{"line":80,"column":19},"end":{"line":80,"column":62}},"type":"cond-expr","locations":[{"start":{"line":80,"column":37},"end":{"line":80,"column":55}},{"start":{"line":80,"column":58},"end":{"line":80,"column":62}}],"line":80}},"s":{"0":0,"1":0,"2":0,"3":0,"4":0,"5":0,"6":0,"7":0,"8":0,"9":0,"10":0,"11":0,"12":0,"13":0,"14":0,"15":0,"16":0,"17":0,"18":0,"19":0,"20":0,"21":0,"22":0,"23":0,"24":0,"25":0,"26":0,"27":0},"f":{"0":0,"1":0,"2":0,"3":0,"4":0,"5":0,"6":0,"7":0,"8":0,"9":0,"10":0,"11":0,"12":0},"b":{"0":[0,0],"1":[0,0],"2":[0,0]},"hash":"64646099fbf2d415c2de9be9eed1e8fabff6b2df"}
,"B:\\OneDrive\\Documents\\Skole\\4.semester\\Webutvikling og API design\\kontExam\\src\\client\\login.jsx": {"path":"B:\\OneDrive\\Documents\\Skole\\4.semester\\Webutvikling og API design\\kontExam\\src\\client\\login.jsx","statementMap":{"0":{"start":{"line":10,"column":8},"end":{"line":10,"column":21}},"1":{"start":{"line":12,"column":8},"end":{"line":16,"column":10}},"2":{"start":{"line":19,"column":21},"end":{"line":21,"column":5}},"3":{"start":{"line":20,"column":8},"end":{"line":20,"column":52}},"4":{"start":{"line":23,"column":23},"end":{"line":25,"column":5}},"5":{"start":{"line":24,"column":8},"end":{"line":24,"column":54}},"6":{"start":{"line":27,"column":14},"end":{"line":63,"column":5}},"7":{"start":{"line":28,"column":35},"end":{"line":28,"column":45}},"8":{"start":{"line":30,"column":20},"end":{"line":30,"column":32}},"9":{"start":{"line":32,"column":24},"end":{"line":32,"column":60}},"10":{"start":{"line":36,"column":8},"end":{"line":47,"column":9}},"11":{"start":{"line":37,"column":12},"end":{"line":43,"column":15}},"12":{"start":{"line":45,"column":12},"end":{"line":45,"column":76}},"13":{"start":{"line":46,"column":12},"end":{"line":46,"column":19}},"14":{"start":{"line":50,"column":8},"end":{"line":53,"column":9}},"15":{"start":{"line":51,"column":12},"end":{"line":51,"column":65}},"16":{"start":{"line":52,"column":12},"end":{"line":52,"column":19}},"17":{"start":{"line":55,"column":8},"end":{"line":58,"column":9}},"18":{"start":{"line":56,"column":12},"end":{"line":56,"column":104}},"19":{"start":{"line":57,"column":12},"end":{"line":57,"column":19}},"20":{"start":{"line":60,"column":8},"end":{"line":60,"column":40}},"21":{"start":{"line":61,"column":8},"end":{"line":61,"column":50}},"22":{"start":{"line":62,"column":8},"end":{"line":62,"column":37}},"23":{"start":{"line":68,"column":20},"end":{"line":68,"column":31}},"24":{"start":{"line":69,"column":8},"end":{"line":71,"column":9}},"25":{"start":{"line":70,"column":12},"end":{"line":70,"column":80}},"26":{"start":{"line":74,"column":8},"end":{"line":95,"column":20}}},"fnMap":{"0":{"name":"(anonymous_0)","decl":{"start":{"line":9,"column":4},"end":{"line":9,"column":5}},"loc":{"start":{"line":9,"column":22},"end":{"line":17,"column":5}},"line":9},"1":{"name":"(anonymous_1)","decl":{"start":{"line":19,"column":21},"end":{"line":19,"column":22}},"loc":{"start":{"line":19,"column":31},"end":{"line":21,"column":5}},"line":19},"2":{"name":"(anonymous_2)","decl":{"start":{"line":23,"column":23},"end":{"line":23,"column":24}},"loc":{"start":{"line":23,"column":34},"end":{"line":25,"column":5}},"line":23},"3":{"name":"(anonymous_3)","decl":{"start":{"line":27,"column":14},"end":{"line":27,"column":15}},"loc":{"start":{"line":27,"column":26},"end":{"line":63,"column":5}},"line":27},"4":{"name":"(anonymous_4)","decl":{"start":{"line":66,"column":4},"end":{"line":66,"column":5}},"loc":{"start":{"line":66,"column":12},"end":{"line":96,"column":5}},"line":66}},"branchMap":{"0":{"loc":{"start":{"line":50,"column":8},"end":{"line":53,"column":9}},"type":"if","locations":[{"start":{"line":50,"column":8},"end":{"line":53,"column":9}},{"start":{"line":50,"column":8},"end":{"line":53,"column":9}}],"line":50},"1":{"loc":{"start":{"line":55,"column":8},"end":{"line":58,"column":9}},"type":"if","locations":[{"start":{"line":55,"column":8},"end":{"line":58,"column":9}},{"start":{"line":55,"column":8},"end":{"line":58,"column":9}}],"line":55},"2":{"loc":{"start":{"line":69,"column":8},"end":{"line":71,"column":9}},"type":"if","locations":[{"start":{"line":69,"column":8},"end":{"line":71,"column":9}},{"start":{"line":69,"column":8},"end":{"line":71,"column":9}}],"line":69}},"s":{"0":2,"1":2,"2":2,"3":2,"4":2,"5":2,"6":2,"7":2,"8":2,"9":2,"10":2,"11":2,"12":0,"13":0,"14":2,"15":1,"16":1,"17":1,"18":0,"19":0,"20":1,"21":1,"22":1,"23":8,"24":8,"25":1,"26":8},"f":{"0":2,"1":2,"2":2,"3":2,"4":8},"b":{"0":[1,1],"1":[0,1],"2":[1,7]},"_coverageSchema":"43e27e138ebf9cfc5966b082cf9a028302ed4184","hash":"89585b606de2dcf4eb0529c007075b48ca4b6cfc"}
,"B:\\OneDrive\\Documents\\Skole\\4.semester\\Webutvikling og API design\\kontExam\\src\\client\\signup.jsx": {"path":"B:\\OneDrive\\Documents\\Skole\\4.semester\\Webutvikling og API design\\kontExam\\src\\client\\signup.jsx","statementMap":{"0":{"start":{"line":8,"column":8},"end":{"line":8,"column":21}},"1":{"start":{"line":10,"column":8},"end":{"line":15,"column":10}},"2":{"start":{"line":18,"column":21},"end":{"line":20,"column":5}},"3":{"start":{"line":19,"column":8},"end":{"line":19,"column":68}},"4":{"start":{"line":22,"column":23},"end":{"line":24,"column":5}},"5":{"start":{"line":23,"column":8},"end":{"line":23,"column":70}},"6":{"start":{"line":26,"column":22},"end":{"line":28,"column":5}},"7":{"start":{"line":27,"column":8},"end":{"line":27,"column":69}},"8":{"start":{"line":30,"column":15},"end":{"line":72,"column":5}},"9":{"start":{"line":32,"column":44},"end":{"line":32,"column":54}},"10":{"start":{"line":34,"column":8},"end":{"line":37,"column":9}},"11":{"start":{"line":35,"column":12},"end":{"line":35,"column":64}},"12":{"start":{"line":36,"column":12},"end":{"line":36,"column":19}},"13":{"start":{"line":39,"column":20},"end":{"line":39,"column":33}},"14":{"start":{"line":41,"column":24},"end":{"line":41,"column":60}},"15":{"start":{"line":45,"column":8},"end":{"line":56,"column":9}},"16":{"start":{"line":46,"column":12},"end":{"line":52,"column":15}},"17":{"start":{"line":54,"column":12},"end":{"line":54,"column":76}},"18":{"start":{"line":55,"column":12},"end":{"line":55,"column":19}},"19":{"start":{"line":59,"column":8},"end":{"line":62,"column":9}},"20":{"start":{"line":60,"column":12},"end":{"line":60,"column":65}},"21":{"start":{"line":61,"column":12},"end":{"line":61,"column":19}},"22":{"start":{"line":64,"column":8},"end":{"line":67,"column":9}},"23":{"start":{"line":65,"column":12},"end":{"line":65,"column":104}},"24":{"start":{"line":66,"column":12},"end":{"line":66,"column":19}},"25":{"start":{"line":69,"column":8},"end":{"line":69,"column":40}},"26":{"start":{"line":70,"column":8},"end":{"line":70,"column":50}},"27":{"start":{"line":71,"column":8},"end":{"line":71,"column":37}},"28":{"start":{"line":76,"column":20},"end":{"line":76,"column":31}},"29":{"start":{"line":77,"column":8},"end":{"line":79,"column":9}},"30":{"start":{"line":78,"column":12},"end":{"line":78,"column":80}},"31":{"start":{"line":81,"column":25},"end":{"line":81,"column":29}},"32":{"start":{"line":82,"column":8},"end":{"line":84,"column":9}},"33":{"start":{"line":83,"column":12},"end":{"line":83,"column":40}},"34":{"start":{"line":86,"column":8},"end":{"line":115,"column":10}}},"fnMap":{"0":{"name":"(anonymous_0)","decl":{"start":{"line":7,"column":4},"end":{"line":7,"column":5}},"loc":{"start":{"line":7,"column":22},"end":{"line":16,"column":5}},"line":7},"1":{"name":"(anonymous_1)","decl":{"start":{"line":18,"column":21},"end":{"line":18,"column":22}},"loc":{"start":{"line":18,"column":32},"end":{"line":20,"column":5}},"line":18},"2":{"name":"(anonymous_2)","decl":{"start":{"line":22,"column":23},"end":{"line":22,"column":24}},"loc":{"start":{"line":22,"column":34},"end":{"line":24,"column":5}},"line":22},"3":{"name":"(anonymous_3)","decl":{"start":{"line":26,"column":22},"end":{"line":26,"column":23}},"loc":{"start":{"line":26,"column":33},"end":{"line":28,"column":5}},"line":26},"4":{"name":"(anonymous_4)","decl":{"start":{"line":30,"column":15},"end":{"line":30,"column":16}},"loc":{"start":{"line":30,"column":27},"end":{"line":72,"column":5}},"line":30},"5":{"name":"(anonymous_5)","decl":{"start":{"line":74,"column":4},"end":{"line":74,"column":5}},"loc":{"start":{"line":74,"column":12},"end":{"line":116,"column":5}},"line":74}},"branchMap":{"0":{"loc":{"start":{"line":34,"column":8},"end":{"line":37,"column":9}},"type":"if","locations":[{"start":{"line":34,"column":8},"end":{"line":37,"column":9}},{"start":{"line":34,"column":8},"end":{"line":37,"column":9}}],"line":34},"1":{"loc":{"start":{"line":59,"column":8},"end":{"line":62,"column":9}},"type":"if","locations":[{"start":{"line":59,"column":8},"end":{"line":62,"column":9}},{"start":{"line":59,"column":8},"end":{"line":62,"column":9}}],"line":59},"2":{"loc":{"start":{"line":64,"column":8},"end":{"line":67,"column":9}},"type":"if","locations":[{"start":{"line":64,"column":8},"end":{"line":67,"column":9}},{"start":{"line":64,"column":8},"end":{"line":67,"column":9}}],"line":64},"3":{"loc":{"start":{"line":77,"column":8},"end":{"line":79,"column":9}},"type":"if","locations":[{"start":{"line":77,"column":8},"end":{"line":79,"column":9}},{"start":{"line":77,"column":8},"end":{"line":79,"column":9}}],"line":77},"4":{"loc":{"start":{"line":82,"column":8},"end":{"line":84,"column":9}},"type":"if","locations":[{"start":{"line":82,"column":8},"end":{"line":84,"column":9}},{"start":{"line":82,"column":8},"end":{"line":84,"column":9}}],"line":82}},"s":{"0":3,"1":3,"2":3,"3":3,"4":3,"5":3,"6":3,"7":3,"8":3,"9":3,"10":3,"11":1,"12":1,"13":2,"14":2,"15":2,"16":2,"17":0,"18":0,"19":2,"20":1,"21":1,"22":1,"23":0,"24":0,"25":1,"26":1,"27":1,"28":15,"29":15,"30":2,"31":15,"32":15,"33":5,"34":15},"f":{"0":3,"1":3,"2":3,"3":3,"4":3,"5":15},"b":{"0":[1,2],"1":[1,1],"2":[0,1],"3":[2,13],"4":[5,10]},"_coverageSchema":"43e27e138ebf9cfc5966b082cf9a028302ed4184","hash":"3f5d76bcba02fce00f6cda84e135fd2e8db7dd8b"}
,"B:\\OneDrive\\Documents\\Skole\\4.semester\\Webutvikling og API design\\kontExam\\src\\server\\app.js": {"path":"B:\\OneDrive\\Documents\\Skole\\4.semester\\Webutvikling og API design\\kontExam\\src\\server\\app.js","statementMap":{"0":{"start":{"line":4,"column":16},"end":{"line":4,"column":34}},"1":{"start":{"line":5,"column":19},"end":{"line":5,"column":41}},"2":{"start":{"line":6,"column":17},"end":{"line":6,"column":36}},"3":{"start":{"line":7,"column":16},"end":{"line":7,"column":42}},"4":{"start":{"line":8,"column":22},"end":{"line":8,"column":56}},"5":{"start":{"line":9,"column":13},"end":{"line":9,"column":28}},"6":{"start":{"line":10,"column":13},"end":{"line":10,"column":28}},"7":{"start":{"line":11,"column":17},"end":{"line":11,"column":41}},"8":{"start":{"line":12,"column":12},"end":{"line":12,"column":21}},"9":{"start":{"line":13,"column":12},"end":{"line":13,"column":38}},"10":{"start":{"line":14,"column":11},"end":{"line":14,"column":24}},"11":{"start":{"line":16,"column":16},"end":{"line":16,"column":44}},"12":{"start":{"line":17,"column":14},"end":{"line":17,"column":35}},"13":{"start":{"line":23,"column":0},"end":{"line":23,"column":34}},"14":{"start":{"line":24,"column":0},"end":{"line":24,"column":36}},"15":{"start":{"line":25,"column":0},"end":{"line":25,"column":35}},"16":{"start":{"line":26,"column":0},"end":{"line":26,"column":32}},"17":{"start":{"line":31,"column":0},"end":{"line":31,"column":27}},"18":{"start":{"line":35,"column":0},"end":{"line":38,"column":3}},"19":{"start":{"line":36,"column":4},"end":{"line":36,"column":51}},"20":{"start":{"line":41,"column":0},"end":{"line":44,"column":3}},"21":{"start":{"line":43,"column":4},"end":{"line":43,"column":40}},"22":{"start":{"line":46,"column":0},"end":{"line":56,"column":3}},"23":{"start":{"line":47,"column":20},"end":{"line":47,"column":57}},"24":{"start":{"line":49,"column":4},"end":{"line":54,"column":5}},"25":{"start":{"line":50,"column":8},"end":{"line":50,"column":24}},"26":{"start":{"line":51,"column":8},"end":{"line":51,"column":19}},"27":{"start":{"line":53,"column":8},"end":{"line":53,"column":25}},"28":{"start":{"line":58,"column":0},"end":{"line":67,"column":3}},"29":{"start":{"line":59,"column":20},"end":{"line":59,"column":57}},"30":{"start":{"line":60,"column":4},"end":{"line":64,"column":5}},"31":{"start":{"line":61,"column":8},"end":{"line":61,"column":24}},"32":{"start":{"line":63,"column":8},"end":{"line":63,"column":24}},"33":{"start":{"line":66,"column":4},"end":{"line":66,"column":15}},"34":{"start":{"line":69,"column":0},"end":{"line":78,"column":3}},"35":{"start":{"line":71,"column":16},"end":{"line":71,"column":24}},"36":{"start":{"line":73,"column":15},"end":{"line":73,"column":121}},"37":{"start":{"line":74,"column":4},"end":{"line":74,"column":20}},"38":{"start":{"line":75,"column":4},"end":{"line":75,"column":49}},"39":{"start":{"line":76,"column":4},"end":{"line":76,"column":15}},"40":{"start":{"line":80,"column":0},"end":{"line":96,"column":3}},"41":{"start":{"line":81,"column":4},"end":{"line":85,"column":5}},"42":{"start":{"line":82,"column":8},"end":{"line":82,"column":24}},"43":{"start":{"line":83,"column":8},"end":{"line":83,"column":19}},"44":{"start":{"line":84,"column":8},"end":{"line":84,"column":15}},"45":{"start":{"line":87,"column":20},"end":{"line":87,"column":52}},"46":{"start":{"line":89,"column":4},"end":{"line":93,"column":5}},"47":{"start":{"line":90,"column":8},"end":{"line":90,"column":24}},"48":{"start":{"line":92,"column":8},"end":{"line":92,"column":24}},"49":{"start":{"line":95,"column":4},"end":{"line":95,"column":15}},"50":{"start":{"line":98,"column":0},"end":{"line":101,"column":3}},"51":{"start":{"line":99,"column":4},"end":{"line":99,"column":20}},"52":{"start":{"line":100,"column":4},"end":{"line":100,"column":15}},"53":{"start":{"line":104,"column":0},"end":{"line":108,"column":4}},"54":{"start":{"line":112,"column":0},"end":{"line":112,"column":34}},"55":{"start":{"line":115,"column":0},"end":{"line":131,"column":3}},"56":{"start":{"line":122,"column":19},"end":{"line":122,"column":53}},"57":{"start":{"line":124,"column":8},"end":{"line":126,"column":9}},"58":{"start":{"line":125,"column":12},"end":{"line":125,"column":77}},"59":{"start":{"line":128,"column":21},"end":{"line":128,"column":42}},"60":{"start":{"line":129,"column":8},"end":{"line":129,"column":32}},"61":{"start":{"line":134,"column":0},"end":{"line":136,"column":3}},"62":{"start":{"line":135,"column":4},"end":{"line":135,"column":24}},"63":{"start":{"line":138,"column":0},"end":{"line":147,"column":3}},"64":{"start":{"line":140,"column":17},"end":{"line":140,"column":34}},"65":{"start":{"line":142,"column":4},"end":{"line":146,"column":5}},"66":{"start":{"line":143,"column":8},"end":{"line":143,"column":25}},"67":{"start":{"line":145,"column":8},"end":{"line":145,"column":26}},"68":{"start":{"line":149,"column":0},"end":{"line":149,"column":31}},"69":{"start":{"line":150,"column":0},"end":{"line":150,"column":28}},"70":{"start":{"line":154,"column":0},"end":{"line":154,"column":25}},"71":{"start":{"line":157,"column":0},"end":{"line":159,"column":3}},"72":{"start":{"line":158,"column":4},"end":{"line":158,"column":78}},"73":{"start":{"line":161,"column":0},"end":{"line":161,"column":23}}},"fnMap":{"0":{"name":"(anonymous_0)","decl":{"start":{"line":35,"column":12},"end":{"line":35,"column":13}},"loc":{"start":{"line":35,"column":35},"end":{"line":38,"column":1}},"line":35},"1":{"name":"(anonymous_1)","decl":{"start":{"line":41,"column":25},"end":{"line":41,"column":26}},"loc":{"start":{"line":41,"column":39},"end":{"line":44,"column":1}},"line":41},"2":{"name":"(anonymous_2)","decl":{"start":{"line":46,"column":29},"end":{"line":46,"column":30}},"loc":{"start":{"line":46,"column":43},"end":{"line":56,"column":1}},"line":46},"3":{"name":"(anonymous_3)","decl":{"start":{"line":58,"column":32},"end":{"line":58,"column":33}},"loc":{"start":{"line":58,"column":46},"end":{"line":67,"column":1}},"line":58},"4":{"name":"(anonymous_4)","decl":{"start":{"line":69,"column":26},"end":{"line":69,"column":27}},"loc":{"start":{"line":69,"column":40},"end":{"line":78,"column":1}},"line":69},"5":{"name":"(anonymous_5)","decl":{"start":{"line":80,"column":29},"end":{"line":80,"column":30}},"loc":{"start":{"line":80,"column":43},"end":{"line":96,"column":1}},"line":80},"6":{"name":"(anonymous_6)","decl":{"start":{"line":98,"column":27},"end":{"line":98,"column":28}},"loc":{"start":{"line":98,"column":40},"end":{"line":101,"column":1}},"line":98},"7":{"name":"(anonymous_7)","decl":{"start":{"line":120,"column":4},"end":{"line":120,"column":5}},"loc":{"start":{"line":120,"column":38},"end":{"line":130,"column":5}},"line":120},"8":{"name":"(anonymous_8)","decl":{"start":{"line":134,"column":23},"end":{"line":134,"column":24}},"loc":{"start":{"line":134,"column":45},"end":{"line":136,"column":1}},"line":134},"9":{"name":"(anonymous_9)","decl":{"start":{"line":138,"column":25},"end":{"line":138,"column":26}},"loc":{"start":{"line":138,"column":45},"end":{"line":147,"column":1}},"line":138},"10":{"name":"(anonymous_10)","decl":{"start":{"line":157,"column":8},"end":{"line":157,"column":9}},"loc":{"start":{"line":157,"column":28},"end":{"line":159,"column":1}},"line":157}},"branchMap":{"0":{"loc":{"start":{"line":49,"column":4},"end":{"line":54,"column":5}},"type":"if","locations":[{"start":{"line":49,"column":4},"end":{"line":54,"column":5}},{"start":{"line":49,"column":4},"end":{"line":54,"column":5}}],"line":49},"1":{"loc":{"start":{"line":60,"column":4},"end":{"line":64,"column":5}},"type":"if","locations":[{"start":{"line":60,"column":4},"end":{"line":64,"column":5}},{"start":{"line":60,"column":4},"end":{"line":64,"column":5}}],"line":60},"2":{"loc":{"start":{"line":81,"column":4},"end":{"line":85,"column":5}},"type":"if","locations":[{"start":{"line":81,"column":4},"end":{"line":85,"column":5}},{"start":{"line":81,"column":4},"end":{"line":85,"column":5}}],"line":81},"3":{"loc":{"start":{"line":89,"column":4},"end":{"line":93,"column":5}},"type":"if","locations":[{"start":{"line":89,"column":4},"end":{"line":93,"column":5}},{"start":{"line":89,"column":4},"end":{"line":93,"column":5}}],"line":89},"4":{"loc":{"start":{"line":124,"column":8},"end":{"line":126,"column":9}},"type":"if","locations":[{"start":{"line":124,"column":8},"end":{"line":126,"column":9}},{"start":{"line":124,"column":8},"end":{"line":126,"column":9}}],"line":124},"5":{"loc":{"start":{"line":142,"column":4},"end":{"line":146,"column":5}},"type":"if","locations":[{"start":{"line":142,"column":4},"end":{"line":146,"column":5}},{"start":{"line":142,"column":4},"end":{"line":146,"column":5}}],"line":142}},"s":{"0":6,"1":6,"2":6,"3":6,"4":6,"5":6,"6":6,"7":6,"8":6,"9":6,"10":6,"11":6,"12":6,"13":6,"14":6,"15":6,"16":6,"17":6,"18":6,"19":0,"20":6,"21":8,"22":6,"23":4,"24":4,"25":1,"26":1,"27":3,"28":6,"29":3,"30":3,"31":3,"32":0,"33":3,"34":6,"35":1,"36":1,"37":1,"38":1,"39":1,"40":6,"41":0,"42":0,"43":0,"44":0,"45":0,"46":0,"47":0,"48":0,"49":0,"50":6,"51":0,"52":0,"53":6,"54":6,"55":6,"56":14,"57":14,"58":2,"59":12,"60":12,"61":6,"62":12,"63":6,"64":8,"65":8,"66":8,"67":0,"68":6,"69":6,"70":6,"71":6,"72":2,"73":6},"f":{"0":0,"1":8,"2":4,"3":3,"4":1,"5":0,"6":0,"7":14,"8":12,"9":8,"10":2},"b":{"0":[1,3],"1":[3,0],"2":[0,0],"3":[0,0],"4":[2,12],"5":[8,0]},"_coverageSchema":"43e27e138ebf9cfc5966b082cf9a028302ed4184","hash":"2d65b53bead4c58d48870c1f925db6d6455b23e4"}
,"B:\\OneDrive\\Documents\\Skole\\4.semester\\Webutvikling og API design\\kontExam\\src\\server\\server.js": {"path":"B:\\OneDrive\\Documents\\Skole\\4.semester\\Webutvikling og API design\\kontExam\\src\\server\\server.js","statementMap":{"0":{"start":{"line":3,"column":14},"end":{"line":3,"column":30}},"1":{"start":{"line":4,"column":17},"end":{"line":4,"column":41}},"2":{"start":{"line":6,"column":13},"end":{"line":6,"column":37}},"3":{"start":{"line":8,"column":0},"end":{"line":11,"column":3}},"4":{"start":{"line":9,"column":4},"end":{"line":9,"column":32}},"5":{"start":{"line":10,"column":4},"end":{"line":10,"column":50}}},"fnMap":{"0":{"name":"(anonymous_0)","decl":{"start":{"line":8,"column":17},"end":{"line":8,"column":18}},"loc":{"start":{"line":8,"column":23},"end":{"line":11,"column":1}},"line":8}},"branchMap":{"0":{"loc":{"start":{"line":6,"column":13},"end":{"line":6,"column":37}},"type":"binary-expr","locations":[{"start":{"line":6,"column":13},"end":{"line":6,"column":29}},{"start":{"line":6,"column":33},"end":{"line":6,"column":37}}],"line":6}},"s":{"0":0,"1":0,"2":0,"3":0,"4":0,"5":0},"f":{"0":0},"b":{"0":[0,0]},"hash":"096f51a6570c4e602a84e644e3dd2e22decb0bb1"}
,"B:\\OneDrive\\Documents\\Skole\\4.semester\\Webutvikling og API design\\kontExam\\src\\server\\db\\auctions.js": {"path":"B:\\OneDrive\\Documents\\Skole\\4.semester\\Webutvikling og API design\\kontExam\\src\\server\\db\\auctions.js","statementMap":{"0":{"start":{"line":4,"column":17},"end":{"line":4,"column":26}},"1":{"start":{"line":9,"column":4},"end":{"line":9,"column":21}},"2":{"start":{"line":10,"column":4},"end":{"line":10,"column":16}},"3":{"start":{"line":12,"column":4},"end":{"line":12,"column":71}},"4":{"start":{"line":13,"column":4},"end":{"line":13,"column":58}},"5":{"start":{"line":14,"column":4},"end":{"line":14,"column":71}},"6":{"start":{"line":18,"column":14},"end":{"line":18,"column":15}},"7":{"start":{"line":21,"column":15},"end":{"line":21,"column":27}},"8":{"start":{"line":22,"column":4},"end":{"line":22,"column":14}},"9":{"start":{"line":24,"column":21},"end":{"line":32,"column":5}},"10":{"start":{"line":34,"column":4},"end":{"line":34,"column":31}},"11":{"start":{"line":35,"column":4},"end":{"line":35,"column":14}},"12":{"start":{"line":39,"column":4},"end":{"line":39,"column":30}},"13":{"start":{"line":43,"column":4},"end":{"line":43,"column":27}},"14":{"start":{"line":47,"column":4},"end":{"line":47,"column":40}},"15":{"start":{"line":51,"column":4},"end":{"line":53,"column":5}},"16":{"start":{"line":52,"column":8},"end":{"line":52,"column":21}},"17":{"start":{"line":55,"column":4},"end":{"line":55,"column":42}},"18":{"start":{"line":56,"column":4},"end":{"line":56,"column":16}},"19":{"start":{"line":59,"column":0},"end":{"line":59,"column":113}}},"fnMap":{"0":{"name":"initWithAuctions","decl":{"start":{"line":8,"column":9},"end":{"line":8,"column":25}},"loc":{"start":{"line":8,"column":28},"end":{"line":17,"column":1}},"line":8},"1":{"name":"createNewAuction","decl":{"start":{"line":20,"column":9},"end":{"line":20,"column":25}},"loc":{"start":{"line":20,"column":82},"end":{"line":36,"column":1}},"line":20},"2":{"name":"deleteAuction","decl":{"start":{"line":38,"column":9},"end":{"line":38,"column":22}},"loc":{"start":{"line":38,"column":27},"end":{"line":40,"column":1}},"line":38},"3":{"name":"getAuction","decl":{"start":{"line":42,"column":9},"end":{"line":42,"column":19}},"loc":{"start":{"line":42,"column":24},"end":{"line":44,"column":1}},"line":42},"4":{"name":"getAllAuctions","decl":{"start":{"line":46,"column":9},"end":{"line":46,"column":23}},"loc":{"start":{"line":46,"column":26},"end":{"line":48,"column":1}},"line":46},"5":{"name":"updateAuction","decl":{"start":{"line":50,"column":9},"end":{"line":50,"column":22}},"loc":{"start":{"line":50,"column":34},"end":{"line":57,"column":1}},"line":50}},"branchMap":{"0":{"loc":{"start":{"line":51,"column":4},"end":{"line":53,"column":5}},"type":"if","locations":[{"start":{"line":51,"column":4},"end":{"line":53,"column":5}},{"start":{"line":51,"column":4},"end":{"line":53,"column":5}}],"line":51}},"s":{"0":6,"1":6,"2":6,"3":6,"4":6,"5":6,"6":6,"7":19,"8":19,"9":19,"10":19,"11":19,"12":3,"13":4,"14":9,"15":0,"16":0,"17":0,"18":0,"19":6},"f":{"0":6,"1":19,"2":3,"3":4,"4":9,"5":0},"b":{"0":[0,0]},"_coverageSchema":"43e27e138ebf9cfc5966b082cf9a028302ed4184","hash":"1478f79e06efd55deebbd52a1ebb917bd6c9a326"}
,"B:\\OneDrive\\Documents\\Skole\\4.semester\\Webutvikling og API design\\kontExam\\src\\server\\db\\users.js": {"path":"B:\\OneDrive\\Documents\\Skole\\4.semester\\Webutvikling og API design\\kontExam\\src\\server\\db\\users.js","statementMap":{"0":{"start":{"line":3,"column":14},"end":{"line":3,"column":23}},"1":{"start":{"line":9,"column":4},"end":{"line":9,"column":25}},"2":{"start":{"line":15,"column":17},"end":{"line":15,"column":28}},"3":{"start":{"line":17,"column":4},"end":{"line":19,"column":5}},"4":{"start":{"line":18,"column":8},"end":{"line":18,"column":21}},"5":{"start":{"line":21,"column":4},"end":{"line":21,"column":38}},"6":{"start":{"line":24,"column":13},"end":{"line":24,"column":14}},"7":{"start":{"line":28,"column":4},"end":{"line":30,"column":5}},"8":{"start":{"line":29,"column":8},"end":{"line":29,"column":21}},"9":{"start":{"line":32,"column":17},"end":{"line":36,"column":5}},"10":{"start":{"line":37,"column":4},"end":{"line":37,"column":13}},"11":{"start":{"line":40,"column":4},"end":{"line":40,"column":24}},"12":{"start":{"line":41,"column":4},"end":{"line":41,"column":16}},"13":{"start":{"line":46,"column":4},"end":{"line":46,"column":18}},"14":{"start":{"line":53,"column":0},"end":{"line":53,"column":66}}},"fnMap":{"0":{"name":"getUser","decl":{"start":{"line":7,"column":9},"end":{"line":7,"column":16}},"loc":{"start":{"line":7,"column":20},"end":{"line":10,"column":1}},"line":7},"1":{"name":"verifyUser","decl":{"start":{"line":13,"column":9},"end":{"line":13,"column":19}},"loc":{"start":{"line":13,"column":33},"end":{"line":22,"column":1}},"line":13},"2":{"name":"createUser","decl":{"start":{"line":25,"column":9},"end":{"line":25,"column":19}},"loc":{"start":{"line":25,"column":33},"end":{"line":42,"column":1}},"line":25},"3":{"name":"resetAllUsers","decl":{"start":{"line":45,"column":9},"end":{"line":45,"column":22}},"loc":{"start":{"line":45,"column":24},"end":{"line":47,"column":1}},"line":45}},"branchMap":{"0":{"loc":{"start":{"line":17,"column":4},"end":{"line":19,"column":5}},"type":"if","locations":[{"start":{"line":17,"column":4},"end":{"line":19,"column":5}},{"start":{"line":17,"column":4},"end":{"line":19,"column":5}}],"line":17},"1":{"loc":{"start":{"line":28,"column":4},"end":{"line":30,"column":5}},"type":"if","locations":[{"start":{"line":28,"column":4},"end":{"line":30,"column":5}},{"start":{"line":28,"column":4},"end":{"line":30,"column":5}}],"line":28}},"s":{"0":6,"1":73,"2":14,"3":14,"4":2,"5":12,"6":6,"7":37,"8":2,"9":35,"10":35,"11":35,"12":35,"13":14,"14":6},"f":{"0":73,"1":14,"2":37,"3":14},"b":{"0":[2,12],"1":[2,35]},"_coverageSchema":"43e27e138ebf9cfc5966b082cf9a028302ed4184","hash":"eb34a9bbf634295b83caafc0605200d0fc1ed3ac"}
,"B:\\OneDrive\\Documents\\Skole\\4.semester\\Webutvikling og API design\\kontExam\\src\\server\\routes\\auth-api.js": {"path":"B:\\OneDrive\\Documents\\Skole\\4.semester\\Webutvikling og API design\\kontExam\\src\\server\\routes\\auth-api.js","statementMap":{"0":{"start":{"line":3,"column":16},"end":{"line":3,"column":34}},"1":{"start":{"line":4,"column":17},"end":{"line":4,"column":36}},"2":{"start":{"line":5,"column":14},"end":{"line":5,"column":36}},"3":{"start":{"line":7,"column":15},"end":{"line":7,"column":31}},"4":{"start":{"line":9,"column":0},"end":{"line":12,"column":3}},"5":{"start":{"line":11,"column":4},"end":{"line":11,"column":27}},"6":{"start":{"line":14,"column":0},"end":{"line":33,"column":3}},"7":{"start":{"line":16,"column":20},"end":{"line":16,"column":72}},"8":{"start":{"line":18,"column":4},"end":{"line":21,"column":5}},"9":{"start":{"line":19,"column":8},"end":{"line":19,"column":31}},"10":{"start":{"line":20,"column":8},"end":{"line":20,"column":15}},"11":{"start":{"line":23,"column":4},"end":{"line":32,"column":7}},"12":{"start":{"line":24,"column":8},"end":{"line":31,"column":11}},"13":{"start":{"line":25,"column":12},"end":{"line":30,"column":13}},"14":{"start":{"line":27,"column":16},"end":{"line":27,"column":39}},"15":{"start":{"line":29,"column":16},"end":{"line":29,"column":39}},"16":{"start":{"line":35,"column":0},"end":{"line":39,"column":3}},"17":{"start":{"line":37,"column":4},"end":{"line":37,"column":17}},"18":{"start":{"line":38,"column":4},"end":{"line":38,"column":27}},"19":{"start":{"line":42,"column":0},"end":{"line":55,"column":3}},"20":{"start":{"line":44,"column":4},"end":{"line":47,"column":5}},"21":{"start":{"line":45,"column":8},"end":{"line":45,"column":31}},"22":{"start":{"line":46,"column":8},"end":{"line":46,"column":15}},"23":{"start":{"line":49,"column":4},"end":{"line":54,"column":6}},"24":{"start":{"line":61,"column":0},"end":{"line":61,"column":24}}},"fnMap":{"0":{"name":"(anonymous_0)","decl":{"start":{"line":9,"column":54},"end":{"line":9,"column":55}},"loc":{"start":{"line":9,"column":68},"end":{"line":12,"column":1}},"line":9},"1":{"name":"(anonymous_1)","decl":{"start":{"line":14,"column":23},"end":{"line":14,"column":24}},"loc":{"start":{"line":14,"column":43},"end":{"line":33,"column":1}},"line":14},"2":{"name":"(anonymous_2)","decl":{"start":{"line":23,"column":45},"end":{"line":23,"column":46}},"loc":{"start":{"line":23,"column":51},"end":{"line":32,"column":5}},"line":23},"3":{"name":"(anonymous_3)","decl":{"start":{"line":24,"column":25},"end":{"line":24,"column":26}},"loc":{"start":{"line":24,"column":34},"end":{"line":31,"column":9}},"line":24},"4":{"name":"(anonymous_4)","decl":{"start":{"line":35,"column":23},"end":{"line":35,"column":24}},"loc":{"start":{"line":35,"column":43},"end":{"line":39,"column":1}},"line":35},"5":{"name":"(anonymous_5)","decl":{"start":{"line":42,"column":20},"end":{"line":42,"column":21}},"loc":{"start":{"line":42,"column":40},"end":{"line":55,"column":1}},"line":42}},"branchMap":{"0":{"loc":{"start":{"line":18,"column":4},"end":{"line":21,"column":5}},"type":"if","locations":[{"start":{"line":18,"column":4},"end":{"line":21,"column":5}},{"start":{"line":18,"column":4},"end":{"line":21,"column":5}}],"line":18},"1":{"loc":{"start":{"line":25,"column":12},"end":{"line":30,"column":13}},"type":"if","locations":[{"start":{"line":25,"column":12},"end":{"line":30,"column":13}},{"start":{"line":25,"column":12},"end":{"line":30,"column":13}}],"line":25},"2":{"loc":{"start":{"line":44,"column":4},"end":{"line":47,"column":5}},"type":"if","locations":[{"start":{"line":44,"column":4},"end":{"line":47,"column":5}},{"start":{"line":44,"column":4},"end":{"line":47,"column":5}}],"line":44}},"s":{"0":6,"1":6,"2":6,"3":6,"4":6,"5":3,"6":6,"7":11,"8":11,"9":2,"10":2,"11":9,"12":9,"13":9,"14":0,"15":9,"16":6,"17":3,"18":3,"19":6,"20":9,"21":4,"22":4,"23":5,"24":6},"f":{"0":3,"1":11,"2":9,"3":9,"4":3,"5":9},"b":{"0":[2,9],"1":[0,9],"2":[4,5]},"_coverageSchema":"43e27e138ebf9cfc5966b082cf9a028302ed4184","hash":"b9cd8660bf053e5aab25feebe0df8dd09bd7b019"}
}
