{"B:\\OneDrive\\Documents\\Skole\\4.semester\\Webutvikling og API design\\kontExam\\src\\client\\auction_bid.jsx": {"path":"B:\\OneDrive\\Documents\\Skole\\4.semester\\Webutvikling og API design\\kontExam\\src\\client\\auction_bid.jsx","statementMap":{"0":{"start":{"line":6,"column":8},"end":{"line":6,"column":21}},"1":{"start":{"line":8,"column":8},"end":{"line":13,"column":10}},"2":{"start":{"line":15,"column":8},"end":{"line":15,"column":55}},"3":{"start":{"line":20,"column":19},"end":{"line":40,"column":5}},"4":{"start":{"line":21,"column":8},"end":{"line":21,"column":31}},"5":{"start":{"line":23,"column":8},"end":{"line":39,"column":9}},"6":{"start":{"line":24,"column":30},"end":{"line":30,"column":13}},"7":{"start":{"line":32,"column":12},"end":{"line":36,"column":13}},"8":{"start":{"line":33,"column":16},"end":{"line":33,"column":53}},"9":{"start":{"line":35,"column":16},"end":{"line":35,"column":38}},"10":{"start":{"line":38,"column":12},"end":{"line":38,"column":36}},"11":{"start":{"line":43,"column":20},"end":{"line":45,"column":5}},"12":{"start":{"line":44,"column":8},"end":{"line":44,"column":55}},"13":{"start":{"line":51,"column":8},"end":{"line":80,"column":9}}},"fnMap":{"0":{"name":"(anonymous_0)","decl":{"start":{"line":5,"column":4},"end":{"line":5,"column":5}},"loc":{"start":{"line":5,"column":23},"end":{"line":16,"column":5}},"line":5},"1":{"name":"(anonymous_1)","decl":{"start":{"line":20,"column":19},"end":{"line":20,"column":20}},"loc":{"start":{"line":20,"column":36},"end":{"line":40,"column":5}},"line":20},"2":{"name":"(anonymous_2)","decl":{"start":{"line":43,"column":20},"end":{"line":43,"column":21}},"loc":{"start":{"line":43,"column":31},"end":{"line":45,"column":5}},"line":43},"3":{"name":"(anonymous_3)","decl":{"start":{"line":48,"column":4},"end":{"line":48,"column":5}},"loc":{"start":{"line":48,"column":13},"end":{"line":81,"column":5}},"line":48}},"branchMap":{"0":{"loc":{"start":{"line":9,"column":18},"end":{"line":9,"column":65}},"type":"cond-expr","locations":[{"start":{"line":9,"column":36},"end":{"line":9,"column":51}},{"start":{"line":9,"column":54},"end":{"line":9,"column":65}}],"line":9},"1":{"loc":{"start":{"line":10,"column":25},"end":{"line":10,"column":86}},"type":"cond-expr","locations":[{"start":{"line":10,"column":50},"end":{"line":10,"column":72}},{"start":{"line":10,"column":75},"end":{"line":10,"column":86}}],"line":10},"2":{"loc":{"start":{"line":11,"column":19},"end":{"line":11,"column":68}},"type":"cond-expr","locations":[{"start":{"line":11,"column":38},"end":{"line":11,"column":54}},{"start":{"line":11,"column":57},"end":{"line":11,"column":68}}],"line":11},"3":{"loc":{"start":{"line":12,"column":24},"end":{"line":12,"column":83}},"type":"cond-expr","locations":[{"start":{"line":12,"column":48},"end":{"line":12,"column":69}},{"start":{"line":12,"column":72},"end":{"line":12,"column":83}}],"line":12},"4":{"loc":{"start":{"line":15,"column":18},"end":{"line":15,"column":54}},"type":"cond-expr","locations":[{"start":{"line":15,"column":34},"end":{"line":15,"column":47}},{"start":{"line":15,"column":50},"end":{"line":15,"column":54}}],"line":15},"5":{"loc":{"start":{"line":23,"column":8},"end":{"line":39,"column":9}},"type":"if","locations":[{"start":{"line":23,"column":8},"end":{"line":39,"column":9}},{"start":{"line":23,"column":8},"end":{"line":39,"column":9}}],"line":23},"6":{"loc":{"start":{"line":23,"column":11},"end":{"line":23,"column":100}},"type":"binary-expr","locations":[{"start":{"line":23,"column":11},"end":{"line":23,"column":56}},{"start":{"line":23,"column":60},"end":{"line":23,"column":100}}],"line":23},"7":{"loc":{"start":{"line":32,"column":12},"end":{"line":36,"column":13}},"type":"if","locations":[{"start":{"line":32,"column":12},"end":{"line":36,"column":13}},{"start":{"line":32,"column":12},"end":{"line":36,"column":13}}],"line":32}},"s":{"0":0,"1":0,"2":0,"3":0,"4":0,"5":0,"6":0,"7":0,"8":0,"9":0,"10":0,"11":0,"12":0,"13":0},"f":{"0":0,"1":0,"2":0,"3":0},"b":{"0":[0,0],"1":[0,0],"2":[0,0],"3":[0,0],"4":[0,0],"5":[0,0],"6":[0,0],"7":[0,0]},"hash":"5ca30a4796e610c3be93dca3c3408391a26a45d3"}
,"B:\\OneDrive\\Documents\\Skole\\4.semester\\Webutvikling og API design\\kontExam\\src\\client\\auction_item.jsx": {"path":"B:\\OneDrive\\Documents\\Skole\\4.semester\\Webutvikling og API design\\kontExam\\src\\client\\auction_item.jsx","statementMap":{"0":{"start":{"line":6,"column":8},"end":{"line":6,"column":21}},"1":{"start":{"line":8,"column":8},"end":{"line":15,"column":10}},"2":{"start":{"line":17,"column":8},"end":{"line":17,"column":55}},"3":{"start":{"line":22,"column":19},"end":{"line":39,"column":5}},"4":{"start":{"line":23,"column":8},"end":{"line":23,"column":31}},"5":{"start":{"line":25,"column":26},"end":{"line":32,"column":9}},"6":{"start":{"line":34,"column":8},"end":{"line":38,"column":9}},"7":{"start":{"line":35,"column":12},"end":{"line":35,"column":49}},"8":{"start":{"line":37,"column":12},"end":{"line":37,"column":49}},"9":{"start":{"line":42,"column":19},"end":{"line":44,"column":5}},"10":{"start":{"line":43,"column":8},"end":{"line":43,"column":49}},"11":{"start":{"line":46,"column":26},"end":{"line":48,"column":5}},"12":{"start":{"line":47,"column":8},"end":{"line":47,"column":56}},"13":{"start":{"line":50,"column":20},"end":{"line":52,"column":5}},"14":{"start":{"line":51,"column":8},"end":{"line":51,"column":50}},"15":{"start":{"line":57,"column":8},"end":{"line":99,"column":9}}},"fnMap":{"0":{"name":"(anonymous_0)","decl":{"start":{"line":5,"column":4},"end":{"line":5,"column":5}},"loc":{"start":{"line":5,"column":23},"end":{"line":18,"column":5}},"line":5},"1":{"name":"(anonymous_1)","decl":{"start":{"line":22,"column":19},"end":{"line":22,"column":20}},"loc":{"start":{"line":22,"column":36},"end":{"line":39,"column":5}},"line":22},"2":{"name":"(anonymous_2)","decl":{"start":{"line":42,"column":19},"end":{"line":42,"column":20}},"loc":{"start":{"line":42,"column":30},"end":{"line":44,"column":5}},"line":42},"3":{"name":"(anonymous_3)","decl":{"start":{"line":46,"column":26},"end":{"line":46,"column":27}},"loc":{"start":{"line":46,"column":37},"end":{"line":48,"column":5}},"line":46},"4":{"name":"(anonymous_4)","decl":{"start":{"line":50,"column":20},"end":{"line":50,"column":21}},"loc":{"start":{"line":50,"column":31},"end":{"line":52,"column":5}},"line":50},"5":{"name":"(anonymous_5)","decl":{"start":{"line":55,"column":4},"end":{"line":55,"column":5}},"loc":{"start":{"line":55,"column":13},"end":{"line":100,"column":5}},"line":55}},"branchMap":{"0":{"loc":{"start":{"line":9,"column":18},"end":{"line":9,"column":56}},"type":"cond-expr","locations":[{"start":{"line":9,"column":36},"end":{"line":9,"column":51}},{"start":{"line":9,"column":54},"end":{"line":9,"column":56}}],"line":9},"1":{"loc":{"start":{"line":10,"column":25},"end":{"line":10,"column":77}},"type":"cond-expr","locations":[{"start":{"line":10,"column":50},"end":{"line":10,"column":72}},{"start":{"line":10,"column":75},"end":{"line":10,"column":77}}],"line":10},"2":{"loc":{"start":{"line":11,"column":19},"end":{"line":11,"column":59}},"type":"cond-expr","locations":[{"start":{"line":11,"column":38},"end":{"line":11,"column":54}},{"start":{"line":11,"column":57},"end":{"line":11,"column":59}}],"line":11},"3":{"loc":{"start":{"line":12,"column":24},"end":{"line":12,"column":75}},"type":"cond-expr","locations":[{"start":{"line":12,"column":48},"end":{"line":12,"column":69}},{"start":{"line":12,"column":72},"end":{"line":12,"column":75}}],"line":12},"4":{"loc":{"start":{"line":13,"column":23},"end":{"line":13,"column":73}},"type":"cond-expr","locations":[{"start":{"line":13,"column":46},"end":{"line":13,"column":66}},{"start":{"line":13,"column":69},"end":{"line":13,"column":73}}],"line":13},"5":{"loc":{"start":{"line":14,"column":20},"end":{"line":14,"column":72}},"type":"cond-expr","locations":[{"start":{"line":14,"column":45},"end":{"line":14,"column":67}},{"start":{"line":14,"column":70},"end":{"line":14,"column":72}}],"line":14},"6":{"loc":{"start":{"line":17,"column":18},"end":{"line":17,"column":54}},"type":"cond-expr","locations":[{"start":{"line":17,"column":34},"end":{"line":17,"column":47}},{"start":{"line":17,"column":50},"end":{"line":17,"column":54}}],"line":17},"7":{"loc":{"start":{"line":34,"column":8},"end":{"line":38,"column":9}},"type":"if","locations":[{"start":{"line":34,"column":8},"end":{"line":38,"column":9}},{"start":{"line":34,"column":8},"end":{"line":38,"column":9}}],"line":34}},"s":{"0":2,"1":2,"2":0,"3":2,"4":0,"5":0,"6":0,"7":0,"8":0,"9":2,"10":0,"11":2,"12":0,"13":2,"14":0,"15":0},"f":{"0":2,"1":0,"2":0,"3":0,"4":0,"5":0},"b":{"0":[0,2],"1":[0,2],"2":[0,2],"3":[0,2],"4":[0,2],"5":[0,0],"6":[0,0],"7":[0,0]},"_coverageSchema":"43e27e138ebf9cfc5966b082cf9a028302ed4184","hash":"ce522296ee6a91b896ea3ce1c8231a4aed4bd53a"}
,"B:\\OneDrive\\Documents\\Skole\\4.semester\\Webutvikling og API design\\kontExam\\src\\client\\auctions.jsx": {"path":"B:\\OneDrive\\Documents\\Skole\\4.semester\\Webutvikling og API design\\kontExam\\src\\client\\auctions.jsx","statementMap":{"0":{"start":{"line":11,"column":8},"end":{"line":11,"column":21}},"1":{"start":{"line":13,"column":8},"end":{"line":16,"column":9}},"2":{"start":{"line":21,"column":8},"end":{"line":23,"column":9}},"3":{"start":{"line":22,"column":12},"end":{"line":22,"column":48}},"4":{"start":{"line":25,"column":8},"end":{"line":25,"column":33}},"5":{"start":{"line":29,"column":20},"end":{"line":29,"column":35}},"6":{"start":{"line":34,"column":8},"end":{"line":43,"column":9}},"7":{"start":{"line":35,"column":12},"end":{"line":35,"column":40}},"8":{"start":{"line":36,"column":12},"end":{"line":36,"column":44}},"9":{"start":{"line":38,"column":12},"end":{"line":41,"column":15}},"10":{"start":{"line":42,"column":12},"end":{"line":42,"column":19}},"11":{"start":{"line":45,"column":8},"end":{"line":55,"column":9}},"12":{"start":{"line":46,"column":12},"end":{"line":49,"column":15}},"13":{"start":{"line":51,"column":12},"end":{"line":54,"column":15}},"14":{"start":{"line":59,"column":20},"end":{"line":79,"column":5}},"15":{"start":{"line":60,"column":20},"end":{"line":60,"column":41}},"16":{"start":{"line":64,"column":8},"end":{"line":69,"column":9}},"17":{"start":{"line":65,"column":12},"end":{"line":65,"column":60}},"18":{"start":{"line":67,"column":12},"end":{"line":67,"column":53}},"19":{"start":{"line":68,"column":12},"end":{"line":68,"column":25}},"20":{"start":{"line":71,"column":8},"end":{"line":74,"column":9}},"21":{"start":{"line":72,"column":12},"end":{"line":72,"column":77}},"22":{"start":{"line":73,"column":12},"end":{"line":73,"column":25}},"23":{"start":{"line":76,"column":8},"end":{"line":76,"column":33}},"24":{"start":{"line":78,"column":8},"end":{"line":78,"column":20}},"25":{"start":{"line":81,"column":24},"end":{"line":109,"column":5}},"26":{"start":{"line":82,"column":20},"end":{"line":82,"column":41}},"27":{"start":{"line":83,"column":8},"end":{"line":87,"column":9}},"28":{"start":{"line":84,"column":12},"end":{"line":84,"column":29}},"29":{"start":{"line":86,"column":12},"end":{"line":86,"column":28}},"30":{"start":{"line":88,"column":24},"end":{"line":88,"column":85}},"31":{"start":{"line":92,"column":8},"end":{"line":102,"column":9}},"32":{"start":{"line":93,"column":12},"end":{"line":99,"column":15}},"33":{"start":{"line":101,"column":12},"end":{"line":101,"column":25}},"34":{"start":{"line":104,"column":8},"end":{"line":104,"column":33}},"35":{"start":{"line":107,"column":8},"end":{"line":107,"column":39}},"36":{"start":{"line":114,"column":21},"end":{"line":114,"column":36}},"37":{"start":{"line":115,"column":25},"end":{"line":115,"column":60}},"38":{"start":{"line":121,"column":8},"end":{"line":177,"column":9}},"39":{"start":{"line":122,"column":12},"end":{"line":122,"column":45}},"40":{"start":{"line":123,"column":15},"end":{"line":177,"column":9}},"41":{"start":{"line":124,"column":12},"end":{"line":124,"column":73}},"42":{"start":{"line":126,"column":12},"end":{"line":176,"column":18}},"43":{"start":{"line":140,"column":24},"end":{"line":172,"column":29}},"44":{"start":{"line":160,"column":91},"end":{"line":160,"column":115}},"45":{"start":{"line":161,"column":91},"end":{"line":161,"column":188}},"46":{"start":{"line":182,"column":8},"end":{"line":204,"column":10}}},"fnMap":{"0":{"name":"(anonymous_0)","decl":{"start":{"line":10,"column":4},"end":{"line":10,"column":5}},"loc":{"start":{"line":10,"column":23},"end":{"line":17,"column":5}},"line":10},"1":{"name":"(anonymous_1)","decl":{"start":{"line":19,"column":4},"end":{"line":19,"column":5}},"loc":{"start":{"line":19,"column":24},"end":{"line":26,"column":5}},"line":19},"2":{"name":"(anonymous_2)","decl":{"start":{"line":28,"column":4},"end":{"line":28,"column":5}},"loc":{"start":{"line":28,"column":29},"end":{"line":56,"column":5}},"line":28},"3":{"name":"(anonymous_3)","decl":{"start":{"line":59,"column":20},"end":{"line":59,"column":21}},"loc":{"start":{"line":59,"column":34},"end":{"line":79,"column":5}},"line":59},"4":{"name":"(anonymous_4)","decl":{"start":{"line":81,"column":24},"end":{"line":81,"column":25}},"loc":{"start":{"line":81,"column":95},"end":{"line":109,"column":5}},"line":81},"5":{"name":"(anonymous_5)","decl":{"start":{"line":112,"column":4},"end":{"line":112,"column":5}},"loc":{"start":{"line":112,"column":13},"end":{"line":205,"column":5}},"line":112},"6":{"name":"(anonymous_6)","decl":{"start":{"line":139,"column":49},"end":{"line":139,"column":50}},"loc":{"start":{"line":140,"column":24},"end":{"line":172,"column":29}},"line":140},"7":{"name":"(anonymous_7)","decl":{"start":{"line":160,"column":86},"end":{"line":160,"column":87}},"loc":{"start":{"line":160,"column":91},"end":{"line":160,"column":115}},"line":160},"8":{"name":"(anonymous_8)","decl":{"start":{"line":161,"column":86},"end":{"line":161,"column":87}},"loc":{"start":{"line":161,"column":91},"end":{"line":161,"column":188}},"line":161}},"branchMap":{"0":{"loc":{"start":{"line":21,"column":8},"end":{"line":23,"column":9}},"type":"if","locations":[{"start":{"line":21,"column":8},"end":{"line":23,"column":9}},{"start":{"line":21,"column":8},"end":{"line":23,"column":9}}],"line":21},"1":{"loc":{"start":{"line":45,"column":8},"end":{"line":55,"column":9}},"type":"if","locations":[{"start":{"line":45,"column":8},"end":{"line":55,"column":9}},{"start":{"line":45,"column":8},"end":{"line":55,"column":9}}],"line":45},"2":{"loc":{"start":{"line":71,"column":8},"end":{"line":74,"column":9}},"type":"if","locations":[{"start":{"line":71,"column":8},"end":{"line":74,"column":9}},{"start":{"line":71,"column":8},"end":{"line":74,"column":9}}],"line":71},"3":{"loc":{"start":{"line":83,"column":8},"end":{"line":87,"column":9}},"type":"if","locations":[{"start":{"line":83,"column":8},"end":{"line":87,"column":9}},{"start":{"line":83,"column":8},"end":{"line":87,"column":9}}],"line":83},"4":{"loc":{"start":{"line":115,"column":25},"end":{"line":115,"column":60}},"type":"binary-expr","locations":[{"start":{"line":115,"column":25},"end":{"line":115,"column":38}},{"start":{"line":115,"column":42},"end":{"line":115,"column":60}}],"line":115},"5":{"loc":{"start":{"line":121,"column":8},"end":{"line":177,"column":9}},"type":"if","locations":[{"start":{"line":121,"column":8},"end":{"line":177,"column":9}},{"start":{"line":121,"column":8},"end":{"line":177,"column":9}}],"line":121},"6":{"loc":{"start":{"line":123,"column":15},"end":{"line":177,"column":9}},"type":"if","locations":[{"start":{"line":123,"column":15},"end":{"line":177,"column":9}},{"start":{"line":123,"column":15},"end":{"line":177,"column":9}}],"line":123},"7":{"loc":{"start":{"line":123,"column":18},"end":{"line":123,"column":82}},"type":"binary-expr","locations":[{"start":{"line":123,"column":18},"end":{"line":123,"column":42}},{"start":{"line":123,"column":46},"end":{"line":123,"column":82}}],"line":123},"8":{"loc":{"start":{"line":145,"column":29},"end":{"line":149,"column":29}},"type":"cond-expr","locations":[{"start":{"line":146,"column":32},"end":{"line":146,"column":50}},{"start":{"line":148,"column":32},"end":{"line":148,"column":45}}],"line":145},"9":{"loc":{"start":{"line":151,"column":33},"end":{"line":169,"column":33}},"type":"cond-expr","locations":[{"start":{"line":152,"column":36},"end":{"line":164,"column":42}},{"start":{"line":166,"column":36},"end":{"line":168,"column":42}}],"line":151},"10":{"loc":{"start":{"line":153,"column":41},"end":{"line":157,"column":41}},"type":"binary-expr","locations":[{"start":{"line":153,"column":41},"end":{"line":153,"column":76}},{"start":{"line":153,"column":80},"end":{"line":153,"column":91}},{"start":{"line":154,"column":44},"end":{"line":156,"column":51}}],"line":153},"11":{"loc":{"start":{"line":158,"column":41},"end":{"line":163,"column":41}},"type":"binary-expr","locations":[{"start":{"line":158,"column":41},"end":{"line":158,"column":76}},{"start":{"line":159,"column":44},"end":{"line":162,"column":50}}],"line":158},"12":{"loc":{"start":{"line":185,"column":17},"end":{"line":200,"column":17}},"type":"cond-expr","locations":[{"start":{"line":186,"column":20},"end":{"line":193,"column":26}},{"start":{"line":195,"column":20},"end":{"line":199,"column":26}}],"line":185}},"s":{"0":2,"1":2,"2":2,"3":0,"4":2,"5":2,"6":2,"7":2,"8":2,"9":0,"10":0,"11":2,"12":2,"13":0,"14":2,"15":0,"16":0,"17":0,"18":0,"19":0,"20":0,"21":0,"22":0,"23":0,"24":0,"25":2,"26":0,"27":0,"28":0,"29":0,"30":0,"31":0,"32":0,"33":0,"34":0,"35":0,"36":4,"37":4,"38":4,"39":0,"40":4,"41":2,"42":2,"43":4,"44":0,"45":0,"46":4},"f":{"0":2,"1":2,"2":2,"3":0,"4":0,"5":4,"6":4,"7":0,"8":0},"b":{"0":[0,2],"1":[2,0],"2":[0,0],"3":[0,0],"4":[4,4],"5":[0,4],"6":[2,2],"7":[4,2],"8":[2,2],"9":[0,4],"10":[0,0,0],"11":[0,0],"12":[0,4]},"_coverageSchema":"43e27e138ebf9cfc5966b082cf9a028302ed4184","hash":"dde56b564cbcd08636eda7e376b3f34517125326"}
,"B:\\OneDrive\\Documents\\Skole\\4.semester\\Webutvikling og API design\\kontExam\\src\\client\\bid.jsx": {"path":"B:\\OneDrive\\Documents\\Skole\\4.semester\\Webutvikling og API design\\kontExam\\src\\client\\bid.jsx","statementMap":{"0":{"start":{"line":7,"column":8},"end":{"line":7,"column":21}},"1":{"start":{"line":10,"column":8},"end":{"line":13,"column":10}},"2":{"start":{"line":15,"column":8},"end":{"line":15,"column":86}},"3":{"start":{"line":17,"column":8},"end":{"line":19,"column":9}},"4":{"start":{"line":18,"column":12},"end":{"line":18,"column":57}},"5":{"start":{"line":24,"column":8},"end":{"line":26,"column":9}},"6":{"start":{"line":25,"column":12},"end":{"line":25,"column":32}},"7":{"start":{"line":28,"column":8},"end":{"line":30,"column":9}},"8":{"start":{"line":29,"column":12},"end":{"line":29,"column":48}},"9":{"start":{"line":35,"column":20},"end":{"line":35,"column":53}},"10":{"start":{"line":40,"column":8},"end":{"line":49,"column":9}},"11":{"start":{"line":41,"column":12},"end":{"line":41,"column":40}},"12":{"start":{"line":42,"column":12},"end":{"line":42,"column":44}},"13":{"start":{"line":44,"column":12},"end":{"line":47,"column":15}},"14":{"start":{"line":48,"column":12},"end":{"line":48,"column":19}},"15":{"start":{"line":51,"column":8},"end":{"line":61,"column":9}},"16":{"start":{"line":52,"column":12},"end":{"line":55,"column":15}},"17":{"start":{"line":57,"column":12},"end":{"line":60,"column":14}},"18":{"start":{"line":66,"column":11},"end":{"line":86,"column":5}},"19":{"start":{"line":67,"column":20},"end":{"line":67,"column":41}},"20":{"start":{"line":69,"column":24},"end":{"line":69,"column":66}},"21":{"start":{"line":73,"column":8},"end":{"line":83,"column":9}},"22":{"start":{"line":74,"column":12},"end":{"line":80,"column":15}},"23":{"start":{"line":82,"column":12},"end":{"line":82,"column":25}},"24":{"start":{"line":85,"column":8},"end":{"line":85,"column":39}},"25":{"start":{"line":90,"column":21},"end":{"line":90,"column":36}},"26":{"start":{"line":91,"column":25},"end":{"line":91,"column":60}},"27":{"start":{"line":93,"column":8},"end":{"line":99,"column":9}},"28":{"start":{"line":94,"column":12},"end":{"line":98,"column":14}},"29":{"start":{"line":101,"column":8},"end":{"line":105,"column":9}},"30":{"start":{"line":102,"column":12},"end":{"line":104,"column":14}},"31":{"start":{"line":109,"column":8},"end":{"line":133,"column":10}}},"fnMap":{"0":{"name":"(anonymous_0)","decl":{"start":{"line":6,"column":4},"end":{"line":6,"column":5}},"loc":{"start":{"line":6,"column":23},"end":{"line":20,"column":5}},"line":6},"1":{"name":"(anonymous_1)","decl":{"start":{"line":23,"column":4},"end":{"line":23,"column":5}},"loc":{"start":{"line":23,"column":24},"end":{"line":31,"column":5}},"line":23},"2":{"name":"(anonymous_2)","decl":{"start":{"line":33,"column":4},"end":{"line":33,"column":5}},"loc":{"start":{"line":33,"column":24},"end":{"line":63,"column":5}},"line":33},"3":{"name":"(anonymous_3)","decl":{"start":{"line":66,"column":11},"end":{"line":66,"column":12}},"loc":{"start":{"line":66,"column":63},"end":{"line":86,"column":5}},"line":66},"4":{"name":"(anonymous_4)","decl":{"start":{"line":89,"column":4},"end":{"line":89,"column":5}},"loc":{"start":{"line":89,"column":13},"end":{"line":134,"column":5}},"line":89}},"branchMap":{"0":{"loc":{"start":{"line":17,"column":8},"end":{"line":19,"column":9}},"type":"if","locations":[{"start":{"line":17,"column":8},"end":{"line":19,"column":9}},{"start":{"line":17,"column":8},"end":{"line":19,"column":9}}],"line":17},"1":{"loc":{"start":{"line":24,"column":8},"end":{"line":26,"column":9}},"type":"if","locations":[{"start":{"line":24,"column":8},"end":{"line":26,"column":9}},{"start":{"line":24,"column":8},"end":{"line":26,"column":9}}],"line":24},"2":{"loc":{"start":{"line":28,"column":8},"end":{"line":30,"column":9}},"type":"if","locations":[{"start":{"line":28,"column":8},"end":{"line":30,"column":9}},{"start":{"line":28,"column":8},"end":{"line":30,"column":9}}],"line":28},"3":{"loc":{"start":{"line":51,"column":8},"end":{"line":61,"column":9}},"type":"if","locations":[{"start":{"line":51,"column":8},"end":{"line":61,"column":9}},{"start":{"line":51,"column":8},"end":{"line":61,"column":9}}],"line":51},"4":{"loc":{"start":{"line":91,"column":25},"end":{"line":91,"column":60}},"type":"binary-expr","locations":[{"start":{"line":91,"column":25},"end":{"line":91,"column":38}},{"start":{"line":91,"column":42},"end":{"line":91,"column":60}}],"line":91},"5":{"loc":{"start":{"line":93,"column":8},"end":{"line":99,"column":9}},"type":"if","locations":[{"start":{"line":93,"column":8},"end":{"line":99,"column":9}},{"start":{"line":93,"column":8},"end":{"line":99,"column":9}}],"line":93},"6":{"loc":{"start":{"line":101,"column":8},"end":{"line":105,"column":9}},"type":"if","locations":[{"start":{"line":101,"column":8},"end":{"line":105,"column":9}},{"start":{"line":101,"column":8},"end":{"line":105,"column":9}}],"line":101},"7":{"loc":{"start":{"line":111,"column":17},"end":{"line":129,"column":17}},"type":"cond-expr","locations":[{"start":{"line":112,"column":20},"end":{"line":123,"column":26}},{"start":{"line":125,"column":20},"end":{"line":128,"column":26}}],"line":111}},"s":{"0":0,"1":0,"2":0,"3":0,"4":0,"5":0,"6":0,"7":0,"8":0,"9":0,"10":0,"11":0,"12":0,"13":0,"14":0,"15":0,"16":0,"17":0,"18":0,"19":0,"20":0,"21":0,"22":0,"23":0,"24":0,"25":0,"26":0,"27":0,"28":0,"29":0,"30":0,"31":0},"f":{"0":0,"1":0,"2":0,"3":0,"4":0},"b":{"0":[0,0],"1":[0,0],"2":[0,0],"3":[0,0],"4":[0,0],"5":[0,0],"6":[0,0],"7":[0,0]},"hash":"8c6a840791f48fee1083878e59d7652e6f4024c6"}
,"B:\\OneDrive\\Documents\\Skole\\4.semester\\Webutvikling og API design\\kontExam\\src\\client\\create.jsx": {"path":"B:\\OneDrive\\Documents\\Skole\\4.semester\\Webutvikling og API design\\kontExam\\src\\client\\create.jsx","statementMap":{"0":{"start":{"line":7,"column":8},"end":{"line":7,"column":21}},"1":{"start":{"line":11,"column":8},"end":{"line":13,"column":9}},"2":{"start":{"line":12,"column":12},"end":{"line":12,"column":48}},"3":{"start":{"line":16,"column":11},"end":{"line":36,"column":5}},"4":{"start":{"line":17,"column":20},"end":{"line":17,"column":35}},"5":{"start":{"line":19,"column":24},"end":{"line":19,"column":81}},"6":{"start":{"line":23,"column":8},"end":{"line":33,"column":9}},"7":{"start":{"line":24,"column":12},"end":{"line":30,"column":15}},"8":{"start":{"line":32,"column":12},"end":{"line":32,"column":25}},"9":{"start":{"line":35,"column":8},"end":{"line":35,"column":39}},"10":{"start":{"line":40,"column":21},"end":{"line":40,"column":36}},"11":{"start":{"line":41,"column":25},"end":{"line":41,"column":60}},"12":{"start":{"line":43,"column":8},"end":{"line":69,"column":10}}},"fnMap":{"0":{"name":"(anonymous_0)","decl":{"start":{"line":6,"column":4},"end":{"line":6,"column":5}},"loc":{"start":{"line":6,"column":23},"end":{"line":8,"column":5}},"line":6},"1":{"name":"(anonymous_1)","decl":{"start":{"line":10,"column":4},"end":{"line":10,"column":5}},"loc":{"start":{"line":10,"column":23},"end":{"line":14,"column":5}},"line":10},"2":{"name":"(anonymous_2)","decl":{"start":{"line":16,"column":11},"end":{"line":16,"column":12}},"loc":{"start":{"line":16,"column":78},"end":{"line":36,"column":5}},"line":16},"3":{"name":"(anonymous_3)","decl":{"start":{"line":39,"column":4},"end":{"line":39,"column":5}},"loc":{"start":{"line":39,"column":13},"end":{"line":70,"column":5}},"line":39}},"branchMap":{"0":{"loc":{"start":{"line":11,"column":8},"end":{"line":13,"column":9}},"type":"if","locations":[{"start":{"line":11,"column":8},"end":{"line":13,"column":9}},{"start":{"line":11,"column":8},"end":{"line":13,"column":9}}],"line":11},"1":{"loc":{"start":{"line":41,"column":25},"end":{"line":41,"column":60}},"type":"binary-expr","locations":[{"start":{"line":41,"column":25},"end":{"line":41,"column":38}},{"start":{"line":41,"column":42},"end":{"line":41,"column":60}}],"line":41},"2":{"loc":{"start":{"line":45,"column":17},"end":{"line":66,"column":17}},"type":"cond-expr","locations":[{"start":{"line":46,"column":20},"end":{"line":60,"column":26}},{"start":{"line":62,"column":20},"end":{"line":65,"column":26}}],"line":45}},"s":{"0":0,"1":0,"2":0,"3":0,"4":0,"5":0,"6":0,"7":0,"8":0,"9":0,"10":0,"11":0,"12":0},"f":{"0":0,"1":0,"2":0,"3":0},"b":{"0":[0,0],"1":[0,0],"2":[0,0]},"hash":"87e1b922da48b4ff36463c57a6e77e0009756ab9"}
,"B:\\OneDrive\\Documents\\Skole\\4.semester\\Webutvikling og API design\\kontExam\\src\\client\\headerbar.jsx": {"path":"B:\\OneDrive\\Documents\\Skole\\4.semester\\Webutvikling og API design\\kontExam\\src\\client\\headerbar.jsx","statementMap":{"0":{"start":{"line":7,"column":8},"end":{"line":7,"column":21}},"1":{"start":{"line":10,"column":15},"end":{"line":29,"column":5}},"2":{"start":{"line":11,"column":20},"end":{"line":11,"column":33}},"3":{"start":{"line":15,"column":8},"end":{"line":20,"column":9}},"4":{"start":{"line":16,"column":12},"end":{"line":16,"column":60}},"5":{"start":{"line":18,"column":12},"end":{"line":18,"column":57}},"6":{"start":{"line":19,"column":12},"end":{"line":19,"column":19}},"7":{"start":{"line":22,"column":8},"end":{"line":25,"column":9}},"8":{"start":{"line":23,"column":12},"end":{"line":23,"column":85}},"9":{"start":{"line":24,"column":12},"end":{"line":24,"column":19}},"10":{"start":{"line":27,"column":8},"end":{"line":27,"column":44}},"11":{"start":{"line":28,"column":8},"end":{"line":28,"column":37}},"12":{"start":{"line":32,"column":8},"end":{"line":42,"column":10}},"13":{"start":{"line":46,"column":8},"end":{"line":58,"column":10}},"14":{"start":{"line":62,"column":23},"end":{"line":62,"column":40}},"15":{"start":{"line":65,"column":8},"end":{"line":69,"column":9}},"16":{"start":{"line":66,"column":12},"end":{"line":66,"column":47}},"17":{"start":{"line":68,"column":12},"end":{"line":68,"column":50}},"18":{"start":{"line":71,"column":8},"end":{"line":78,"column":10}}},"fnMap":{"0":{"name":"(anonymous_0)","decl":{"start":{"line":6,"column":4},"end":{"line":6,"column":5}},"loc":{"start":{"line":6,"column":23},"end":{"line":8,"column":5}},"line":6},"1":{"name":"(anonymous_1)","decl":{"start":{"line":10,"column":15},"end":{"line":10,"column":16}},"loc":{"start":{"line":10,"column":27},"end":{"line":29,"column":5}},"line":10},"2":{"name":"(anonymous_2)","decl":{"start":{"line":31,"column":4},"end":{"line":31,"column":5}},"loc":{"start":{"line":31,"column":27},"end":{"line":43,"column":5}},"line":31},"3":{"name":"(anonymous_3)","decl":{"start":{"line":45,"column":4},"end":{"line":45,"column":5}},"loc":{"start":{"line":45,"column":24},"end":{"line":59,"column":5}},"line":45},"4":{"name":"(anonymous_4)","decl":{"start":{"line":61,"column":4},"end":{"line":61,"column":5}},"loc":{"start":{"line":61,"column":13},"end":{"line":79,"column":5}},"line":61}},"branchMap":{"0":{"loc":{"start":{"line":22,"column":8},"end":{"line":25,"column":9}},"type":"if","locations":[{"start":{"line":22,"column":8},"end":{"line":25,"column":9}},{"start":{"line":22,"column":8},"end":{"line":25,"column":9}}],"line":22},"1":{"loc":{"start":{"line":65,"column":8},"end":{"line":69,"column":9}},"type":"if","locations":[{"start":{"line":65,"column":8},"end":{"line":69,"column":9}},{"start":{"line":65,"column":8},"end":{"line":69,"column":9}}],"line":65}},"s":{"0":3,"1":3,"2":1,"3":1,"4":1,"5":0,"6":0,"7":1,"8":0,"9":0,"10":1,"11":1,"12":2,"13":1,"14":3,"15":3,"16":1,"17":2,"18":3},"f":{"0":3,"1":1,"2":2,"3":1,"4":3},"b":{"0":[0,1],"1":[1,2]},"_coverageSchema":"43e27e138ebf9cfc5966b082cf9a028302ed4184","hash":"1da4ce44908d13faad737a7acf14e187dda37dec"}
,"B:\\OneDrive\\Documents\\Skole\\4.semester\\Webutvikling og API design\\kontExam\\src\\client\\home.jsx": {"path":"B:\\OneDrive\\Documents\\Skole\\4.semester\\Webutvikling og API design\\kontExam\\src\\client\\home.jsx","statementMap":{"0":{"start":{"line":7,"column":8},"end":{"line":7,"column":21}},"1":{"start":{"line":9,"column":8},"end":{"line":11,"column":9}},"2":{"start":{"line":15,"column":8},"end":{"line":17,"column":9}},"3":{"start":{"line":16,"column":12},"end":{"line":16,"column":48}},"4":{"start":{"line":25,"column":21},"end":{"line":25,"column":36}},"5":{"start":{"line":27,"column":8},"end":{"line":64,"column":9}}},"fnMap":{"0":{"name":"(anonymous_0)","decl":{"start":{"line":6,"column":4},"end":{"line":6,"column":5}},"loc":{"start":{"line":6,"column":23},"end":{"line":12,"column":5}},"line":6},"1":{"name":"(anonymous_1)","decl":{"start":{"line":14,"column":4},"end":{"line":14,"column":5}},"loc":{"start":{"line":14,"column":24},"end":{"line":18,"column":5}},"line":14},"2":{"name":"(anonymous_2)","decl":{"start":{"line":23,"column":4},"end":{"line":23,"column":5}},"loc":{"start":{"line":23,"column":13},"end":{"line":65,"column":5}},"line":23}},"branchMap":{"0":{"loc":{"start":{"line":15,"column":8},"end":{"line":17,"column":9}},"type":"if","locations":[{"start":{"line":15,"column":8},"end":{"line":17,"column":9}},{"start":{"line":15,"column":8},"end":{"line":17,"column":9}}],"line":15},"1":{"loc":{"start":{"line":41,"column":17},"end":{"line":61,"column":17}},"type":"cond-expr","locations":[{"start":{"line":42,"column":20},"end":{"line":51,"column":26}},{"start":{"line":53,"column":20},"end":{"line":60,"column":26}}],"line":41}},"s":{"0":2,"1":2,"2":2,"3":1,"4":2,"5":2},"f":{"0":2,"1":2,"2":2},"b":{"0":[1,1],"1":[1,1]},"_coverageSchema":"43e27e138ebf9cfc5966b082cf9a028302ed4184","hash":"3a9f8ead284bdefd5672bf1f7e6fa20cd86f3507"}
,"B:\\OneDrive\\Documents\\Skole\\4.semester\\Webutvikling og API design\\kontExam\\src\\client\\index.jsx": {"path":"B:\\OneDrive\\Documents\\Skole\\4.semester\\Webutvikling og API design\\kontExam\\src\\client\\index.jsx","statementMap":{"0":{"start":{"line":17,"column":8},"end":{"line":17,"column":21}},"1":{"start":{"line":19,"column":8},"end":{"line":21,"column":9}},"2":{"start":{"line":25,"column":8},"end":{"line":25,"column":38}},"3":{"start":{"line":30,"column":8},"end":{"line":30,"column":28}},"4":{"start":{"line":34,"column":29},"end":{"line":61,"column":5}},"5":{"start":{"line":36,"column":20},"end":{"line":36,"column":31}},"6":{"start":{"line":40,"column":8},"end":{"line":47,"column":9}},"7":{"start":{"line":41,"column":12},"end":{"line":43,"column":15}},"8":{"start":{"line":45,"column":12},"end":{"line":45,"column":77}},"9":{"start":{"line":46,"column":12},"end":{"line":46,"column":19}},"10":{"start":{"line":49,"column":8},"end":{"line":53,"column":9}},"11":{"start":{"line":51,"column":12},"end":{"line":51,"column":42}},"12":{"start":{"line":52,"column":12},"end":{"line":52,"column":19}},"13":{"start":{"line":55,"column":8},"end":{"line":60,"column":9}},"14":{"start":{"line":58,"column":28},"end":{"line":58,"column":49}},"15":{"start":{"line":59,"column":12},"end":{"line":59,"column":45}},"16":{"start":{"line":63,"column":25},"end":{"line":65,"column":5}},"17":{"start":{"line":64,"column":8},"end":{"line":64,"column":36}},"18":{"start":{"line":68,"column":8},"end":{"line":75,"column":10}},"19":{"start":{"line":79,"column":19},"end":{"line":79,"column":62}},"20":{"start":{"line":81,"column":8},"end":{"line":119,"column":9}},"21":{"start":{"line":88,"column":69},"end":{"line":89,"column":131}},"22":{"start":{"line":90,"column":68},"end":{"line":91,"column":129}},"23":{"start":{"line":94,"column":48},"end":{"line":98,"column":108}},"24":{"start":{"line":101,"column":48},"end":{"line":104,"column":112}},"25":{"start":{"line":105,"column":69},"end":{"line":108,"column":131}},"26":{"start":{"line":110,"column":67},"end":{"line":113,"column":126}},"27":{"start":{"line":123,"column":0},"end":{"line":123,"column":57}}},"fnMap":{"0":{"name":"(anonymous_0)","decl":{"start":{"line":16,"column":4},"end":{"line":16,"column":5}},"loc":{"start":{"line":16,"column":23},"end":{"line":22,"column":5}},"line":16},"1":{"name":"(anonymous_1)","decl":{"start":{"line":24,"column":4},"end":{"line":24,"column":5}},"loc":{"start":{"line":24,"column":24},"end":{"line":27,"column":5}},"line":24},"2":{"name":"(anonymous_2)","decl":{"start":{"line":29,"column":4},"end":{"line":29,"column":5}},"loc":{"start":{"line":29,"column":27},"end":{"line":31,"column":5}},"line":29},"3":{"name":"(anonymous_3)","decl":{"start":{"line":34,"column":29},"end":{"line":34,"column":30}},"loc":{"start":{"line":34,"column":41},"end":{"line":61,"column":5}},"line":34},"4":{"name":"(anonymous_4)","decl":{"start":{"line":63,"column":25},"end":{"line":63,"column":26}},"loc":{"start":{"line":63,"column":35},"end":{"line":65,"column":5}},"line":63},"5":{"name":"(anonymous_5)","decl":{"start":{"line":67,"column":4},"end":{"line":67,"column":5}},"loc":{"start":{"line":67,"column":15},"end":{"line":76,"column":5}},"line":67},"6":{"name":"(anonymous_6)","decl":{"start":{"line":78,"column":4},"end":{"line":78,"column":5}},"loc":{"start":{"line":78,"column":13},"end":{"line":120,"column":5}},"line":78},"7":{"name":"(anonymous_7)","decl":{"start":{"line":88,"column":60},"end":{"line":88,"column":61}},"loc":{"start":{"line":88,"column":69},"end":{"line":89,"column":131}},"line":88},"8":{"name":"(anonymous_8)","decl":{"start":{"line":90,"column":59},"end":{"line":90,"column":60}},"loc":{"start":{"line":90,"column":68},"end":{"line":91,"column":129}},"line":90},"9":{"name":"(anonymous_9)","decl":{"start":{"line":94,"column":39},"end":{"line":94,"column":40}},"loc":{"start":{"line":94,"column":48},"end":{"line":98,"column":108}},"line":94},"10":{"name":"(anonymous_10)","decl":{"start":{"line":101,"column":39},"end":{"line":101,"column":40}},"loc":{"start":{"line":101,"column":48},"end":{"line":104,"column":112}},"line":101},"11":{"name":"(anonymous_11)","decl":{"start":{"line":105,"column":60},"end":{"line":105,"column":61}},"loc":{"start":{"line":105,"column":69},"end":{"line":108,"column":131}},"line":105},"12":{"name":"(anonymous_12)","decl":{"start":{"line":110,"column":58},"end":{"line":110,"column":59}},"loc":{"start":{"line":110,"column":67},"end":{"line":113,"column":126}},"line":110}},"branchMap":{"0":{"loc":{"start":{"line":49,"column":8},"end":{"line":53,"column":9}},"type":"if","locations":[{"start":{"line":49,"column":8},"end":{"line":53,"column":9}},{"start":{"line":49,"column":8},"end":{"line":53,"column":9}}],"line":49},"1":{"loc":{"start":{"line":55,"column":8},"end":{"line":60,"column":9}},"type":"if","locations":[{"start":{"line":55,"column":8},"end":{"line":60,"column":9}},{"start":{"line":55,"column":8},"end":{"line":60,"column":9}}],"line":55},"2":{"loc":{"start":{"line":79,"column":19},"end":{"line":79,"column":62}},"type":"cond-expr","locations":[{"start":{"line":79,"column":37},"end":{"line":79,"column":55}},{"start":{"line":79,"column":58},"end":{"line":79,"column":62}}],"line":79}},"s":{"0":0,"1":0,"2":0,"3":0,"4":0,"5":0,"6":0,"7":0,"8":0,"9":0,"10":0,"11":0,"12":0,"13":0,"14":0,"15":0,"16":0,"17":0,"18":0,"19":0,"20":0,"21":0,"22":0,"23":0,"24":0,"25":0,"26":0,"27":0},"f":{"0":0,"1":0,"2":0,"3":0,"4":0,"5":0,"6":0,"7":0,"8":0,"9":0,"10":0,"11":0,"12":0},"b":{"0":[0,0],"1":[0,0],"2":[0,0]},"hash":"773f63a04fe3e4dd65696b4325a3ad2b772a25c9"}
,"B:\\OneDrive\\Documents\\Skole\\4.semester\\Webutvikling og API design\\kontExam\\src\\client\\login.jsx": {"path":"B:\\OneDrive\\Documents\\Skole\\4.semester\\Webutvikling og API design\\kontExam\\src\\client\\login.jsx","statementMap":{"0":{"start":{"line":8,"column":8},"end":{"line":8,"column":21}},"1":{"start":{"line":10,"column":8},"end":{"line":14,"column":10}},"2":{"start":{"line":17,"column":21},"end":{"line":19,"column":5}},"3":{"start":{"line":18,"column":8},"end":{"line":18,"column":52}},"4":{"start":{"line":21,"column":23},"end":{"line":23,"column":5}},"5":{"start":{"line":22,"column":8},"end":{"line":22,"column":54}},"6":{"start":{"line":25,"column":14},"end":{"line":61,"column":5}},"7":{"start":{"line":26,"column":35},"end":{"line":26,"column":45}},"8":{"start":{"line":28,"column":20},"end":{"line":28,"column":32}},"9":{"start":{"line":30,"column":24},"end":{"line":30,"column":60}},"10":{"start":{"line":34,"column":8},"end":{"line":45,"column":9}},"11":{"start":{"line":35,"column":12},"end":{"line":41,"column":15}},"12":{"start":{"line":43,"column":12},"end":{"line":43,"column":76}},"13":{"start":{"line":44,"column":12},"end":{"line":44,"column":19}},"14":{"start":{"line":48,"column":8},"end":{"line":51,"column":9}},"15":{"start":{"line":49,"column":12},"end":{"line":49,"column":65}},"16":{"start":{"line":50,"column":12},"end":{"line":50,"column":19}},"17":{"start":{"line":53,"column":8},"end":{"line":56,"column":9}},"18":{"start":{"line":54,"column":12},"end":{"line":54,"column":104}},"19":{"start":{"line":55,"column":12},"end":{"line":55,"column":19}},"20":{"start":{"line":58,"column":8},"end":{"line":58,"column":40}},"21":{"start":{"line":59,"column":8},"end":{"line":59,"column":50}},"22":{"start":{"line":60,"column":8},"end":{"line":60,"column":37}},"23":{"start":{"line":66,"column":20},"end":{"line":66,"column":31}},"24":{"start":{"line":67,"column":8},"end":{"line":69,"column":9}},"25":{"start":{"line":68,"column":12},"end":{"line":68,"column":80}},"26":{"start":{"line":72,"column":8},"end":{"line":93,"column":20}}},"fnMap":{"0":{"name":"(anonymous_0)","decl":{"start":{"line":7,"column":4},"end":{"line":7,"column":5}},"loc":{"start":{"line":7,"column":22},"end":{"line":15,"column":5}},"line":7},"1":{"name":"(anonymous_1)","decl":{"start":{"line":17,"column":21},"end":{"line":17,"column":22}},"loc":{"start":{"line":17,"column":31},"end":{"line":19,"column":5}},"line":17},"2":{"name":"(anonymous_2)","decl":{"start":{"line":21,"column":23},"end":{"line":21,"column":24}},"loc":{"start":{"line":21,"column":34},"end":{"line":23,"column":5}},"line":21},"3":{"name":"(anonymous_3)","decl":{"start":{"line":25,"column":14},"end":{"line":25,"column":15}},"loc":{"start":{"line":25,"column":26},"end":{"line":61,"column":5}},"line":25},"4":{"name":"(anonymous_4)","decl":{"start":{"line":64,"column":4},"end":{"line":64,"column":5}},"loc":{"start":{"line":64,"column":12},"end":{"line":94,"column":5}},"line":64}},"branchMap":{"0":{"loc":{"start":{"line":48,"column":8},"end":{"line":51,"column":9}},"type":"if","locations":[{"start":{"line":48,"column":8},"end":{"line":51,"column":9}},{"start":{"line":48,"column":8},"end":{"line":51,"column":9}}],"line":48},"1":{"loc":{"start":{"line":53,"column":8},"end":{"line":56,"column":9}},"type":"if","locations":[{"start":{"line":53,"column":8},"end":{"line":56,"column":9}},{"start":{"line":53,"column":8},"end":{"line":56,"column":9}}],"line":53},"2":{"loc":{"start":{"line":67,"column":8},"end":{"line":69,"column":9}},"type":"if","locations":[{"start":{"line":67,"column":8},"end":{"line":69,"column":9}},{"start":{"line":67,"column":8},"end":{"line":69,"column":9}}],"line":67}},"s":{"0":2,"1":2,"2":2,"3":2,"4":2,"5":2,"6":2,"7":2,"8":2,"9":2,"10":2,"11":2,"12":0,"13":0,"14":2,"15":1,"16":1,"17":1,"18":0,"19":0,"20":1,"21":1,"22":1,"23":8,"24":8,"25":1,"26":8},"f":{"0":2,"1":2,"2":2,"3":2,"4":8},"b":{"0":[1,1],"1":[0,1],"2":[1,7]},"_coverageSchema":"43e27e138ebf9cfc5966b082cf9a028302ed4184","hash":"e96e13e447773b34a396c31cd2bba741e3ac7de9"}
,"B:\\OneDrive\\Documents\\Skole\\4.semester\\Webutvikling og API design\\kontExam\\src\\client\\signup.jsx": {"path":"B:\\OneDrive\\Documents\\Skole\\4.semester\\Webutvikling og API design\\kontExam\\src\\client\\signup.jsx","statementMap":{"0":{"start":{"line":7,"column":8},"end":{"line":7,"column":21}},"1":{"start":{"line":9,"column":8},"end":{"line":14,"column":10}},"2":{"start":{"line":17,"column":21},"end":{"line":19,"column":5}},"3":{"start":{"line":18,"column":8},"end":{"line":18,"column":68}},"4":{"start":{"line":21,"column":23},"end":{"line":23,"column":5}},"5":{"start":{"line":22,"column":8},"end":{"line":22,"column":70}},"6":{"start":{"line":25,"column":22},"end":{"line":27,"column":5}},"7":{"start":{"line":26,"column":8},"end":{"line":26,"column":69}},"8":{"start":{"line":29,"column":15},"end":{"line":71,"column":5}},"9":{"start":{"line":31,"column":44},"end":{"line":31,"column":54}},"10":{"start":{"line":33,"column":8},"end":{"line":36,"column":9}},"11":{"start":{"line":34,"column":12},"end":{"line":34,"column":64}},"12":{"start":{"line":35,"column":12},"end":{"line":35,"column":19}},"13":{"start":{"line":38,"column":20},"end":{"line":38,"column":33}},"14":{"start":{"line":40,"column":24},"end":{"line":40,"column":60}},"15":{"start":{"line":44,"column":8},"end":{"line":55,"column":9}},"16":{"start":{"line":45,"column":12},"end":{"line":51,"column":15}},"17":{"start":{"line":53,"column":12},"end":{"line":53,"column":76}},"18":{"start":{"line":54,"column":12},"end":{"line":54,"column":19}},"19":{"start":{"line":58,"column":8},"end":{"line":61,"column":9}},"20":{"start":{"line":59,"column":12},"end":{"line":59,"column":65}},"21":{"start":{"line":60,"column":12},"end":{"line":60,"column":19}},"22":{"start":{"line":63,"column":8},"end":{"line":66,"column":9}},"23":{"start":{"line":64,"column":12},"end":{"line":64,"column":104}},"24":{"start":{"line":65,"column":12},"end":{"line":65,"column":19}},"25":{"start":{"line":68,"column":8},"end":{"line":68,"column":40}},"26":{"start":{"line":69,"column":8},"end":{"line":69,"column":50}},"27":{"start":{"line":70,"column":8},"end":{"line":70,"column":37}},"28":{"start":{"line":75,"column":20},"end":{"line":75,"column":31}},"29":{"start":{"line":76,"column":8},"end":{"line":78,"column":9}},"30":{"start":{"line":77,"column":12},"end":{"line":77,"column":80}},"31":{"start":{"line":80,"column":25},"end":{"line":80,"column":29}},"32":{"start":{"line":81,"column":8},"end":{"line":83,"column":9}},"33":{"start":{"line":82,"column":12},"end":{"line":82,"column":40}},"34":{"start":{"line":85,"column":8},"end":{"line":114,"column":10}}},"fnMap":{"0":{"name":"(anonymous_0)","decl":{"start":{"line":6,"column":4},"end":{"line":6,"column":5}},"loc":{"start":{"line":6,"column":22},"end":{"line":15,"column":5}},"line":6},"1":{"name":"(anonymous_1)","decl":{"start":{"line":17,"column":21},"end":{"line":17,"column":22}},"loc":{"start":{"line":17,"column":32},"end":{"line":19,"column":5}},"line":17},"2":{"name":"(anonymous_2)","decl":{"start":{"line":21,"column":23},"end":{"line":21,"column":24}},"loc":{"start":{"line":21,"column":34},"end":{"line":23,"column":5}},"line":21},"3":{"name":"(anonymous_3)","decl":{"start":{"line":25,"column":22},"end":{"line":25,"column":23}},"loc":{"start":{"line":25,"column":33},"end":{"line":27,"column":5}},"line":25},"4":{"name":"(anonymous_4)","decl":{"start":{"line":29,"column":15},"end":{"line":29,"column":16}},"loc":{"start":{"line":29,"column":27},"end":{"line":71,"column":5}},"line":29},"5":{"name":"(anonymous_5)","decl":{"start":{"line":73,"column":4},"end":{"line":73,"column":5}},"loc":{"start":{"line":73,"column":12},"end":{"line":115,"column":5}},"line":73}},"branchMap":{"0":{"loc":{"start":{"line":33,"column":8},"end":{"line":36,"column":9}},"type":"if","locations":[{"start":{"line":33,"column":8},"end":{"line":36,"column":9}},{"start":{"line":33,"column":8},"end":{"line":36,"column":9}}],"line":33},"1":{"loc":{"start":{"line":58,"column":8},"end":{"line":61,"column":9}},"type":"if","locations":[{"start":{"line":58,"column":8},"end":{"line":61,"column":9}},{"start":{"line":58,"column":8},"end":{"line":61,"column":9}}],"line":58},"2":{"loc":{"start":{"line":63,"column":8},"end":{"line":66,"column":9}},"type":"if","locations":[{"start":{"line":63,"column":8},"end":{"line":66,"column":9}},{"start":{"line":63,"column":8},"end":{"line":66,"column":9}}],"line":63},"3":{"loc":{"start":{"line":76,"column":8},"end":{"line":78,"column":9}},"type":"if","locations":[{"start":{"line":76,"column":8},"end":{"line":78,"column":9}},{"start":{"line":76,"column":8},"end":{"line":78,"column":9}}],"line":76},"4":{"loc":{"start":{"line":81,"column":8},"end":{"line":83,"column":9}},"type":"if","locations":[{"start":{"line":81,"column":8},"end":{"line":83,"column":9}},{"start":{"line":81,"column":8},"end":{"line":83,"column":9}}],"line":81}},"s":{"0":3,"1":3,"2":3,"3":3,"4":3,"5":3,"6":3,"7":3,"8":3,"9":3,"10":3,"11":1,"12":1,"13":2,"14":2,"15":2,"16":2,"17":0,"18":0,"19":2,"20":1,"21":1,"22":1,"23":0,"24":0,"25":1,"26":1,"27":1,"28":15,"29":15,"30":2,"31":15,"32":15,"33":5,"34":15},"f":{"0":3,"1":3,"2":3,"3":3,"4":3,"5":15},"b":{"0":[1,2],"1":[1,1],"2":[0,1],"3":[2,13],"4":[5,10]},"_coverageSchema":"43e27e138ebf9cfc5966b082cf9a028302ed4184","hash":"16841a2541b8ebd00546ec36ff1d81d5c2f90735"}
,"B:\\OneDrive\\Documents\\Skole\\4.semester\\Webutvikling og API design\\kontExam\\src\\server\\app.js": {"path":"B:\\OneDrive\\Documents\\Skole\\4.semester\\Webutvikling og API design\\kontExam\\src\\server\\app.js","statementMap":{"0":{"start":{"line":1,"column":16},"end":{"line":1,"column":34}},"1":{"start":{"line":2,"column":19},"end":{"line":2,"column":41}},"2":{"start":{"line":3,"column":17},"end":{"line":3,"column":36}},"3":{"start":{"line":4,"column":16},"end":{"line":4,"column":42}},"4":{"start":{"line":5,"column":22},"end":{"line":5,"column":56}},"5":{"start":{"line":6,"column":13},"end":{"line":6,"column":28}},"6":{"start":{"line":7,"column":13},"end":{"line":7,"column":28}},"7":{"start":{"line":8,"column":17},"end":{"line":8,"column":41}},"8":{"start":{"line":9,"column":12},"end":{"line":9,"column":21}},"9":{"start":{"line":10,"column":12},"end":{"line":10,"column":38}},"10":{"start":{"line":11,"column":11},"end":{"line":11,"column":24}},"11":{"start":{"line":13,"column":16},"end":{"line":13,"column":44}},"12":{"start":{"line":14,"column":14},"end":{"line":14,"column":35}},"13":{"start":{"line":20,"column":0},"end":{"line":20,"column":35}},"14":{"start":{"line":21,"column":0},"end":{"line":21,"column":32}},"15":{"start":{"line":22,"column":0},"end":{"line":22,"column":36}},"16":{"start":{"line":23,"column":0},"end":{"line":23,"column":40}},"17":{"start":{"line":28,"column":0},"end":{"line":28,"column":27}},"18":{"start":{"line":32,"column":0},"end":{"line":35,"column":3}},"19":{"start":{"line":33,"column":4},"end":{"line":33,"column":51}},"20":{"start":{"line":38,"column":0},"end":{"line":41,"column":3}},"21":{"start":{"line":40,"column":4},"end":{"line":40,"column":40}},"22":{"start":{"line":43,"column":0},"end":{"line":53,"column":3}},"23":{"start":{"line":44,"column":20},"end":{"line":44,"column":57}},"24":{"start":{"line":46,"column":4},"end":{"line":51,"column":5}},"25":{"start":{"line":47,"column":8},"end":{"line":47,"column":24}},"26":{"start":{"line":48,"column":8},"end":{"line":48,"column":19}},"27":{"start":{"line":50,"column":8},"end":{"line":50,"column":25}},"28":{"start":{"line":55,"column":0},"end":{"line":64,"column":3}},"29":{"start":{"line":56,"column":20},"end":{"line":56,"column":57}},"30":{"start":{"line":57,"column":4},"end":{"line":61,"column":5}},"31":{"start":{"line":58,"column":8},"end":{"line":58,"column":24}},"32":{"start":{"line":60,"column":8},"end":{"line":60,"column":24}},"33":{"start":{"line":63,"column":4},"end":{"line":63,"column":15}},"34":{"start":{"line":66,"column":0},"end":{"line":75,"column":3}},"35":{"start":{"line":68,"column":16},"end":{"line":68,"column":24}},"36":{"start":{"line":70,"column":15},"end":{"line":70,"column":121}},"37":{"start":{"line":71,"column":4},"end":{"line":71,"column":20}},"38":{"start":{"line":72,"column":4},"end":{"line":72,"column":49}},"39":{"start":{"line":73,"column":4},"end":{"line":73,"column":15}},"40":{"start":{"line":77,"column":0},"end":{"line":93,"column":3}},"41":{"start":{"line":78,"column":4},"end":{"line":82,"column":5}},"42":{"start":{"line":79,"column":8},"end":{"line":79,"column":24}},"43":{"start":{"line":80,"column":8},"end":{"line":80,"column":19}},"44":{"start":{"line":81,"column":8},"end":{"line":81,"column":15}},"45":{"start":{"line":84,"column":20},"end":{"line":84,"column":52}},"46":{"start":{"line":86,"column":4},"end":{"line":90,"column":5}},"47":{"start":{"line":87,"column":8},"end":{"line":87,"column":24}},"48":{"start":{"line":89,"column":8},"end":{"line":89,"column":24}},"49":{"start":{"line":92,"column":4},"end":{"line":92,"column":15}},"50":{"start":{"line":95,"column":0},"end":{"line":98,"column":3}},"51":{"start":{"line":96,"column":4},"end":{"line":96,"column":20}},"52":{"start":{"line":97,"column":4},"end":{"line":97,"column":15}},"53":{"start":{"line":102,"column":14},"end":{"line":102,"column":15}},"54":{"start":{"line":104,"column":17},"end":{"line":104,"column":19}},"55":{"start":{"line":106,"column":0},"end":{"line":117,"column":3}},"56":{"start":{"line":108,"column":18},"end":{"line":108,"column":36}},"57":{"start":{"line":110,"column":17},"end":{"line":110,"column":25}},"58":{"start":{"line":112,"column":4},"end":{"line":116,"column":5}},"59":{"start":{"line":113,"column":8},"end":{"line":113,"column":49}},"60":{"start":{"line":113,"column":34},"end":{"line":113,"column":46}},"61":{"start":{"line":115,"column":8},"end":{"line":115,"column":23}},"62":{"start":{"line":120,"column":0},"end":{"line":148,"column":3}},"63":{"start":{"line":122,"column":16},"end":{"line":122,"column":24}},"64":{"start":{"line":124,"column":15},"end":{"line":124,"column":24}},"65":{"start":{"line":126,"column":16},"end":{"line":126,"column":60}},"66":{"start":{"line":129,"column":4},"end":{"line":129,"column":23}},"67":{"start":{"line":133,"column":4},"end":{"line":133,"column":20}},"68":{"start":{"line":134,"column":4},"end":{"line":134,"column":15}},"69":{"start":{"line":136,"column":21},"end":{"line":136,"column":46}},"70":{"start":{"line":137,"column":4},"end":{"line":137,"column":73}},"71":{"start":{"line":139,"column":4},"end":{"line":147,"column":7}},"72":{"start":{"line":140,"column":8},"end":{"line":146,"column":9}},"73":{"start":{"line":141,"column":25},"end":{"line":141,"column":44}},"74":{"start":{"line":142,"column":12},"end":{"line":142,"column":74}},"75":{"start":{"line":143,"column":12},"end":{"line":143,"column":30}},"76":{"start":{"line":145,"column":12},"end":{"line":145,"column":44}},"77":{"start":{"line":152,"column":4},"end":{"line":152,"column":24}},"78":{"start":{"line":157,"column":0},"end":{"line":161,"column":4}},"79":{"start":{"line":165,"column":0},"end":{"line":165,"column":34}},"80":{"start":{"line":168,"column":0},"end":{"line":184,"column":3}},"81":{"start":{"line":175,"column":19},"end":{"line":175,"column":53}},"82":{"start":{"line":177,"column":8},"end":{"line":179,"column":9}},"83":{"start":{"line":178,"column":12},"end":{"line":178,"column":77}},"84":{"start":{"line":181,"column":21},"end":{"line":181,"column":42}},"85":{"start":{"line":182,"column":8},"end":{"line":182,"column":32}},"86":{"start":{"line":187,"column":0},"end":{"line":189,"column":3}},"87":{"start":{"line":188,"column":4},"end":{"line":188,"column":24}},"88":{"start":{"line":191,"column":0},"end":{"line":200,"column":3}},"89":{"start":{"line":193,"column":17},"end":{"line":193,"column":34}},"90":{"start":{"line":195,"column":4},"end":{"line":199,"column":5}},"91":{"start":{"line":196,"column":8},"end":{"line":196,"column":25}},"92":{"start":{"line":198,"column":8},"end":{"line":198,"column":26}},"93":{"start":{"line":202,"column":0},"end":{"line":202,"column":31}},"94":{"start":{"line":203,"column":0},"end":{"line":203,"column":28}},"95":{"start":{"line":207,"column":0},"end":{"line":207,"column":25}},"96":{"start":{"line":210,"column":0},"end":{"line":212,"column":3}},"97":{"start":{"line":211,"column":4},"end":{"line":211,"column":78}},"98":{"start":{"line":214,"column":0},"end":{"line":214,"column":38}}},"fnMap":{"0":{"name":"(anonymous_0)","decl":{"start":{"line":32,"column":12},"end":{"line":32,"column":13}},"loc":{"start":{"line":32,"column":35},"end":{"line":35,"column":1}},"line":32},"1":{"name":"(anonymous_1)","decl":{"start":{"line":38,"column":25},"end":{"line":38,"column":26}},"loc":{"start":{"line":38,"column":39},"end":{"line":41,"column":1}},"line":38},"2":{"name":"(anonymous_2)","decl":{"start":{"line":43,"column":29},"end":{"line":43,"column":30}},"loc":{"start":{"line":43,"column":43},"end":{"line":53,"column":1}},"line":43},"3":{"name":"(anonymous_3)","decl":{"start":{"line":55,"column":32},"end":{"line":55,"column":33}},"loc":{"start":{"line":55,"column":46},"end":{"line":64,"column":1}},"line":55},"4":{"name":"(anonymous_4)","decl":{"start":{"line":66,"column":26},"end":{"line":66,"column":27}},"loc":{"start":{"line":66,"column":40},"end":{"line":75,"column":1}},"line":66},"5":{"name":"(anonymous_5)","decl":{"start":{"line":77,"column":29},"end":{"line":77,"column":30}},"loc":{"start":{"line":77,"column":43},"end":{"line":93,"column":1}},"line":77},"6":{"name":"(anonymous_6)","decl":{"start":{"line":95,"column":27},"end":{"line":95,"column":28}},"loc":{"start":{"line":95,"column":40},"end":{"line":98,"column":1}},"line":95},"7":{"name":"(anonymous_7)","decl":{"start":{"line":106,"column":25},"end":{"line":106,"column":26}},"loc":{"start":{"line":106,"column":39},"end":{"line":117,"column":1}},"line":106},"8":{"name":"(anonymous_8)","decl":{"start":{"line":113,"column":29},"end":{"line":113,"column":30}},"loc":{"start":{"line":113,"column":34},"end":{"line":113,"column":46}},"line":113},"9":{"name":"(anonymous_9)","decl":{"start":{"line":120,"column":26},"end":{"line":120,"column":27}},"loc":{"start":{"line":120,"column":40},"end":{"line":148,"column":1}},"line":120},"10":{"name":"(anonymous_10)","decl":{"start":{"line":139,"column":33},"end":{"line":139,"column":34}},"loc":{"start":{"line":139,"column":45},"end":{"line":147,"column":5}},"line":139},"11":{"name":"clearMessages","decl":{"start":{"line":150,"column":9},"end":{"line":150,"column":22}},"loc":{"start":{"line":150,"column":24},"end":{"line":153,"column":1}},"line":150},"12":{"name":"(anonymous_12)","decl":{"start":{"line":173,"column":4},"end":{"line":173,"column":5}},"loc":{"start":{"line":173,"column":38},"end":{"line":183,"column":5}},"line":173},"13":{"name":"(anonymous_13)","decl":{"start":{"line":187,"column":23},"end":{"line":187,"column":24}},"loc":{"start":{"line":187,"column":45},"end":{"line":189,"column":1}},"line":187},"14":{"name":"(anonymous_14)","decl":{"start":{"line":191,"column":25},"end":{"line":191,"column":26}},"loc":{"start":{"line":191,"column":45},"end":{"line":200,"column":1}},"line":191},"15":{"name":"(anonymous_15)","decl":{"start":{"line":210,"column":8},"end":{"line":210,"column":9}},"loc":{"start":{"line":210,"column":28},"end":{"line":212,"column":1}},"line":210}},"branchMap":{"0":{"loc":{"start":{"line":46,"column":4},"end":{"line":51,"column":5}},"type":"if","locations":[{"start":{"line":46,"column":4},"end":{"line":51,"column":5}},{"start":{"line":46,"column":4},"end":{"line":51,"column":5}}],"line":46},"1":{"loc":{"start":{"line":57,"column":4},"end":{"line":61,"column":5}},"type":"if","locations":[{"start":{"line":57,"column":4},"end":{"line":61,"column":5}},{"start":{"line":57,"column":4},"end":{"line":61,"column":5}}],"line":57},"2":{"loc":{"start":{"line":78,"column":4},"end":{"line":82,"column":5}},"type":"if","locations":[{"start":{"line":78,"column":4},"end":{"line":82,"column":5}},{"start":{"line":78,"column":4},"end":{"line":82,"column":5}}],"line":78},"3":{"loc":{"start":{"line":86,"column":4},"end":{"line":90,"column":5}},"type":"if","locations":[{"start":{"line":86,"column":4},"end":{"line":90,"column":5}},{"start":{"line":86,"column":4},"end":{"line":90,"column":5}}],"line":86},"4":{"loc":{"start":{"line":112,"column":4},"end":{"line":116,"column":5}},"type":"if","locations":[{"start":{"line":112,"column":4},"end":{"line":116,"column":5}},{"start":{"line":112,"column":4},"end":{"line":116,"column":5}}],"line":112},"5":{"loc":{"start":{"line":140,"column":8},"end":{"line":146,"column":9}},"type":"if","locations":[{"start":{"line":140,"column":8},"end":{"line":146,"column":9}},{"start":{"line":140,"column":8},"end":{"line":146,"column":9}}],"line":140},"6":{"loc":{"start":{"line":177,"column":8},"end":{"line":179,"column":9}},"type":"if","locations":[{"start":{"line":177,"column":8},"end":{"line":179,"column":9}},{"start":{"line":177,"column":8},"end":{"line":179,"column":9}}],"line":177},"7":{"loc":{"start":{"line":195,"column":4},"end":{"line":199,"column":5}},"type":"if","locations":[{"start":{"line":195,"column":4},"end":{"line":199,"column":5}},{"start":{"line":195,"column":4},"end":{"line":199,"column":5}}],"line":195}},"s":{"0":6,"1":6,"2":6,"3":6,"4":6,"5":6,"6":6,"7":6,"8":6,"9":6,"10":6,"11":6,"12":6,"13":6,"14":6,"15":6,"16":6,"17":6,"18":6,"19":0,"20":6,"21":8,"22":6,"23":4,"24":4,"25":1,"26":1,"27":3,"28":6,"29":3,"30":3,"31":3,"32":0,"33":3,"34":6,"35":1,"36":1,"37":1,"38":1,"39":1,"40":6,"41":0,"42":0,"43":0,"44":0,"45":0,"46":0,"47":0,"48":0,"49":0,"50":6,"51":0,"52":0,"53":6,"54":6,"55":6,"56":0,"57":0,"58":0,"59":0,"60":0,"61":0,"62":6,"63":0,"64":0,"65":0,"66":0,"67":0,"68":0,"69":0,"70":0,"71":0,"72":0,"73":0,"74":0,"75":0,"76":0,"77":0,"78":6,"79":6,"80":6,"81":14,"82":14,"83":2,"84":12,"85":12,"86":6,"87":12,"88":6,"89":8,"90":8,"91":8,"92":0,"93":6,"94":6,"95":6,"96":6,"97":2,"98":6},"f":{"0":0,"1":8,"2":4,"3":3,"4":1,"5":0,"6":0,"7":0,"8":0,"9":0,"10":0,"11":0,"12":14,"13":12,"14":8,"15":2},"b":{"0":[1,3],"1":[3,0],"2":[0,0],"3":[0,0],"4":[0,0],"5":[0,0],"6":[2,12],"7":[8,0]},"_coverageSchema":"43e27e138ebf9cfc5966b082cf9a028302ed4184","hash":"4b1d7dadfe9ebb11fae87b778eb1982231c7c828"}
,"B:\\OneDrive\\Documents\\Skole\\4.semester\\Webutvikling og API design\\kontExam\\src\\server\\server.js": {"path":"B:\\OneDrive\\Documents\\Skole\\4.semester\\Webutvikling og API design\\kontExam\\src\\server\\server.js","statementMap":{"0":{"start":{"line":1,"column":14},"end":{"line":1,"column":30}},"1":{"start":{"line":2,"column":17},"end":{"line":2,"column":41}},"2":{"start":{"line":4,"column":13},"end":{"line":4,"column":37}},"3":{"start":{"line":6,"column":0},"end":{"line":9,"column":3}},"4":{"start":{"line":7,"column":4},"end":{"line":7,"column":32}},"5":{"start":{"line":8,"column":4},"end":{"line":8,"column":50}}},"fnMap":{"0":{"name":"(anonymous_0)","decl":{"start":{"line":6,"column":17},"end":{"line":6,"column":18}},"loc":{"start":{"line":6,"column":23},"end":{"line":9,"column":1}},"line":6}},"branchMap":{"0":{"loc":{"start":{"line":4,"column":13},"end":{"line":4,"column":37}},"type":"binary-expr","locations":[{"start":{"line":4,"column":13},"end":{"line":4,"column":29}},{"start":{"line":4,"column":33},"end":{"line":4,"column":37}}],"line":4}},"s":{"0":0,"1":0,"2":0,"3":0,"4":0,"5":0},"f":{"0":0},"b":{"0":[0,0]},"hash":"d2a5aff2dd4ed07c76b2c8ff0c6c865a3b0a6e37"}
,"B:\\OneDrive\\Documents\\Skole\\4.semester\\Webutvikling og API design\\kontExam\\src\\server\\db\\auctions.js": {"path":"B:\\OneDrive\\Documents\\Skole\\4.semester\\Webutvikling og API design\\kontExam\\src\\server\\db\\auctions.js","statementMap":{"0":{"start":{"line":3,"column":17},"end":{"line":3,"column":26}},"1":{"start":{"line":8,"column":4},"end":{"line":8,"column":21}},"2":{"start":{"line":9,"column":4},"end":{"line":9,"column":16}},"3":{"start":{"line":11,"column":4},"end":{"line":11,"column":71}},"4":{"start":{"line":12,"column":4},"end":{"line":12,"column":58}},"5":{"start":{"line":13,"column":4},"end":{"line":13,"column":71}},"6":{"start":{"line":17,"column":14},"end":{"line":17,"column":15}},"7":{"start":{"line":20,"column":15},"end":{"line":20,"column":27}},"8":{"start":{"line":21,"column":4},"end":{"line":21,"column":14}},"9":{"start":{"line":23,"column":21},"end":{"line":31,"column":5}},"10":{"start":{"line":33,"column":4},"end":{"line":33,"column":31}},"11":{"start":{"line":34,"column":4},"end":{"line":34,"column":14}},"12":{"start":{"line":38,"column":4},"end":{"line":38,"column":30}},"13":{"start":{"line":42,"column":4},"end":{"line":42,"column":27}},"14":{"start":{"line":46,"column":4},"end":{"line":46,"column":40}},"15":{"start":{"line":50,"column":4},"end":{"line":52,"column":5}},"16":{"start":{"line":51,"column":8},"end":{"line":51,"column":21}},"17":{"start":{"line":54,"column":4},"end":{"line":54,"column":42}},"18":{"start":{"line":55,"column":4},"end":{"line":55,"column":16}},"19":{"start":{"line":58,"column":0},"end":{"line":58,"column":113}}},"fnMap":{"0":{"name":"initWithAuctions","decl":{"start":{"line":7,"column":9},"end":{"line":7,"column":25}},"loc":{"start":{"line":7,"column":28},"end":{"line":16,"column":1}},"line":7},"1":{"name":"createNewAuction","decl":{"start":{"line":19,"column":9},"end":{"line":19,"column":25}},"loc":{"start":{"line":19,"column":82},"end":{"line":35,"column":1}},"line":19},"2":{"name":"deleteAuction","decl":{"start":{"line":37,"column":9},"end":{"line":37,"column":22}},"loc":{"start":{"line":37,"column":27},"end":{"line":39,"column":1}},"line":37},"3":{"name":"getAuction","decl":{"start":{"line":41,"column":9},"end":{"line":41,"column":19}},"loc":{"start":{"line":41,"column":24},"end":{"line":43,"column":1}},"line":41},"4":{"name":"getAllAuctions","decl":{"start":{"line":45,"column":9},"end":{"line":45,"column":23}},"loc":{"start":{"line":45,"column":26},"end":{"line":47,"column":1}},"line":45},"5":{"name":"updateAuction","decl":{"start":{"line":49,"column":9},"end":{"line":49,"column":22}},"loc":{"start":{"line":49,"column":34},"end":{"line":56,"column":1}},"line":49}},"branchMap":{"0":{"loc":{"start":{"line":50,"column":4},"end":{"line":52,"column":5}},"type":"if","locations":[{"start":{"line":50,"column":4},"end":{"line":52,"column":5}},{"start":{"line":50,"column":4},"end":{"line":52,"column":5}}],"line":50}},"s":{"0":6,"1":6,"2":6,"3":6,"4":6,"5":6,"6":6,"7":19,"8":19,"9":19,"10":19,"11":19,"12":3,"13":4,"14":9,"15":0,"16":0,"17":0,"18":0,"19":6},"f":{"0":6,"1":19,"2":3,"3":4,"4":9,"5":0},"b":{"0":[0,0]},"_coverageSchema":"43e27e138ebf9cfc5966b082cf9a028302ed4184","hash":"811f803e42996b329785f88cefb6ea0ae61b3fde"}
,"B:\\OneDrive\\Documents\\Skole\\4.semester\\Webutvikling og API design\\kontExam\\src\\server\\db\\users.js": {"path":"B:\\OneDrive\\Documents\\Skole\\4.semester\\Webutvikling og API design\\kontExam\\src\\server\\db\\users.js","statementMap":{"0":{"start":{"line":2,"column":14},"end":{"line":2,"column":23}},"1":{"start":{"line":8,"column":4},"end":{"line":8,"column":25}},"2":{"start":{"line":14,"column":17},"end":{"line":14,"column":28}},"3":{"start":{"line":16,"column":4},"end":{"line":18,"column":5}},"4":{"start":{"line":17,"column":8},"end":{"line":17,"column":21}},"5":{"start":{"line":20,"column":4},"end":{"line":20,"column":38}},"6":{"start":{"line":23,"column":13},"end":{"line":23,"column":14}},"7":{"start":{"line":27,"column":4},"end":{"line":29,"column":5}},"8":{"start":{"line":28,"column":8},"end":{"line":28,"column":21}},"9":{"start":{"line":31,"column":17},"end":{"line":35,"column":5}},"10":{"start":{"line":36,"column":4},"end":{"line":36,"column":13}},"11":{"start":{"line":39,"column":4},"end":{"line":39,"column":24}},"12":{"start":{"line":40,"column":4},"end":{"line":40,"column":16}},"13":{"start":{"line":45,"column":4},"end":{"line":45,"column":18}},"14":{"start":{"line":52,"column":0},"end":{"line":52,"column":66}}},"fnMap":{"0":{"name":"getUser","decl":{"start":{"line":6,"column":9},"end":{"line":6,"column":16}},"loc":{"start":{"line":6,"column":20},"end":{"line":9,"column":1}},"line":6},"1":{"name":"verifyUser","decl":{"start":{"line":12,"column":9},"end":{"line":12,"column":19}},"loc":{"start":{"line":12,"column":33},"end":{"line":21,"column":1}},"line":12},"2":{"name":"createUser","decl":{"start":{"line":24,"column":9},"end":{"line":24,"column":19}},"loc":{"start":{"line":24,"column":33},"end":{"line":41,"column":1}},"line":24},"3":{"name":"resetAllUsers","decl":{"start":{"line":44,"column":9},"end":{"line":44,"column":22}},"loc":{"start":{"line":44,"column":24},"end":{"line":46,"column":1}},"line":44}},"branchMap":{"0":{"loc":{"start":{"line":16,"column":4},"end":{"line":18,"column":5}},"type":"if","locations":[{"start":{"line":16,"column":4},"end":{"line":18,"column":5}},{"start":{"line":16,"column":4},"end":{"line":18,"column":5}}],"line":16},"1":{"loc":{"start":{"line":27,"column":4},"end":{"line":29,"column":5}},"type":"if","locations":[{"start":{"line":27,"column":4},"end":{"line":29,"column":5}},{"start":{"line":27,"column":4},"end":{"line":29,"column":5}}],"line":27}},"s":{"0":6,"1":73,"2":14,"3":14,"4":2,"5":12,"6":6,"7":37,"8":2,"9":35,"10":35,"11":35,"12":35,"13":14,"14":6},"f":{"0":73,"1":14,"2":37,"3":14},"b":{"0":[2,12],"1":[2,35]},"_coverageSchema":"43e27e138ebf9cfc5966b082cf9a028302ed4184","hash":"10e3b04ccb23491ed5bbed47126c9f0c053734e3"}
,"B:\\OneDrive\\Documents\\Skole\\4.semester\\Webutvikling og API design\\kontExam\\src\\server\\routes\\auth-api.js": {"path":"B:\\OneDrive\\Documents\\Skole\\4.semester\\Webutvikling og API design\\kontExam\\src\\server\\routes\\auth-api.js","statementMap":{"0":{"start":{"line":1,"column":16},"end":{"line":1,"column":34}},"1":{"start":{"line":2,"column":17},"end":{"line":2,"column":36}},"2":{"start":{"line":3,"column":14},"end":{"line":3,"column":36}},"3":{"start":{"line":5,"column":15},"end":{"line":5,"column":31}},"4":{"start":{"line":7,"column":0},"end":{"line":10,"column":3}},"5":{"start":{"line":9,"column":4},"end":{"line":9,"column":27}},"6":{"start":{"line":12,"column":0},"end":{"line":31,"column":3}},"7":{"start":{"line":14,"column":20},"end":{"line":14,"column":72}},"8":{"start":{"line":16,"column":4},"end":{"line":19,"column":5}},"9":{"start":{"line":17,"column":8},"end":{"line":17,"column":31}},"10":{"start":{"line":18,"column":8},"end":{"line":18,"column":15}},"11":{"start":{"line":21,"column":4},"end":{"line":30,"column":7}},"12":{"start":{"line":22,"column":8},"end":{"line":29,"column":11}},"13":{"start":{"line":23,"column":12},"end":{"line":28,"column":13}},"14":{"start":{"line":25,"column":16},"end":{"line":25,"column":39}},"15":{"start":{"line":27,"column":16},"end":{"line":27,"column":39}},"16":{"start":{"line":33,"column":0},"end":{"line":37,"column":3}},"17":{"start":{"line":35,"column":4},"end":{"line":35,"column":17}},"18":{"start":{"line":36,"column":4},"end":{"line":36,"column":27}},"19":{"start":{"line":40,"column":0},"end":{"line":53,"column":3}},"20":{"start":{"line":42,"column":4},"end":{"line":45,"column":5}},"21":{"start":{"line":43,"column":8},"end":{"line":43,"column":31}},"22":{"start":{"line":44,"column":8},"end":{"line":44,"column":15}},"23":{"start":{"line":47,"column":4},"end":{"line":52,"column":6}},"24":{"start":{"line":59,"column":0},"end":{"line":59,"column":24}}},"fnMap":{"0":{"name":"(anonymous_0)","decl":{"start":{"line":7,"column":54},"end":{"line":7,"column":55}},"loc":{"start":{"line":7,"column":68},"end":{"line":10,"column":1}},"line":7},"1":{"name":"(anonymous_1)","decl":{"start":{"line":12,"column":23},"end":{"line":12,"column":24}},"loc":{"start":{"line":12,"column":43},"end":{"line":31,"column":1}},"line":12},"2":{"name":"(anonymous_2)","decl":{"start":{"line":21,"column":45},"end":{"line":21,"column":46}},"loc":{"start":{"line":21,"column":51},"end":{"line":30,"column":5}},"line":21},"3":{"name":"(anonymous_3)","decl":{"start":{"line":22,"column":25},"end":{"line":22,"column":26}},"loc":{"start":{"line":22,"column":34},"end":{"line":29,"column":9}},"line":22},"4":{"name":"(anonymous_4)","decl":{"start":{"line":33,"column":23},"end":{"line":33,"column":24}},"loc":{"start":{"line":33,"column":43},"end":{"line":37,"column":1}},"line":33},"5":{"name":"(anonymous_5)","decl":{"start":{"line":40,"column":20},"end":{"line":40,"column":21}},"loc":{"start":{"line":40,"column":40},"end":{"line":53,"column":1}},"line":40}},"branchMap":{"0":{"loc":{"start":{"line":16,"column":4},"end":{"line":19,"column":5}},"type":"if","locations":[{"start":{"line":16,"column":4},"end":{"line":19,"column":5}},{"start":{"line":16,"column":4},"end":{"line":19,"column":5}}],"line":16},"1":{"loc":{"start":{"line":23,"column":12},"end":{"line":28,"column":13}},"type":"if","locations":[{"start":{"line":23,"column":12},"end":{"line":28,"column":13}},{"start":{"line":23,"column":12},"end":{"line":28,"column":13}}],"line":23},"2":{"loc":{"start":{"line":42,"column":4},"end":{"line":45,"column":5}},"type":"if","locations":[{"start":{"line":42,"column":4},"end":{"line":45,"column":5}},{"start":{"line":42,"column":4},"end":{"line":45,"column":5}}],"line":42}},"s":{"0":6,"1":6,"2":6,"3":6,"4":6,"5":3,"6":6,"7":11,"8":11,"9":2,"10":2,"11":9,"12":9,"13":9,"14":0,"15":9,"16":6,"17":3,"18":3,"19":6,"20":9,"21":4,"22":4,"23":5,"24":6},"f":{"0":3,"1":11,"2":9,"3":9,"4":3,"5":9},"b":{"0":[2,9],"1":[0,9],"2":[4,5]},"_coverageSchema":"43e27e138ebf9cfc5966b082cf9a028302ed4184","hash":"aa3e757f5f245d8add67619c9377bf83a2dd4170"}
}
