TN:
SF:B:\OneDrive\Documents\Skole\4.semester\Webutvikling og API design\kontExam\src\client\auction_bid.jsx
FN:8,(anonymous_0)
FN:26,(anonymous_1)
FN:51,(anonymous_2)
FN:56,(anonymous_3)
FNF:4
FNH:2
FNDA:1,(anonymous_0)
FNDA:0,(anonymous_1)
FNDA:0,(anonymous_2)
FNDA:1,(anonymous_3)
DA:9,1
DA:11,1
DA:21,1
DA:26,1
DA:27,0
DA:29,0
DA:30,0
DA:40,0
DA:41,0
DA:43,0
DA:46,0
DA:51,1
DA:52,0
DA:59,1
LF:14
LH:6
BRDA:12,0,0,0
BRDA:12,0,1,1
BRDA:13,1,0,0
BRDA:13,1,1,1
BRDA:14,2,0,0
BRDA:14,2,1,1
BRDA:15,3,0,0
BRDA:15,3,1,1
BRDA:16,4,0,0
BRDA:16,4,1,1
BRDA:17,5,0,0
BRDA:17,5,1,1
BRDA:18,6,0,0
BRDA:18,6,1,1
BRDA:21,7,0,0
BRDA:21,7,1,1
BRDA:29,8,0,0
BRDA:29,8,1,0
BRDA:40,9,0,0
BRDA:40,9,1,0
BRF:20
BRH:8
end_of_record
TN:
SF:B:\OneDrive\Documents\Skole\4.semester\Webutvikling og API design\kontExam\src\client\auction_item.jsx
FN:7,(anonymous_0)
FN:24,(anonymous_1)
FN:44,(anonymous_2)
FN:48,(anonymous_3)
FN:52,(anonymous_4)
FN:57,(anonymous_5)
FNF:6
FNH:0
FNDA:0,(anonymous_0)
FNDA:0,(anonymous_1)
FNDA:0,(anonymous_2)
FNDA:0,(anonymous_3)
FNDA:0,(anonymous_4)
FNDA:0,(anonymous_5)
DA:8,0
DA:10,0
DA:19,0
DA:24,0
DA:25,0
DA:27,0
DA:36,0
DA:37,0
DA:39,0
DA:44,0
DA:45,0
DA:48,0
DA:49,0
DA:52,0
DA:53,0
DA:59,0
LF:16
LH:0
BRDA:11,0,0,0
BRDA:11,0,1,0
BRDA:12,1,0,0
BRDA:12,1,1,0
BRDA:13,2,0,0
BRDA:13,2,1,0
BRDA:14,3,0,0
BRDA:14,3,1,0
BRDA:15,4,0,0
BRDA:15,4,1,0
BRDA:16,5,0,0
BRDA:16,5,1,0
BRDA:19,6,0,0
BRDA:19,6,1,0
BRDA:36,7,0,0
BRDA:36,7,1,0
BRF:16
BRH:0
end_of_record
TN:
SF:B:\OneDrive\Documents\Skole\4.semester\Webutvikling og API design\kontExam\src\client\auctions.jsx
FN:13,(anonymous_0)
FN:22,(anonymous_1)
FN:31,(anonymous_2)
FN:62,(anonymous_3)
FN:84,(anonymous_4)
FN:115,(anonymous_5)
FN:142,(anonymous_6)
FN:163,(anonymous_7)
FN:164,(anonymous_8)
FNF:9
FNH:5
FNDA:2,(anonymous_0)
FNDA:2,(anonymous_1)
FNDA:2,(anonymous_2)
FNDA:0,(anonymous_3)
FNDA:0,(anonymous_4)
FNDA:4,(anonymous_5)
FNDA:4,(anonymous_6)
FNDA:0,(anonymous_7)
FNDA:0,(anonymous_8)
DA:14,2
DA:16,2
DA:24,2
DA:25,0
DA:28,2
DA:32,2
DA:37,2
DA:38,2
DA:39,2
DA:41,0
DA:45,0
DA:48,2
DA:49,2
DA:54,0
DA:62,2
DA:63,0
DA:67,0
DA:68,0
DA:70,0
DA:71,0
DA:74,0
DA:75,0
DA:76,0
DA:79,0
DA:81,0
DA:84,2
DA:85,0
DA:86,0
DA:87,0
DA:89,0
DA:91,0
DA:95,0
DA:96,0
DA:104,0
DA:107,0
DA:110,0
DA:117,4
DA:118,4
DA:124,4
DA:125,0
DA:126,4
DA:127,2
DA:129,2
DA:143,4
DA:163,0
DA:164,0
DA:185,4
LF:47
LH:20
BRDA:24,0,0,0
BRDA:24,0,1,2
BRDA:48,1,0,2
BRDA:48,1,1,0
BRDA:74,2,0,0
BRDA:74,2,1,0
BRDA:86,3,0,0
BRDA:86,3,1,0
BRDA:118,4,0,4
BRDA:118,4,1,4
BRDA:124,5,0,0
BRDA:124,5,1,4
BRDA:126,6,0,2
BRDA:126,6,1,2
BRDA:126,7,0,4
BRDA:126,7,1,2
BRDA:148,8,0,2
BRDA:148,8,1,2
BRDA:154,9,0,0
BRDA:154,9,1,4
BRDA:156,10,0,0
BRDA:156,10,1,0
BRDA:156,10,2,0
BRDA:161,11,0,0
BRDA:161,11,1,0
BRDA:188,12,0,0
BRDA:188,12,1,4
BRF:27
BRH:13
end_of_record
TN:
SF:B:\OneDrive\Documents\Skole\4.semester\Webutvikling og API design\kontExam\src\client\bid.jsx
FN:8,(anonymous_0)
FN:25,(anonymous_1)
FN:35,(anonymous_2)
FN:68,(anonymous_3)
FN:91,(anonymous_4)
FNF:5
FNH:0
FNDA:0,(anonymous_0)
FNDA:0,(anonymous_1)
FNDA:0,(anonymous_2)
FNDA:0,(anonymous_3)
FNDA:0,(anonymous_4)
DA:9,0
DA:12,0
DA:17,0
DA:19,0
DA:20,0
DA:26,0
DA:27,0
DA:30,0
DA:31,0
DA:37,0
DA:42,0
DA:43,0
DA:44,0
DA:46,0
DA:50,0
DA:53,0
DA:54,0
DA:59,0
DA:68,0
DA:69,0
DA:71,0
DA:75,0
DA:76,0
DA:84,0
DA:87,0
DA:92,0
DA:93,0
DA:95,0
DA:96,0
DA:103,0
DA:104,0
DA:111,0
LF:32
LH:0
BRDA:19,0,0,0
BRDA:19,0,1,0
BRDA:26,1,0,0
BRDA:26,1,1,0
BRDA:30,2,0,0
BRDA:30,2,1,0
BRDA:53,3,0,0
BRDA:53,3,1,0
BRDA:93,4,0,0
BRDA:93,4,1,0
BRDA:95,5,0,0
BRDA:95,5,1,0
BRDA:103,6,0,0
BRDA:103,6,1,0
BRDA:113,7,0,0
BRDA:113,7,1,0
BRF:16
BRH:0
end_of_record
TN:
SF:B:\OneDrive\Documents\Skole\4.semester\Webutvikling og API design\kontExam\src\client\create.jsx
FN:10,(anonymous_0)
FN:14,(anonymous_1)
FN:20,(anonymous_2)
FN:43,(anonymous_3)
FNF:4
FNH:0
FNDA:0,(anonymous_0)
FNDA:0,(anonymous_1)
FNDA:0,(anonymous_2)
FNDA:0,(anonymous_3)
DA:11,0
DA:15,0
DA:16,0
DA:20,0
DA:21,0
DA:23,0
DA:27,0
DA:28,0
DA:36,0
DA:39,0
DA:44,0
DA:45,0
DA:47,0
LF:13
LH:0
BRDA:15,0,0,0
BRDA:15,0,1,0
BRDA:45,1,0,0
BRDA:45,1,1,0
BRDA:49,2,0,0
BRDA:49,2,1,0
BRF:6
BRH:0
end_of_record
TN:
SF:B:\OneDrive\Documents\Skole\4.semester\Webutvikling og API design\kontExam\src\client\headerbar.jsx
FN:7,(anonymous_0)
FN:11,(anonymous_1)
FN:32,(anonymous_2)
FN:46,(anonymous_3)
FN:62,(anonymous_4)
FNF:5
FNH:5
FNDA:3,(anonymous_0)
FNDA:1,(anonymous_1)
FNDA:2,(anonymous_2)
FNDA:1,(anonymous_3)
FNDA:3,(anonymous_4)
DA:8,3
DA:11,3
DA:12,1
DA:16,1
DA:17,1
DA:19,0
DA:20,0
DA:23,1
DA:24,0
DA:25,0
DA:28,1
DA:29,1
DA:33,2
DA:47,1
DA:63,3
DA:66,3
DA:67,1
DA:69,2
DA:72,3
LF:19
LH:15
BRDA:23,0,0,0
BRDA:23,0,1,1
BRDA:66,1,0,1
BRDA:66,1,1,2
BRF:4
BRH:3
end_of_record
TN:
SF:B:\OneDrive\Documents\Skole\4.semester\Webutvikling og API design\kontExam\src\client\home.jsx
FN:7,(anonymous_0)
FN:15,(anonymous_1)
FN:24,(anonymous_2)
FNF:3
FNH:3
FNDA:2,(anonymous_0)
FNDA:2,(anonymous_1)
FNDA:2,(anonymous_2)
DA:8,2
DA:10,2
DA:16,2
DA:17,1
DA:26,2
DA:28,2
LF:6
LH:6
BRDA:16,0,0,1
BRDA:16,0,1,1
BRDA:42,1,0,1
BRDA:42,1,1,1
BRF:4
BRH:4
end_of_record
TN:
SF:B:\OneDrive\Documents\Skole\4.semester\Webutvikling og API design\kontExam\src\client\index.jsx
FN:17,(anonymous_0)
FN:25,(anonymous_1)
FN:30,(anonymous_2)
FN:35,(anonymous_3)
FN:64,(anonymous_4)
FN:68,(anonymous_5)
FN:79,(anonymous_6)
FN:89,(anonymous_7)
FN:91,(anonymous_8)
FN:95,(anonymous_9)
FN:102,(anonymous_10)
FN:106,(anonymous_11)
FN:111,(anonymous_12)
FNF:13
FNH:0
FNDA:0,(anonymous_0)
FNDA:0,(anonymous_1)
FNDA:0,(anonymous_2)
FNDA:0,(anonymous_3)
FNDA:0,(anonymous_4)
FNDA:0,(anonymous_5)
FNDA:0,(anonymous_6)
FNDA:0,(anonymous_7)
FNDA:0,(anonymous_8)
FNDA:0,(anonymous_9)
FNDA:0,(anonymous_10)
FNDA:0,(anonymous_11)
FNDA:0,(anonymous_12)
DA:18,0
DA:20,0
DA:26,0
DA:31,0
DA:35,0
DA:37,0
DA:41,0
DA:42,0
DA:46,0
DA:47,0
DA:50,0
DA:52,0
DA:53,0
DA:56,0
DA:59,0
DA:60,0
DA:64,0
DA:65,0
DA:69,0
DA:80,0
DA:82,0
DA:89,0
DA:91,0
DA:95,0
DA:102,0
DA:106,0
DA:111,0
DA:124,0
LF:28
LH:0
BRDA:50,0,0,0
BRDA:50,0,1,0
BRDA:56,1,0,0
BRDA:56,1,1,0
BRDA:80,2,0,0
BRDA:80,2,1,0
BRF:6
BRH:0
end_of_record
TN:
SF:B:\OneDrive\Documents\Skole\4.semester\Webutvikling og API design\kontExam\src\client\login.jsx
FN:9,(anonymous_0)
FN:19,(anonymous_1)
FN:23,(anonymous_2)
FN:27,(anonymous_3)
FN:66,(anonymous_4)
FNF:5
FNH:5
FNDA:2,(anonymous_0)
FNDA:2,(anonymous_1)
FNDA:2,(anonymous_2)
FNDA:2,(anonymous_3)
FNDA:8,(anonymous_4)
DA:10,2
DA:12,2
DA:19,2
DA:20,2
DA:23,2
DA:24,2
DA:27,2
DA:28,2
DA:30,2
DA:32,2
DA:36,2
DA:37,2
DA:45,0
DA:46,0
DA:50,2
DA:51,1
DA:52,1
DA:55,1
DA:56,0
DA:57,0
DA:60,1
DA:61,1
DA:62,1
DA:68,8
DA:69,8
DA:70,1
DA:74,8
LF:27
LH:23
BRDA:50,0,0,1
BRDA:50,0,1,1
BRDA:55,1,0,0
BRDA:55,1,1,1
BRDA:69,2,0,1
BRDA:69,2,1,7
BRF:6
BRH:5
end_of_record
TN:
SF:B:\OneDrive\Documents\Skole\4.semester\Webutvikling og API design\kontExam\src\client\signup.jsx
FN:7,(anonymous_0)
FN:18,(anonymous_1)
FN:22,(anonymous_2)
FN:26,(anonymous_3)
FN:30,(anonymous_4)
FN:74,(anonymous_5)
FNF:6
FNH:6
FNDA:3,(anonymous_0)
FNDA:3,(anonymous_1)
FNDA:3,(anonymous_2)
FNDA:3,(anonymous_3)
FNDA:3,(anonymous_4)
FNDA:15,(anonymous_5)
DA:8,3
DA:10,3
DA:18,3
DA:19,3
DA:22,3
DA:23,3
DA:26,3
DA:27,3
DA:30,3
DA:32,3
DA:34,3
DA:35,1
DA:36,1
DA:39,2
DA:41,2
DA:45,2
DA:46,2
DA:54,0
DA:55,0
DA:59,2
DA:60,1
DA:61,1
DA:64,1
DA:65,0
DA:66,0
DA:69,1
DA:70,1
DA:71,1
DA:76,15
DA:77,15
DA:78,2
DA:81,15
DA:82,15
DA:83,5
DA:86,15
LF:35
LH:31
BRDA:34,0,0,1
BRDA:34,0,1,2
BRDA:59,1,0,1
BRDA:59,1,1,1
BRDA:64,2,0,0
BRDA:64,2,1,1
BRDA:77,3,0,2
BRDA:77,3,1,13
BRDA:82,4,0,5
BRDA:82,4,1,10
BRF:10
BRH:9
end_of_record
TN:
SF:B:\OneDrive\Documents\Skole\4.semester\Webutvikling og API design\kontExam\src\server\app.js
FN:35,(anonymous_0)
FN:41,(anonymous_1)
FN:46,(anonymous_2)
FN:58,(anonymous_3)
FN:69,(anonymous_4)
FN:80,(anonymous_5)
FN:98,(anonymous_6)
FN:120,(anonymous_7)
FN:134,(anonymous_8)
FN:138,(anonymous_9)
FN:157,(anonymous_10)
FNF:11
FNH:8
FNDA:0,(anonymous_0)
FNDA:8,(anonymous_1)
FNDA:4,(anonymous_2)
FNDA:3,(anonymous_3)
FNDA:1,(anonymous_4)
FNDA:0,(anonymous_5)
FNDA:0,(anonymous_6)
FNDA:14,(anonymous_7)
FNDA:12,(anonymous_8)
FNDA:8,(anonymous_9)
FNDA:2,(anonymous_10)
DA:4,6
DA:5,6
DA:6,6
DA:7,6
DA:8,6
DA:9,6
DA:10,6
DA:11,6
DA:12,6
DA:13,6
DA:14,6
DA:16,6
DA:17,6
DA:23,6
DA:24,6
DA:25,6
DA:26,6
DA:31,6
DA:35,6
DA:36,0
DA:41,6
DA:43,8
DA:46,6
DA:47,4
DA:49,4
DA:50,1
DA:51,1
DA:53,3
DA:58,6
DA:59,3
DA:60,3
DA:61,3
DA:63,0
DA:66,3
DA:69,6
DA:71,1
DA:73,1
DA:74,1
DA:75,1
DA:76,1
DA:80,6
DA:81,0
DA:82,0
DA:83,0
DA:84,0
DA:87,0
DA:89,0
DA:90,0
DA:92,0
DA:95,0
DA:98,6
DA:99,0
DA:100,0
DA:104,6
DA:112,6
DA:115,6
DA:122,14
DA:124,14
DA:125,2
DA:128,12
DA:129,12
DA:134,6
DA:135,12
DA:138,6
DA:140,8
DA:142,8
DA:143,8
DA:145,0
DA:149,6
DA:150,6
DA:154,6
DA:157,6
DA:158,2
DA:161,6
LF:74
LH:60
BRDA:49,0,0,1
BRDA:49,0,1,3
BRDA:60,1,0,3
BRDA:60,1,1,0
BRDA:81,2,0,0
BRDA:81,2,1,0
BRDA:89,3,0,0
BRDA:89,3,1,0
BRDA:124,4,0,2
BRDA:124,4,1,12
BRDA:142,5,0,8
BRDA:142,5,1,0
BRF:12
BRH:6
end_of_record
TN:
SF:B:\OneDrive\Documents\Skole\4.semester\Webutvikling og API design\kontExam\src\server\server.js
FN:8,(anonymous_0)
FNF:1
FNH:0
FNDA:0,(anonymous_0)
DA:3,0
DA:4,0
DA:6,0
DA:8,0
DA:9,0
DA:10,0
LF:6
LH:0
BRDA:6,0,0,0
BRDA:6,0,1,0
BRF:2
BRH:0
end_of_record
TN:
SF:B:\OneDrive\Documents\Skole\4.semester\Webutvikling og API design\kontExam\src\server\db\auctions.js
FN:8,initWithAuctions
FN:20,createNewAuction
FN:38,deleteAuction
FN:42,getAuction
FN:46,getAllAuctions
FN:50,updateAuction
FNF:6
FNH:5
FNDA:6,initWithAuctions
FNDA:19,createNewAuction
FNDA:3,deleteAuction
FNDA:4,getAuction
FNDA:9,getAllAuctions
FNDA:0,updateAuction
DA:4,6
DA:9,6
DA:10,6
DA:12,6
DA:13,6
DA:14,6
DA:18,6
DA:21,19
DA:22,19
DA:24,19
DA:34,19
DA:35,19
DA:39,3
DA:43,4
DA:47,9
DA:51,0
DA:52,0
DA:55,0
DA:56,0
DA:59,6
LF:20
LH:16
BRDA:51,0,0,0
BRDA:51,0,1,0
BRF:2
BRH:0
end_of_record
TN:
SF:B:\OneDrive\Documents\Skole\4.semester\Webutvikling og API design\kontExam\src\server\db\users.js
FN:7,getUser
FN:13,verifyUser
FN:25,createUser
FN:45,resetAllUsers
FNF:4
FNH:4
FNDA:73,getUser
FNDA:14,verifyUser
FNDA:37,createUser
FNDA:14,resetAllUsers
DA:3,6
DA:9,73
DA:15,14
DA:17,14
DA:18,2
DA:21,12
DA:24,6
DA:28,37
DA:29,2
DA:32,35
DA:37,35
DA:40,35
DA:41,35
DA:46,14
DA:53,6
LF:15
LH:15
BRDA:17,0,0,2
BRDA:17,0,1,12
BRDA:28,1,0,2
BRDA:28,1,1,35
BRF:4
BRH:4
end_of_record
TN:
SF:B:\OneDrive\Documents\Skole\4.semester\Webutvikling og API design\kontExam\src\server\routes\auth-api.js
FN:9,(anonymous_0)
FN:14,(anonymous_1)
FN:23,(anonymous_2)
FN:24,(anonymous_3)
FN:35,(anonymous_4)
FN:42,(anonymous_5)
FNF:6
FNH:6
FNDA:3,(anonymous_0)
FNDA:11,(anonymous_1)
FNDA:9,(anonymous_2)
FNDA:9,(anonymous_3)
FNDA:3,(anonymous_4)
FNDA:9,(anonymous_5)
DA:3,6
DA:4,6
DA:5,6
DA:7,6
DA:9,6
DA:11,3
DA:14,6
DA:16,11
DA:18,11
DA:19,2
DA:20,2
DA:23,9
DA:24,9
DA:25,9
DA:27,0
DA:29,9
DA:35,6
DA:37,3
DA:38,3
DA:42,6
DA:44,9
DA:45,4
DA:46,4
DA:49,5
DA:61,6
LF:25
LH:24
BRDA:18,0,0,2
BRDA:18,0,1,9
BRDA:25,1,0,0
BRDA:25,1,1,9
BRDA:44,2,0,4
BRDA:44,2,1,5
BRF:6
BRH:5
end_of_record
