TN:
SF:B:\OneDrive\Documents\Skole\4.semester\Webutvikling og API design\kontExam\src\client\auction_bid.jsx
FN:5,(anonymous_0)
FN:20,(anonymous_1)
FN:43,(anonymous_2)
FN:48,(anonymous_3)
FNF:4
FNH:0
FNDA:0,(anonymous_0)
FNDA:0,(anonymous_1)
FNDA:0,(anonymous_2)
FNDA:0,(anonymous_3)
DA:6,0
DA:8,0
DA:15,0
DA:20,0
DA:21,0
DA:23,0
DA:24,0
DA:32,0
DA:33,0
DA:35,0
DA:38,0
DA:43,0
DA:44,0
DA:51,0
LF:14
LH:0
BRDA:9,0,0,0
BRDA:9,0,1,0
BRDA:10,1,0,0
BRDA:10,1,1,0
BRDA:11,2,0,0
BRDA:11,2,1,0
BRDA:12,3,0,0
BRDA:12,3,1,0
BRDA:15,4,0,0
BRDA:15,4,1,0
BRDA:23,5,0,0
BRDA:23,5,1,0
BRDA:23,6,0,0
BRDA:23,6,1,0
BRDA:32,7,0,0
BRDA:32,7,1,0
BRF:16
BRH:0
end_of_record
TN:
SF:B:\OneDrive\Documents\Skole\4.semester\Webutvikling og API design\kontExam\src\client\auction_item.jsx
FN:5,(anonymous_0)
FN:22,(anonymous_1)
FN:42,(anonymous_2)
FN:46,(anonymous_3)
FN:50,(anonymous_4)
FN:55,(anonymous_5)
FNF:6
FNH:1
FNDA:2,(anonymous_0)
FNDA:0,(anonymous_1)
FNDA:0,(anonymous_2)
FNDA:0,(anonymous_3)
FNDA:0,(anonymous_4)
FNDA:0,(anonymous_5)
DA:6,2
DA:8,2
DA:17,0
DA:22,2
DA:23,0
DA:25,0
DA:34,0
DA:35,0
DA:37,0
DA:42,2
DA:43,0
DA:46,2
DA:47,0
DA:50,2
DA:51,0
DA:57,0
LF:16
LH:6
BRDA:9,0,0,0
BRDA:9,0,1,2
BRDA:10,1,0,0
BRDA:10,1,1,2
BRDA:11,2,0,0
BRDA:11,2,1,2
BRDA:12,3,0,0
BRDA:12,3,1,2
BRDA:13,4,0,0
BRDA:13,4,1,2
BRDA:14,5,0,0
BRDA:14,5,1,0
BRDA:17,6,0,0
BRDA:17,6,1,0
BRDA:34,7,0,0
BRDA:34,7,1,0
BRF:16
BRH:5
end_of_record
TN:
SF:B:\OneDrive\Documents\Skole\4.semester\Webutvikling og API design\kontExam\src\client\auctions.jsx
FN:10,(anonymous_0)
FN:19,(anonymous_1)
FN:28,(anonymous_2)
FN:59,(anonymous_3)
FN:81,(anonymous_4)
FN:112,(anonymous_5)
FN:139,(anonymous_6)
FN:160,(anonymous_7)
FN:161,(anonymous_8)
FNF:9
FNH:5
FNDA:2,(anonymous_0)
FNDA:2,(anonymous_1)
FNDA:2,(anonymous_2)
FNDA:0,(anonymous_3)
FNDA:0,(anonymous_4)
FNDA:4,(anonymous_5)
FNDA:4,(anonymous_6)
FNDA:0,(anonymous_7)
FNDA:0,(anonymous_8)
DA:11,2
DA:13,2
DA:21,2
DA:22,0
DA:25,2
DA:29,2
DA:34,2
DA:35,2
DA:36,2
DA:38,0
DA:42,0
DA:45,2
DA:46,2
DA:51,0
DA:59,2
DA:60,0
DA:64,0
DA:65,0
DA:67,0
DA:68,0
DA:71,0
DA:72,0
DA:73,0
DA:76,0
DA:78,0
DA:81,2
DA:82,0
DA:83,0
DA:84,0
DA:86,0
DA:88,0
DA:92,0
DA:93,0
DA:101,0
DA:104,0
DA:107,0
DA:114,4
DA:115,4
DA:121,4
DA:122,0
DA:123,4
DA:124,2
DA:126,2
DA:140,4
DA:160,0
DA:161,0
DA:182,4
LF:47
LH:20
BRDA:21,0,0,0
BRDA:21,0,1,2
BRDA:45,1,0,2
BRDA:45,1,1,0
BRDA:71,2,0,0
BRDA:71,2,1,0
BRDA:83,3,0,0
BRDA:83,3,1,0
BRDA:115,4,0,4
BRDA:115,4,1,4
BRDA:121,5,0,0
BRDA:121,5,1,4
BRDA:123,6,0,2
BRDA:123,6,1,2
BRDA:123,7,0,4
BRDA:123,7,1,2
BRDA:145,8,0,2
BRDA:145,8,1,2
BRDA:151,9,0,0
BRDA:151,9,1,4
BRDA:153,10,0,0
BRDA:153,10,1,0
BRDA:153,10,2,0
BRDA:158,11,0,0
BRDA:158,11,1,0
BRDA:185,12,0,0
BRDA:185,12,1,4
BRF:27
BRH:13
end_of_record
TN:
SF:B:\OneDrive\Documents\Skole\4.semester\Webutvikling og API design\kontExam\src\client\bid.jsx
FN:6,(anonymous_0)
FN:23,(anonymous_1)
FN:33,(anonymous_2)
FN:66,(anonymous_3)
FN:89,(anonymous_4)
FNF:5
FNH:0
FNDA:0,(anonymous_0)
FNDA:0,(anonymous_1)
FNDA:0,(anonymous_2)
FNDA:0,(anonymous_3)
FNDA:0,(anonymous_4)
DA:7,0
DA:10,0
DA:15,0
DA:17,0
DA:18,0
DA:24,0
DA:25,0
DA:28,0
DA:29,0
DA:35,0
DA:40,0
DA:41,0
DA:42,0
DA:44,0
DA:48,0
DA:51,0
DA:52,0
DA:57,0
DA:66,0
DA:67,0
DA:69,0
DA:73,0
DA:74,0
DA:82,0
DA:85,0
DA:90,0
DA:91,0
DA:93,0
DA:94,0
DA:101,0
DA:102,0
DA:109,0
LF:32
LH:0
BRDA:17,0,0,0
BRDA:17,0,1,0
BRDA:24,1,0,0
BRDA:24,1,1,0
BRDA:28,2,0,0
BRDA:28,2,1,0
BRDA:51,3,0,0
BRDA:51,3,1,0
BRDA:91,4,0,0
BRDA:91,4,1,0
BRDA:93,5,0,0
BRDA:93,5,1,0
BRDA:101,6,0,0
BRDA:101,6,1,0
BRDA:111,7,0,0
BRDA:111,7,1,0
BRF:16
BRH:0
end_of_record
TN:
SF:B:\OneDrive\Documents\Skole\4.semester\Webutvikling og API design\kontExam\src\client\create.jsx
FN:6,(anonymous_0)
FN:10,(anonymous_1)
FN:16,(anonymous_2)
FN:39,(anonymous_3)
FNF:4
FNH:0
FNDA:0,(anonymous_0)
FNDA:0,(anonymous_1)
FNDA:0,(anonymous_2)
FNDA:0,(anonymous_3)
DA:7,0
DA:11,0
DA:12,0
DA:16,0
DA:17,0
DA:19,0
DA:23,0
DA:24,0
DA:32,0
DA:35,0
DA:40,0
DA:41,0
DA:43,0
LF:13
LH:0
BRDA:11,0,0,0
BRDA:11,0,1,0
BRDA:41,1,0,0
BRDA:41,1,1,0
BRDA:45,2,0,0
BRDA:45,2,1,0
BRF:6
BRH:0
end_of_record
TN:
SF:B:\OneDrive\Documents\Skole\4.semester\Webutvikling og API design\kontExam\src\client\headerbar.jsx
FN:6,(anonymous_0)
FN:10,(anonymous_1)
FN:31,(anonymous_2)
FN:45,(anonymous_3)
FN:61,(anonymous_4)
FNF:5
FNH:5
FNDA:3,(anonymous_0)
FNDA:1,(anonymous_1)
FNDA:2,(anonymous_2)
FNDA:1,(anonymous_3)
FNDA:3,(anonymous_4)
DA:7,3
DA:10,3
DA:11,1
DA:15,1
DA:16,1
DA:18,0
DA:19,0
DA:22,1
DA:23,0
DA:24,0
DA:27,1
DA:28,1
DA:32,2
DA:46,1
DA:62,3
DA:65,3
DA:66,1
DA:68,2
DA:71,3
LF:19
LH:15
BRDA:22,0,0,0
BRDA:22,0,1,1
BRDA:65,1,0,1
BRDA:65,1,1,2
BRF:4
BRH:3
end_of_record
TN:
SF:B:\OneDrive\Documents\Skole\4.semester\Webutvikling og API design\kontExam\src\client\home.jsx
FN:6,(anonymous_0)
FN:14,(anonymous_1)
FN:23,(anonymous_2)
FNF:3
FNH:3
FNDA:2,(anonymous_0)
FNDA:2,(anonymous_1)
FNDA:2,(anonymous_2)
DA:7,2
DA:9,2
DA:15,2
DA:16,1
DA:25,2
DA:27,2
LF:6
LH:6
BRDA:15,0,0,1
BRDA:15,0,1,1
BRDA:41,1,0,1
BRDA:41,1,1,1
BRF:4
BRH:4
end_of_record
TN:
SF:B:\OneDrive\Documents\Skole\4.semester\Webutvikling og API design\kontExam\src\client\index.jsx
FN:16,(anonymous_0)
FN:24,(anonymous_1)
FN:29,(anonymous_2)
FN:34,(anonymous_3)
FN:63,(anonymous_4)
FN:67,(anonymous_5)
FN:78,(anonymous_6)
FN:88,(anonymous_7)
FN:90,(anonymous_8)
FN:94,(anonymous_9)
FN:101,(anonymous_10)
FN:105,(anonymous_11)
FN:110,(anonymous_12)
FNF:13
FNH:0
FNDA:0,(anonymous_0)
FNDA:0,(anonymous_1)
FNDA:0,(anonymous_2)
FNDA:0,(anonymous_3)
FNDA:0,(anonymous_4)
FNDA:0,(anonymous_5)
FNDA:0,(anonymous_6)
FNDA:0,(anonymous_7)
FNDA:0,(anonymous_8)
FNDA:0,(anonymous_9)
FNDA:0,(anonymous_10)
FNDA:0,(anonymous_11)
FNDA:0,(anonymous_12)
DA:17,0
DA:19,0
DA:25,0
DA:30,0
DA:34,0
DA:36,0
DA:40,0
DA:41,0
DA:45,0
DA:46,0
DA:49,0
DA:51,0
DA:52,0
DA:55,0
DA:58,0
DA:59,0
DA:63,0
DA:64,0
DA:68,0
DA:79,0
DA:81,0
DA:88,0
DA:90,0
DA:94,0
DA:101,0
DA:105,0
DA:110,0
DA:123,0
LF:28
LH:0
BRDA:49,0,0,0
BRDA:49,0,1,0
BRDA:55,1,0,0
BRDA:55,1,1,0
BRDA:79,2,0,0
BRDA:79,2,1,0
BRF:6
BRH:0
end_of_record
TN:
SF:B:\OneDrive\Documents\Skole\4.semester\Webutvikling og API design\kontExam\src\client\login.jsx
FN:7,(anonymous_0)
FN:17,(anonymous_1)
FN:21,(anonymous_2)
FN:25,(anonymous_3)
FN:64,(anonymous_4)
FNF:5
FNH:5
FNDA:2,(anonymous_0)
FNDA:2,(anonymous_1)
FNDA:2,(anonymous_2)
FNDA:2,(anonymous_3)
FNDA:8,(anonymous_4)
DA:8,2
DA:10,2
DA:17,2
DA:18,2
DA:21,2
DA:22,2
DA:25,2
DA:26,2
DA:28,2
DA:30,2
DA:34,2
DA:35,2
DA:43,0
DA:44,0
DA:48,2
DA:49,1
DA:50,1
DA:53,1
DA:54,0
DA:55,0
DA:58,1
DA:59,1
DA:60,1
DA:66,8
DA:67,8
DA:68,1
DA:72,8
LF:27
LH:23
BRDA:48,0,0,1
BRDA:48,0,1,1
BRDA:53,1,0,0
BRDA:53,1,1,1
BRDA:67,2,0,1
BRDA:67,2,1,7
BRF:6
BRH:5
end_of_record
TN:
SF:B:\OneDrive\Documents\Skole\4.semester\Webutvikling og API design\kontExam\src\client\signup.jsx
FN:6,(anonymous_0)
FN:17,(anonymous_1)
FN:21,(anonymous_2)
FN:25,(anonymous_3)
FN:29,(anonymous_4)
FN:73,(anonymous_5)
FNF:6
FNH:6
FNDA:3,(anonymous_0)
FNDA:3,(anonymous_1)
FNDA:3,(anonymous_2)
FNDA:3,(anonymous_3)
FNDA:3,(anonymous_4)
FNDA:15,(anonymous_5)
DA:7,3
DA:9,3
DA:17,3
DA:18,3
DA:21,3
DA:22,3
DA:25,3
DA:26,3
DA:29,3
DA:31,3
DA:33,3
DA:34,1
DA:35,1
DA:38,2
DA:40,2
DA:44,2
DA:45,2
DA:53,0
DA:54,0
DA:58,2
DA:59,1
DA:60,1
DA:63,1
DA:64,0
DA:65,0
DA:68,1
DA:69,1
DA:70,1
DA:75,15
DA:76,15
DA:77,2
DA:80,15
DA:81,15
DA:82,5
DA:85,15
LF:35
LH:31
BRDA:33,0,0,1
BRDA:33,0,1,2
BRDA:58,1,0,1
BRDA:58,1,1,1
BRDA:63,2,0,0
BRDA:63,2,1,1
BRDA:76,3,0,2
BRDA:76,3,1,13
BRDA:81,4,0,5
BRDA:81,4,1,10
BRF:10
BRH:9
end_of_record
TN:
SF:B:\OneDrive\Documents\Skole\4.semester\Webutvikling og API design\kontExam\src\server\app.js
FN:32,(anonymous_0)
FN:38,(anonymous_1)
FN:43,(anonymous_2)
FN:55,(anonymous_3)
FN:66,(anonymous_4)
FN:77,(anonymous_5)
FN:95,(anonymous_6)
FN:106,(anonymous_7)
FN:113,(anonymous_8)
FN:120,(anonymous_9)
FN:139,(anonymous_10)
FN:150,clearMessages
FN:173,(anonymous_12)
FN:187,(anonymous_13)
FN:191,(anonymous_14)
FN:210,(anonymous_15)
FNF:16
FNH:8
FNDA:0,(anonymous_0)
FNDA:8,(anonymous_1)
FNDA:4,(anonymous_2)
FNDA:3,(anonymous_3)
FNDA:1,(anonymous_4)
FNDA:0,(anonymous_5)
FNDA:0,(anonymous_6)
FNDA:0,(anonymous_7)
FNDA:0,(anonymous_8)
FNDA:0,(anonymous_9)
FNDA:0,(anonymous_10)
FNDA:0,clearMessages
FNDA:14,(anonymous_12)
FNDA:12,(anonymous_13)
FNDA:8,(anonymous_14)
FNDA:2,(anonymous_15)
DA:1,6
DA:2,6
DA:3,6
DA:4,6
DA:5,6
DA:6,6
DA:7,6
DA:8,6
DA:9,6
DA:10,6
DA:11,6
DA:13,6
DA:14,6
DA:20,6
DA:21,6
DA:22,6
DA:23,6
DA:28,6
DA:32,6
DA:33,0
DA:38,6
DA:40,8
DA:43,6
DA:44,4
DA:46,4
DA:47,1
DA:48,1
DA:50,3
DA:55,6
DA:56,3
DA:57,3
DA:58,3
DA:60,0
DA:63,3
DA:66,6
DA:68,1
DA:70,1
DA:71,1
DA:72,1
DA:73,1
DA:77,6
DA:78,0
DA:79,0
DA:80,0
DA:81,0
DA:84,0
DA:86,0
DA:87,0
DA:89,0
DA:92,0
DA:95,6
DA:96,0
DA:97,0
DA:102,6
DA:104,6
DA:106,6
DA:108,0
DA:110,0
DA:112,0
DA:113,0
DA:115,0
DA:120,6
DA:122,0
DA:124,0
DA:126,0
DA:129,0
DA:133,0
DA:134,0
DA:136,0
DA:137,0
DA:139,0
DA:140,0
DA:141,0
DA:142,0
DA:143,0
DA:145,0
DA:152,0
DA:157,6
DA:165,6
DA:168,6
DA:175,14
DA:177,14
DA:178,2
DA:181,12
DA:182,12
DA:187,6
DA:188,12
DA:191,6
DA:193,8
DA:195,8
DA:196,8
DA:198,0
DA:202,6
DA:203,6
DA:207,6
DA:210,6
DA:211,2
DA:214,6
LF:98
LH:64
BRDA:46,0,0,1
BRDA:46,0,1,3
BRDA:57,1,0,3
BRDA:57,1,1,0
BRDA:78,2,0,0
BRDA:78,2,1,0
BRDA:86,3,0,0
BRDA:86,3,1,0
BRDA:112,4,0,0
BRDA:112,4,1,0
BRDA:140,5,0,0
BRDA:140,5,1,0
BRDA:177,6,0,2
BRDA:177,6,1,12
BRDA:195,7,0,8
BRDA:195,7,1,0
BRF:16
BRH:6
end_of_record
TN:
SF:B:\OneDrive\Documents\Skole\4.semester\Webutvikling og API design\kontExam\src\server\server.js
FN:6,(anonymous_0)
FNF:1
FNH:0
FNDA:0,(anonymous_0)
DA:1,0
DA:2,0
DA:4,0
DA:6,0
DA:7,0
DA:8,0
LF:6
LH:0
BRDA:4,0,0,0
BRDA:4,0,1,0
BRF:2
BRH:0
end_of_record
TN:
SF:B:\OneDrive\Documents\Skole\4.semester\Webutvikling og API design\kontExam\src\server\db\auctions.js
FN:7,initWithAuctions
FN:19,createNewAuction
FN:37,deleteAuction
FN:41,getAuction
FN:45,getAllAuctions
FN:49,updateAuction
FNF:6
FNH:5
FNDA:6,initWithAuctions
FNDA:19,createNewAuction
FNDA:3,deleteAuction
FNDA:4,getAuction
FNDA:9,getAllAuctions
FNDA:0,updateAuction
DA:3,6
DA:8,6
DA:9,6
DA:11,6
DA:12,6
DA:13,6
DA:17,6
DA:20,19
DA:21,19
DA:23,19
DA:33,19
DA:34,19
DA:38,3
DA:42,4
DA:46,9
DA:50,0
DA:51,0
DA:54,0
DA:55,0
DA:58,6
LF:20
LH:16
BRDA:50,0,0,0
BRDA:50,0,1,0
BRF:2
BRH:0
end_of_record
TN:
SF:B:\OneDrive\Documents\Skole\4.semester\Webutvikling og API design\kontExam\src\server\db\users.js
FN:6,getUser
FN:12,verifyUser
FN:24,createUser
FN:44,resetAllUsers
FNF:4
FNH:4
FNDA:73,getUser
FNDA:14,verifyUser
FNDA:37,createUser
FNDA:14,resetAllUsers
DA:2,6
DA:8,73
DA:14,14
DA:16,14
DA:17,2
DA:20,12
DA:23,6
DA:27,37
DA:28,2
DA:31,35
DA:36,35
DA:39,35
DA:40,35
DA:45,14
DA:52,6
LF:15
LH:15
BRDA:16,0,0,2
BRDA:16,0,1,12
BRDA:27,1,0,2
BRDA:27,1,1,35
BRF:4
BRH:4
end_of_record
TN:
SF:B:\OneDrive\Documents\Skole\4.semester\Webutvikling og API design\kontExam\src\server\routes\auth-api.js
FN:7,(anonymous_0)
FN:12,(anonymous_1)
FN:21,(anonymous_2)
FN:22,(anonymous_3)
FN:33,(anonymous_4)
FN:40,(anonymous_5)
FNF:6
FNH:6
FNDA:3,(anonymous_0)
FNDA:11,(anonymous_1)
FNDA:9,(anonymous_2)
FNDA:9,(anonymous_3)
FNDA:3,(anonymous_4)
FNDA:9,(anonymous_5)
DA:1,6
DA:2,6
DA:3,6
DA:5,6
DA:7,6
DA:9,3
DA:12,6
DA:14,11
DA:16,11
DA:17,2
DA:18,2
DA:21,9
DA:22,9
DA:23,9
DA:25,0
DA:27,9
DA:33,6
DA:35,3
DA:36,3
DA:40,6
DA:42,9
DA:43,4
DA:44,4
DA:47,5
DA:59,6
LF:25
LH:24
BRDA:16,0,0,2
BRDA:16,0,1,9
BRDA:23,1,0,0
BRDA:23,1,1,9
BRDA:42,2,0,4
BRDA:42,2,1,5
BRF:6
BRH:5
end_of_record
